<?xml version="1.0" encoding="UTF-8"?>
<!-- Generated by org.testng.reporters.JUnitReportReporter -->
<testsuite name="com.E_GP.QA.AddPackages.TestCases.ApprovedAppAddNewPackageOTMWorksTest" tests="1" time="38.476" ignored="0" failures="0" timestamp="13 Nov 2019 12:23:01 GMT" skipped="0" hostname="Billah-Automation-Laptop" errors="0">
  <testcase name="appePW3AWorkCreationTest" time="38.476" classname="com.E_GP.QA.AddPackages.TestCases.ApprovedAppAddNewPackageOTMWorksTest"/>
</testsuite> <!-- com.E_GP.QA.AddPackages.TestCases.ApprovedAppAddNewPackageOTMWorksTest -->
