<?xml version="1.0" encoding="UTF-8"?>
<!-- Generated by org.testng.reporters.JUnitReportReporter -->
<testsuite hostname="Billah-Automation-Laptop" name="com.E_GP.QA.ReEvaluation.TestCases.ReEvaluationLTMePG2Test" tests="1" failures="0" timestamp="28 Apr 2021 11:51:19 GMT" time="1570.869" errors="0">
  <testcase name="ReEvaluationLTMePG2GoodsTest" time="1570.869" classname="com.E_GP.QA.ReEvaluation.TestCases.ReEvaluationLTMePG2Test"/>
</testsuite> <!-- com.E_GP.QA.ReEvaluation.TestCases.ReEvaluationLTMePG2Test -->
