<?xml version="1.0" encoding="UTF-8"?>
<!-- Generated by org.testng.reporters.JUnitReportReporter -->
<testsuite skipped="0" hostname="Billah-Automation-Laptop" name="com.E_GP.QA.TestCases.CreateTenderOTMePG3GoodsTest" tests="1" failures="0" timestamp="05 Feb 2019 06:37:58 GMT" time="241.482" errors="0">
  <testcase name="RFQTenderGoodsCreationTest" time="241.482" classname="com.E_GP.QA.TestCases.CreateTenderOTMePG3GoodsTest"/>
</testsuite> <!-- com.E_GP.QA.TestCases.CreateTenderOTMePG3GoodsTest -->
