<?xml version="1.0" encoding="UTF-8"?>
<!-- Generated by org.testng.reporters.JUnitReportReporter -->
<testsuite name="com.E_GP.QA.BidEvaluation.TestCases.BidEvaluationOTMePG2Test" tests="1" time="410.275" ignored="0" failures="0" timestamp="07 Aug 2019 06:26:45 GMT" skipped="0" hostname="Billah-Automation-Laptop" errors="0">
  <testcase name="bidEvaluationOTMePG2GoodsTest" time="410.275" classname="com.E_GP.QA.BidEvaluation.TestCases.BidEvaluationOTMePG2Test"/>
</testsuite> <!-- com.E_GP.QA.BidEvaluation.TestCases.BidEvaluationOTMePG2Test -->
