<?xml version="1.0" encoding="UTF-8"?>
<!-- Generated by org.testng.reporters.JUnitReportReporter -->
<testsuite ignored="0" hostname="DESKTOP-F2GSG3S" failures="0" tests="1" name="com.E_GP.QA.ReTender.TestCases.ReTenderLTMePW2bWorksTest" time="89.079" errors="0" timestamp="07 Dec 2021 08:08:57 GMT" skipped="0">
  <testcase classname="com.E_GP.QA.ReTender.TestCases.ReTenderLTMePW2bWorksTest" name="OTMePW2bReTenderWorksTest" time="89.079"/>
</testsuite> <!-- com.E_GP.QA.ReTender.TestCases.ReTenderLTMePW2bWorksTest -->
