<?xml version="1.0" encoding="UTF-8"?>
<!-- Generated by org.testng.reporters.JUnitReportReporter -->
<testsuite hostname="Billah-Automation-Laptop" name="com.E_GP.QA.BidEvaluationIndividual.TestCases.BidEvaluationOSTETMePW3ATest" tests="1" failures="0" timestamp="31 Jan 2021 11:46:54 GMT" time="686.059" errors="0">
  <testcase name="BidEvaluationOSTETMePW3AWorksTest" time="686.059" classname="com.E_GP.QA.BidEvaluationIndividual.TestCases.BidEvaluationOSTETMePW3ATest"/>
</testsuite> <!-- com.E_GP.QA.BidEvaluationIndividual.TestCases.BidEvaluationOSTETMePW3ATest -->
