<?xml version="1.0" encoding="UTF-8"?>
<!-- Generated by org.testng.reporters.JUnitReportReporter -->
<testsuite hostname="Billah-Automation-Laptop" name="com.E_GP.QA.BidEvaluationTeam.TestCases.BidEvaluationDPMePG2Test" tests="1" failures="0" timestamp="19 Aug 2021 06:12:38 GMT" time="925.731" errors="0">
  <testcase name="BidEvaluationDPMePG2GoodsTest" time="925.731" classname="com.E_GP.QA.BidEvaluationTeam.TestCases.BidEvaluationDPMePG2Test"/>
</testsuite> <!-- com.E_GP.QA.BidEvaluationTeam.TestCases.BidEvaluationDPMePG2Test -->
