<?xml version="1.0" encoding="UTF-8"?>
<!-- Generated by org.testng.reporters.JUnitReportReporter -->
<testsuite ignored="0" hostname="DESKTOP-F2GSG3S" failures="0" tests="1" name="com.E_GP.QA.OfflineContractAward.TestCases.CreateOfflineContractAwardTest" time="22.714" errors="0" timestamp="15 Sep 2021 05:37:49 GMT" skipped="0">
  <testcase classname="com.E_GP.QA.OfflineContractAward.TestCases.CreateOfflineContractAwardTest" name="CreateContractAwardOfflineTest" time="22.714"/>
</testsuite> <!-- com.E_GP.QA.OfflineContractAward.TestCases.CreateOfflineContractAwardTest -->
