<?xml version="1.0" encoding="UTF-8"?>
<!-- Generated by org.testng.reporters.JUnitReportReporter -->
<testsuite name="com.E_GP.QA.ApprovedAddPackages.TestCases.MultiThread" tests="1" time="8.592" ignored="0" failures="0" timestamp="19 Nov 2019 06:40:36 GMT" skipped="0" hostname="Billah-Automation-Laptop" errors="0">
  <testcase name="testOnChromeWithBrowserStackUrl" time="8.592" classname="com.E_GP.QA.ApprovedAddPackages.TestCases.MultiThread"/>
</testsuite> <!-- com.E_GP.QA.ApprovedAddPackages.TestCases.MultiThread -->
