<?xml version="1.0" encoding="UTF-8"?>
<!-- Generated by org.testng.reporters.JUnitReportReporter -->
<testsuite ignored="0" hostname="DESKTOP-F2GSG3S" failures="0" tests="1" name="com.E_GP.QA.NOA.TestCases.NotificationOfAwardAllTenderTest" time="41.354" errors="0" timestamp="09 Mar 2022 08:14:18 GMT" skipped="0">
  <testcase classname="com.E_GP.QA.NOA.TestCases.NotificationOfAwardAllTenderTest" name="notificationOfAwardOTMePG3GoodsTest" time="41.354"/>
</testsuite> <!-- com.E_GP.QA.NOA.TestCases.NotificationOfAwardAllTenderTest -->
