<?xml version="1.0" encoding="UTF-8"?>
<!-- Generated by org.testng.reporters.JUnitReportReporter -->
<testsuite skipped="0" hostname="Billah-Automation-Laptop" name="com.E_GP.QA.TestCases.BidOpeningTest" tests="1" failures="0" timestamp="05 Feb 2019 07:43:57 GMT" time="128.947" errors="0">
  <testcase name="bidSubmissionOTMePG3GoodsTest" time="128.947" classname="com.E_GP.QA.TestCases.BidOpeningTest"/>
</testsuite> <!-- com.E_GP.QA.TestCases.BidOpeningTest -->
