<?xml version="1.0" encoding="UTF-8"?>
<!-- Generated by org.testng.reporters.JUnitReportReporter -->
<testsuite ignored="0" hostname="DESKTOP-F2GSG3S" failures="0" tests="1" name="com.E_GP.QA.OfflineTenderCreate.TestCases.CreateOfflineTenderTest" time="29.032" errors="0" timestamp="15 Sep 2021 05:25:52 GMT" skipped="0">
  <testcase classname="com.E_GP.QA.OfflineTenderCreate.TestCases.CreateOfflineTenderTest" name="CreateTendeOfflineTest" time="29.032"/>
</testsuite> <!-- com.E_GP.QA.OfflineTenderCreate.TestCases.CreateOfflineTenderTest -->
