<?xml version="1.0" encoding="UTF-8"?>
<!-- Generated by org.testng.reporters.JUnitReportReporter -->
<testsuite hostname="Billah-Automation-Laptop" name="com.E_GP.QA.BidderDatabase.TestCases.LitigationInformationAddTest" tests="3" failures="0" timestamp="4 Oct 2020 14:29:15 GMT" time="74.098" errors="0">
  <testcase name="litigationInformationAddTest" time="25.338" classname="com.E_GP.QA.BidderDatabase.TestCases.LitigationInformationAddTest"/>
  <testcase name="litigationInformationAddTest" time="26.531" classname="com.E_GP.QA.BidderDatabase.TestCases.LitigationInformationAddTest"/>
  <testcase name="litigationInformationAddTest" time="22.229" classname="com.E_GP.QA.BidderDatabase.TestCases.LitigationInformationAddTest"/>
</testsuite> <!-- com.E_GP.QA.BidderDatabase.TestCases.LitigationInformationAddTest -->
