<?xml version="1.0" encoding="UTF-8"?>
<!-- Generated by org.testng.reporters.JUnitReportReporter -->
<testsuite ignored="0" hostname="Shimul-Billah" failures="0" tests="1" name="com.E_GP.QA.TenderCreate.TestCases.CreateTenderOTMePG2GoodsTest" time="0.000" errors="0" timestamp="22 Dec 2022 16:07:00 GMT" skipped="1">
  <testcase classname="com.E_GP.QA.TenderCreate.TestCases.CreateTenderOTMePG2GoodsTest" name="CreateNewTenderGoodsePG2Test" time="0.000">
    <skipped/>
  </testcase> <!-- CreateNewTenderGoodsePG2Test -->
</testsuite> <!-- com.E_GP.QA.TenderCreate.TestCases.CreateTenderOTMePG2GoodsTest -->
