<?xml version="1.0" encoding="UTF-8"?>
<!-- Generated by org.testng.reporters.JUnitReportReporter -->
<testsuite hostname="Billah-Automation-Laptop" name="com.E_GP.QA.ReEvaluation.TestCases.ReEvaluationOTMePW3Test" tests="1" failures="0" timestamp="28 Apr 2021 07:22:01 GMT" time="1603.296" errors="0">
  <testcase name="ReEvaluationOTMePW3WorksTest" time="1603.296" classname="com.E_GP.QA.ReEvaluation.TestCases.ReEvaluationOTMePW3Test"/>
</testsuite> <!-- com.E_GP.QA.ReEvaluation.TestCases.ReEvaluationOTMePW3Test -->
