<?xml version="1.0" encoding="UTF-8"?>
<!-- Generated by org.testng.reporters.JUnitReportReporter -->
<testsuite skipped="0" hostname="Billah-Automation-Laptop" name="com.E_GP.QA.TestCases.AppAddNewPackageOTMGoodsTest" tests="1" failures="0" timestamp="05 Feb 2019 06:33:50 GMT" time="102.103" errors="0">
  <testcase name="appRFQCreationTest" time="102.103" classname="com.E_GP.QA.TestCases.AppAddNewPackageOTMGoodsTest"/>
</testsuite> <!-- com.E_GP.QA.TestCases.AppAddNewPackageOTMGoodsTest -->
