<?xml version="1.0" encoding="UTF-8"?>
<!-- Generated by org.testng.reporters.JUnitReportReporter -->
<testsuite ignored="0" hostname="DESKTOP-F2GSG3S" failures="0" tests="5" name="com.E_GP.QA.BidSubmission.TestCases.BidSubmissionICTOTMePG4Test" time="1305.068" errors="0" timestamp="21 Mar 2022 09:38:27 GMT" skipped="0">
  <testcase classname="com.E_GP.QA.BidSubmission.TestCases.BidSubmissionICTOTMePG4Test" name="bidSubmissionOTMePG3GoodsTest" time="263.882"/>
  <testcase classname="com.E_GP.QA.BidSubmission.TestCases.BidSubmissionICTOTMePG4Test" name="bidSubmissionOTMePG3GoodsTest" time="252.010"/>
  <testcase classname="com.E_GP.QA.BidSubmission.TestCases.BidSubmissionICTOTMePG4Test" name="bidSubmissionOTMePG3GoodsTest" time="260.179"/>
  <testcase classname="com.E_GP.QA.BidSubmission.TestCases.BidSubmissionICTOTMePG4Test" name="bidSubmissionOTMePG3GoodsTest" time="259.258"/>
  <testcase classname="com.E_GP.QA.BidSubmission.TestCases.BidSubmissionICTOTMePG4Test" name="bidSubmissionOTMePG3GoodsTest" time="269.739"/>
</testsuite> <!-- com.E_GP.QA.BidSubmission.TestCases.BidSubmissionICTOTMePG4Test -->
