<?xml version="1.0" encoding="UTF-8"?>
<!-- Generated by org.testng.reporters.JUnitReportReporter -->
<testsuite ignored="0" hostname="DESKTOP-F2GSG3S" failures="0" tests="1" name="com.E_GP.QA.ReTender.TestCases.ReTenderOTMePW3WorksTest" time="296.031" errors="0" timestamp="07 Dec 2021 09:06:53 GMT" skipped="0">
  <testcase classname="com.E_GP.QA.ReTender.TestCases.ReTenderOTMePW3WorksTest" name="OTMePW3TenderWorksCreationTest" time="296.031"/>
</testsuite> <!-- com.E_GP.QA.ReTender.TestCases.ReTenderOTMePW3WorksTest -->
