<?xml version="1.0" encoding="UTF-8"?>
<!-- Generated by org.testng.reporters.JUnitReportReporter -->
<testsuite skipped="0" hostname="Billah-Automation-Laptop" name="com.E_GP.QA.TestCases.DocumentFeesPaymentTest" tests="3" failures="0" timestamp="05 Feb 2019 06:41:10 GMT" time="144.042" errors="0">
  <testcase name="documentFeesPaymentTest" time="49.610" classname="com.E_GP.QA.TestCases.DocumentFeesPaymentTest"/>
  <testcase name="documentFeesPaymentTest" time="41.065" classname="com.E_GP.QA.TestCases.DocumentFeesPaymentTest"/>
  <testcase name="documentFeesPaymentTest" time="53.367" classname="com.E_GP.QA.TestCases.DocumentFeesPaymentTest"/>
</testsuite> <!-- com.E_GP.QA.TestCases.DocumentFeesPaymentTest -->
