<?xml version="1.0" encoding="UTF-8"?>
<!-- Generated by org.testng.reporters.JUnitReportReporter -->
<testsuite hostname="Billah-Automation-Laptop" name="com.E_GP.QA.ApprovedAddPackages.TestCases.ApprovedAppAddNewPackageRFQLePW1bTest" tests="1" failures="0" timestamp="9 Aug 2021 05:53:33 GMT" time="97.025" errors="0">
  <testcase name="APPRFQLePW1bWorkCreationTest" time="97.025" classname="com.E_GP.QA.ApprovedAddPackages.TestCases.ApprovedAppAddNewPackageRFQLePW1bTest"/>
</testsuite> <!-- com.E_GP.QA.ApprovedAddPackages.TestCases.ApprovedAppAddNewPackageRFQLePW1bTest -->
