<?xml version="1.0" encoding="UTF-8"?>
<!-- Generated by org.testng.reporters.JUnitReportReporter -->
<testsuite skipped="0" hostname="Billah-Automation-Laptop" name="com.E_GP.QA.BidEvaluation.TestCases.BidEvaluationOTMePG1Test" tests="1" failures="0" timestamp="23 Jul 2019 10:42:42 GMT" time="430.705" errors="0">
  <testcase name="bidEvaluationOTMePG2GoodsTest" time="430.705" classname="com.E_GP.QA.BidEvaluation.TestCases.BidEvaluationOTMePG1Test"/>
</testsuite> <!-- com.E_GP.QA.BidEvaluation.TestCases.BidEvaluationOTMePG1Test -->
