<?xml version="1.0" encoding="UTF-8"?>
<!-- Generated by org.testng.reporters.JUnitReportReporter -->
<testsuite name="com.E_GP.QA.BidEvaluationTeam.TestCases.BidEvaluationLTMePW2bTest" tests="1" time="642.277" ignored="0" failures="0" timestamp="20 Mar 2021 09:18:09 GMT" skipped="0" hostname="Billah-Automation-Laptop" errors="0">
  <testcase name="BidEvaluationOTMePW2aWorksTest" time="642.277" classname="com.E_GP.QA.BidEvaluationTeam.TestCases.BidEvaluationLTMePW2bTest"/>
</testsuite> <!-- com.E_GP.QA.BidEvaluationTeam.TestCases.BidEvaluationLTMePW2bTest -->
