<?xml version="1.0" encoding="UTF-8"?>
<!-- Generated by org.testng.reporters.JUnitReportReporter -->
<testsuite hostname="Billah-Automation-Laptop" name="com.E_GP.QA.BidderDatabase.TestCases.EmployeesMapTest" tests="1" failures="0" timestamp="13 Sep 2020 04:43:01 GMT" time="54.074" errors="0">
  <testcase name="employeesMapTest" time="54.074" classname="com.E_GP.QA.BidderDatabase.TestCases.EmployeesMapTest"/>
</testsuite> <!-- com.E_GP.QA.BidderDatabase.TestCases.EmployeesMapTest -->
