<?xml version="1.0" encoding="UTF-8"?>
<!-- Generated by org.testng.reporters.JUnitReportReporter -->
<testsuite ignored="0" hostname="DESKTOP-F2GSG3S" failures="0" tests="1" name="com.E_GP.QA.ReTender.TestCases.ReTenderOTMePG4GoodsTest" time="259.988" errors="0" timestamp="16 Feb 2022 06:26:40 GMT" skipped="0">
  <testcase classname="com.E_GP.QA.ReTender.TestCases.ReTenderOTMePG4GoodsTest" name="ReTenderICTOTMePG4Test" time="259.988"/>
</testsuite> <!-- com.E_GP.QA.ReTender.TestCases.ReTenderOTMePG4GoodsTest -->
