<?xml version="1.0" encoding="UTF-8"?>
<!-- Generated by org.testng.reporters.JUnitReportReporter -->
<testsuite ignored="0" hostname="DESKTOP-F2GSG3S" failures="0" tests="1" name="com.E_GP.QA.CMS.TestCases.SubDelegationTest" time="199.173" errors="0" timestamp="22 Mar 2022 05:41:04 GMT" skipped="0">
  <testcase classname="com.E_GP.QA.CMS.TestCases.SubDelegationTest" name="UserAndItemMappingofWorksTest" time="199.173"/>
</testsuite> <!-- com.E_GP.QA.CMS.TestCases.SubDelegationTest -->
