<?xml version="1.0" encoding="UTF-8"?>
<!-- Generated by org.testng.reporters.JUnitReportReporter -->
<testsuite skipped="0" hostname="Billah-Automation-Laptop" name="com.E_GP.QA.NOA.TestCases.NotificationOfAwardOTMePG3est" tests="1" failures="0" timestamp="24 Mar 2019 11:28:22 GMT" time="104.919" errors="0">
  <testcase name="notificationOfAwardOTMePG3GoodsTest" time="104.919" classname="com.E_GP.QA.NOA.TestCases.NotificationOfAwardOTMePG3est"/>
</testsuite> <!-- com.E_GP.QA.NOA.TestCases.NotificationOfAwardOTMePG3est -->
