<?xml version="1.0" encoding="UTF-8"?>
<!-- Generated by org.testng.reporters.JUnitReportReporter -->
<testsuite ignored="0" hostname="Kazis-MacBook-Pro.local" failures="0" tests="1" name="com.SC.QA.NewUserRegistration.TestCases.ProductCountTest" time="13.193" errors="0" timestamp="05 Feb 2024 15:14:35 GMT" skipped="0">
  <testcase classname="com.SC.QA.NewUserRegistration.TestCases.ProductCountTest" name="HomePageItemCount" time="13.193"/>
</testsuite> <!-- com.SC.QA.NewUserRegistration.TestCases.ProductCountTest -->
