<?xml version="1.0" encoding="UTF-8"?>
<!-- Generated by org.testng.reporters.JUnitReportReporter -->
<testsuite hostname="Billah-Automation-Laptop" name="com.E_GP.QA.BidSubmission.TestCases.BidSubmissionePW1aRFQUTest" tests="3" failures="0" timestamp="18 Jan 2021 11:38:18 GMT" time="414.009" errors="0">
  <testcase name="bidSubmissionRFQWorksTest" time="133.267" classname="com.E_GP.QA.BidSubmission.TestCases.BidSubmissionePW1aRFQUTest"/>
  <testcase name="bidSubmissionRFQWorksTest" time="143.000" classname="com.E_GP.QA.BidSubmission.TestCases.BidSubmissionePW1aRFQUTest"/>
  <testcase name="bidSubmissionRFQWorksTest" time="137.742" classname="com.E_GP.QA.BidSubmission.TestCases.BidSubmissionePW1aRFQUTest"/>
</testsuite> <!-- com.E_GP.QA.BidSubmission.TestCases.BidSubmissionePW1aRFQUTest -->
