<?xml version="1.0" encoding="UTF-8"?>
<!-- Generated by org.testng.reporters.JUnitReportReporter -->
<testsuite hostname="Billah-Automation-Laptop" name="com.E_GP.QA.ReEvaluation.TestCases.ReEvaluationOTMePW2aTest" tests="1" failures="0" timestamp="27 Apr 2021 09:32:56 GMT" time="57.584" errors="0">
  <testcase name="ReEvaluationOTMePW2aWorksTest" time="57.584" classname="com.E_GP.QA.ReEvaluation.TestCases.ReEvaluationOTMePW2aTest"/>
</testsuite> <!-- com.E_GP.QA.ReEvaluation.TestCases.ReEvaluationOTMePW2aTest -->
