<?xml version="1.0" encoding="UTF-8"?>
<!-- Generated by org.testng.reporters.JUnitReportReporter -->
<testsuite ignored="0" hostname="DESKTOP-F2GSG3S" failures="0" tests="1" name="com.E_GP.QA.ReTender.TestCases.ReTenderLTMePG2GoodsTest" time="115.578" errors="0" timestamp="21 Nov 2021 10:54:00 GMT" skipped="0">
  <testcase classname="com.E_GP.QA.ReTender.TestCases.ReTenderLTMePG2GoodsTest" name="ReTenderGoodsLTMePG2Goods" time="115.578"/>
</testsuite> <!-- com.E_GP.QA.ReTender.TestCases.ReTenderLTMePG2GoodsTest -->
