<?xml version="1.0" encoding="UTF-8"?>
<!-- Generated by org.testng.reporters.JUnitReportReporter -->
<testsuite name="com.E_GP.QA.TestCases.AppOtmWorkTest" tests="1" time="73.640" ignored="0" failures="0" timestamp="02 Oct 2018 08:21:22 GMT" skipped="0" hostname="Billah-Automation-Laptop" errors="0">
  <testcase name="appCreationReVBgtWorkLtm" time="73.640" classname="com.E_GP.QA.TestCases.AppOtmWorkTest"/>
</testsuite> <!-- com.E_GP.QA.TestCases.AppOtmWorkTest -->
