<?xml version="1.0" encoding="UTF-8"?>
<!-- Generated by org.testng.reporters.JUnitReportReporter -->
<testsuite ignored="0" hostname="DESKTOP-F2GSG3S" failures="0" tests="1" name="com.E_GP.QA.BidEvaluationTeam.TestCases.BidEvaluationREOIServiceTest" time="124.581" errors="0" timestamp="21 Oct 2021 10:52:17 GMT" skipped="0">
  <testcase classname="com.E_GP.QA.BidEvaluationTeam.TestCases.BidEvaluationREOIServiceTest" name="BidEvaluationREOITest" time="124.581"/>
</testsuite> <!-- com.E_GP.QA.BidEvaluationTeam.TestCases.BidEvaluationREOIServiceTest -->
