<?xml version="1.0" encoding="UTF-8"?>
<!-- Generated by org.testng.reporters.JUnitReportReporter -->
<testsuite ignored="0" hostname="DESKTOP-F2GSG3S" failures="0" tests="1" name="com.E_GP.QA.TenderCreate.TestCases.CreateTenderLTMePW2bWorkTest" time="107.169" errors="0" timestamp="11 Oct 2021 11:44:10 GMT" skipped="0">
  <testcase classname="com.E_GP.QA.TenderCreate.TestCases.CreateTenderLTMePW2bWorkTest" name="OTMePW2aTenderWorksCreationTest" time="107.169"/>
</testsuite> <!-- com.E_GP.QA.TenderCreate.TestCases.CreateTenderLTMePW2bWorkTest -->
