<?xml version="1.0" encoding="UTF-8"?>
<!-- Generated by org.testng.reporters.JUnitReportReporter -->
<testsuite name="com.E_GP.QA.AddPackages.TestCases.ApprovedAppAddNewPackageOTMGoodsTest" tests="1" time="38.306" ignored="0" failures="0" timestamp="13 Nov 2019 09:50:29 GMT" skipped="0" hostname="Billah-Automation-Laptop" errors="0">
  <testcase name="appePW3AWorkCreationTest" time="38.306" classname="com.E_GP.QA.AddPackages.TestCases.ApprovedAppAddNewPackageOTMGoodsTest"/>
</testsuite> <!-- com.E_GP.QA.AddPackages.TestCases.ApprovedAppAddNewPackageOTMGoodsTest -->
