<?xml version="1.0" encoding="UTF-8"?>
<!-- Generated by org.testng.reporters.JUnitReportReporter -->
<testsuite ignored="0" hostname="DESKTOP-F2GSG3S" failures="0" tests="1" name="com.E_GP.QA.CMS.TestCases.ContractTerminationOTMePW3DTest" time="53.756" errors="0" timestamp="17 Jan 2022 09:56:38 GMT" skipped="0">
  <testcase classname="com.E_GP.QA.CMS.TestCases.ContractTerminationOTMePW3DTest" name="ContractTerminationTest" time="53.756"/>
</testsuite> <!-- com.E_GP.QA.CMS.TestCases.ContractTerminationOTMePW3DTest -->
