<?xml version="1.0" encoding="UTF-8"?>
<!-- Generated by org.testng.reporters.JUnitReportReporter -->
<testsuite name="com.E_GP.QA.APPCreate.TestCases.CreateAppRFQGoodsTest" tests="1" time="76.775" ignored="0" failures="0" timestamp="29 Jul 2019 05:37:04 GMT" skipped="0" hostname="Billah-Automation-Laptop" errors="0">
  <testcase name="appRFQCreationTest" time="76.775" classname="com.E_GP.QA.APPCreate.TestCases.CreateAppRFQGoodsTest"/>
</testsuite> <!-- com.E_GP.QA.APPCreate.TestCases.CreateAppRFQGoodsTest -->
