<?xml version="1.0" encoding="UTF-8"?>
<!-- Generated by org.testng.reporters.JUnitReportReporter -->
<testsuite hostname="Billah-Automation-Laptop" name="com.E_GP.QA.BidEvaluationTeam.TestCases.BidEvaluationRFPServiceTest" tests="1" failures="0" timestamp="5 Aug 2021 06:18:22 GMT" time="323.424" errors="0">
  <testcase name="BidEvaluationREOITest" time="323.424" classname="com.E_GP.QA.BidEvaluationTeam.TestCases.BidEvaluationRFPServiceTest"/>
</testsuite> <!-- com.E_GP.QA.BidEvaluationTeam.TestCases.BidEvaluationRFPServiceTest -->
