<?xml version="1.0" encoding="UTF-8"?>
<!-- Generated by org.testng.reporters.JUnitReportReporter -->
<testsuite skipped="0" hostname="Billah-Automation-Laptop" name="com.E_GP.QA.TestCases.CreateTenderOTMePW3DWorksTest" tests="1" failures="0" timestamp="10 Dec 2018 06:39:13 GMT" time="284.963" errors="0">
  <testcase name="OTMePW3DTenderWorksCreationTest" time="284.963" classname="com.E_GP.QA.TestCases.CreateTenderOTMePW3DWorksTest"/>
</testsuite> <!-- com.E_GP.QA.TestCases.CreateTenderOTMePW3DWorksTest -->
