<?xml version="1.0" encoding="UTF-8"?>
<!-- Generated by org.testng.reporters.JUnitReportReporter -->
<testsuite hostname="Billah-Automation-Laptop" name="com.E_GP.QA.TenderCreate.TestCases.CreateTenderRFQePG1GoodsTest" tests="1" failures="0" timestamp="5 Sep 2021 16:48:45 GMT" time="159.933" errors="0">
  <testcase name="RFQTenderGoodsCreationTest" time="159.933" classname="com.E_GP.QA.TenderCreate.TestCases.CreateTenderRFQePG1GoodsTest"/>
</testsuite> <!-- com.E_GP.QA.TenderCreate.TestCases.CreateTenderRFQePG1GoodsTest -->
