<?xml version="1.0" encoding="UTF-8"?>
<!-- Generated by org.testng.reporters.JUnitReportReporter -->
<testsuite skipped="0" hostname="Billah-Automation-Laptop" name="com.E_GP.QA.TestCases.CreateTenderRFQWorksTest" tests="1" failures="0" timestamp="24 Dec 2018 08:27:16 GMT" time="261.387" errors="0">
  <testcase name="RFQTenderWorksCreationTest" time="261.387" classname="com.E_GP.QA.TestCases.CreateTenderRFQWorksTest"/>
</testsuite> <!-- com.E_GP.QA.TestCases.CreateTenderRFQWorksTest -->
