<?xml version="1.0" encoding="UTF-8"?>
<!-- Generated by org.testng.reporters.JUnitReportReporter -->
<testsuite ignored="0" hostname="DESKTOP-F2GSG3S" failures="0" tests="1" name="com.E_GP.QA.CMS.TestCases.PaymentTest" time="154.337" errors="0" timestamp="22 Mar 2022 05:48:00 GMT" skipped="0">
  <testcase classname="com.E_GP.QA.CMS.TestCases.PaymentTest" name="paymentTest" time="154.337"/>
</testsuite> <!-- com.E_GP.QA.CMS.TestCases.PaymentTest -->
