<?xml version="1.0" encoding="UTF-8"?>
<!-- Generated by org.testng.reporters.JUnitReportReporter -->
<testsuite ignored="0" hostname="DESKTOP-F2GSG3S" failures="0" tests="4" name="com.E_GP.QA.BidSubmission.TestCases.BidSubmissionPW2aOnGoingCompletedTest" time="1331.623" errors="2" timestamp="02 Mar 2022 09:17:10 GMT" skipped="2">
  <testcase classname="com.E_GP.QA.BidSubmission.TestCases.BidSubmissionPW2aOnGoingCompletedTest" name="tearDown" time="4.633">
    <error type="java.lang.StackOverflowError">
      <![CDATA[java.lang.StackOverflowError
	at java.base/sun.nio.cs.SingleByte.withResult(SingleByte.java:45)
	at java.base/sun.nio.cs.SingleByte$Encoder.encodeArrayLoop(SingleByte.java:226)
	at java.base/sun.nio.cs.SingleByte$Encoder.encodeLoop(SingleByte.java:259)
	at java.base/java.nio.charset.CharsetEncoder.encode(CharsetEncoder.java:585)
	at java.base/sun.nio.cs.StreamEncoder.implWrite(StreamEncoder.java:301)
	at java.base/sun.nio.cs.StreamEncoder.implWrite(StreamEncoder.java:290)
	at java.base/sun.nio.cs.StreamEncoder.write(StreamEncoder.java:131)
	at java.base/java.io.OutputStreamWriter.write(OutputStreamWriter.java:205)
	at java.base/java.io.BufferedWriter.flushBuffer(BufferedWriter.java:120)
	at java.base/java.io.PrintStream.writeln(PrintStream.java:722)
	at java.base/java.io.PrintStream.println(PrintStream.java:1028)
	at com.E_GP.QA.Util.WebEventListener.onException(WebEventListener.java:56)
	at jdk.internal.reflect.GeneratedMethodAccessor30.invoke(Unknown Source)
	at java.base/jdk.internal.reflect.DelegatingMethodAccessorImpl.invoke(DelegatingMethodAccessorImpl.java:43)
	at java.base/java.lang.reflect.Method.invoke(Method.java:567)
	at org.openqa.selenium.support.events.EventFiringWebDriver.lambda$new$0(EventFiringWebDriver.java:84)
	at jdk.proxy2/jdk.proxy2.$Proxy13.onException(Unknown Source)
	at org.openqa.selenium.support.events.EventFiringWebDriver.lambda$new$1(EventFiringWebDriver.java:107)
	at jdk.proxy2/jdk.proxy2.$Proxy14.getScreenshotAs(Unknown Source)
	at org.openqa.selenium.support.events.EventFiringWebDriver.getScreenshotAs(EventFiringWebDriver.java:302)
	at com.E_GP.QA.Util.TestUtil.takeScreenshotAtEndOfTest(TestUtil.java:97)
	at com.E_GP.QA.Util.WebEventListener.onException(WebEventListener.java:58)
	at jdk.internal.reflect.GeneratedMethodAccessor30.invoke(Unknown Source)
	at java.base/jdk.internal.reflect.DelegatingMethodAccessorImpl.invoke(DelegatingMethodAccessorImpl.java:43)
	at java.base/java.lang.reflect.Method.invoke(Method.java:567)
	at org.openqa.selenium.support.events.EventFiringWebDriver.lambda$new$0(EventFiringWebDriver.java:84)
	at jdk.proxy2/jdk.proxy2.$Proxy13.onException(Unknown Source)
	at org.openqa.selenium.support.events.EventFiringWebDriver.lambda$new$1(EventFiringWebDriver.java:107)
	at jdk.proxy2/jdk.proxy2.$Proxy14.getScreenshotAs(Unknown Source)
	at org.openqa.selenium.support.events.EventFiringWebDriver.getScreenshotAs(EventFiringWebDriver.java:302)
	at com.E_GP.QA.Util.TestUtil.takeScreenshotAtEndOfTest(TestUtil.java:97)
	at com.E_GP.QA.Util.WebEventListener.onException(WebEventListener.java:58)
	at jdk.internal.reflect.GeneratedMethodAccessor30.invoke(Unknown Source)
	at java.base/jdk.internal.reflect.DelegatingMethodAccessorImpl.invoke(DelegatingMethodAccessorImpl.java:43)
	at java.base/java.lang.reflect.Method.invoke(Method.java:567)
	at org.openqa.selenium.support.events.EventFiringWebDriver.lambda$new$0(EventFiringWebDriver.java:84)
	at jdk.proxy2/jdk.proxy2.$Proxy13.onException(Unknown Source)
	at org.openqa.selenium.support.events.EventFiringWebDriver.lambda$new$1(EventFiringWebDriver.java:107)
	at jdk.proxy2/jdk.proxy2.$Proxy14.getScreenshotAs(Unknown Source)
	at org.openqa.selenium.support.events.EventFiringWebDriver.getScreenshotAs(EventFiringWebDriver.java:302)
	at com.E_GP.QA.Util.TestUtil.takeScreenshotAtEndOfTest(TestUtil.java:97)
	at com.E_GP.QA.Util.WebEventListener.onException(WebEventListener.java:58)
	at jdk.internal.reflect.GeneratedMethodAccessor30.invoke(Unknown Source)
	at java.base/jdk.internal.reflect.DelegatingMethodAccessorImpl.invoke(DelegatingMethodAccessorImpl.java:43)
	at java.base/java.lang.reflect.Method.invoke(Method.java:567)
	at org.openqa.selenium.support.events.EventFiringWebDriver.lambda$new$0(EventFiringWebDriver.java:84)
	at jdk.proxy2/jdk.proxy2.$Proxy13.onException(Unknown Source)
	at org.openqa.selenium.support.events.EventFiringWebDriver.lambda$new$1(EventFiringWebDriver.java:107)
	at jdk.proxy2/jdk.proxy2.$Proxy14.getScreenshotAs(Unknown Source)
	at org.openqa.selenium.support.events.EventFiringWebDriver.getScreenshotAs(EventFiringWebDriver.java:302)
	at com.E_GP.QA.Util.TestUtil.takeScreenshotAtEndOfTest(TestUtil.java:97)
	at com.E_GP.QA.Util.WebEventListener.onException(WebEventListener.java:58)
	at jdk.internal.reflect.GeneratedMethodAccessor30.invoke(Unknown Source)
	at java.base/jdk.internal.reflect.DelegatingMethodAccessorImpl.invoke(DelegatingMethodAccessorImpl.java:43)
	at java.base/java.lang.reflect.Method.invoke(Method.java:567)
	at org.openqa.selenium.support.events.EventFiringWebDriver.lambda$new$0(EventFiringWebDriver.java:84)
	at jdk.proxy2/jdk.proxy2.$Proxy13.onException(Unknown Source)
	at org.openqa.selenium.support.events.EventFiringWebDriver.lambda$new$1(EventFiringWebDriver.java:107)
	at jdk.proxy2/jdk.proxy2.$Proxy14.getScreenshotAs(Unknown Source)
	at org.openqa.selenium.support.events.EventFiringWebDriver.getScreenshotAs(EventFiringWebDriver.java:302)
	at com.E_GP.QA.Util.TestUtil.takeScreenshotAtEndOfTest(TestUtil.java:97)
	at com.E_GP.QA.Util.WebEventListener.onException(WebEventListener.java:58)
	at jdk.internal.reflect.GeneratedMethodAccessor30.invoke(Unknown Source)
	at java.base/jdk.internal.reflect.DelegatingMethodAccessorImpl.invoke(DelegatingMethodAccessorImpl.java:43)
	at java.base/java.lang.reflect.Method.invoke(Method.java:567)
	at org.openqa.selenium.support.events.EventFiringWebDriver.lambda$new$0(EventFiringWebDriver.java:84)
	at jdk.proxy2/jdk.proxy2.$Proxy13.onException(Unknown Source)
	at org.openqa.selenium.support.events.EventFiringWebDriver.lambda$new$1(EventFiringWebDriver.java:107)
	at jdk.proxy2/jdk.proxy2.$Proxy14.getScreenshotAs(Unknown Source)
	at org.openqa.selenium.support.events.EventFiringWebDriver.getScreenshotAs(EventFiringWebDriver.java:302)
	at com.E_GP.QA.Util.TestUtil.takeScreenshotAtEndOfTest(TestUtil.java:97)
	at com.E_GP.QA.Util.WebEventListener.onException(WebEventListener.java:58)
	at jdk.internal.reflect.GeneratedMethodAccessor30.invoke(Unknown Source)
	at java.base/jdk.internal.reflect.DelegatingMethodAccessorImpl.invoke(DelegatingMethodAccessorImpl.java:43)
	at java.base/java.lang.reflect.Method.invoke(Method.java:567)
	at org.openqa.selenium.support.events.EventFiringWebDriver.lambda$new$0(EventFiringWebDriver.java:84)
	at jdk.proxy2/jdk.proxy2.$Proxy13.onException(Unknown Source)
	at org.openqa.selenium.support.events.EventFiringWebDriver.lambda$new$1(EventFiringWebDriver.java:107)
	at jdk.proxy2/jdk.proxy2.$Proxy14.getScreenshotAs(Unknown Source)
	at org.openqa.selenium.support.events.EventFiringWebDriver.getScreenshotAs(EventFiringWebDriver.java:302)
	at com.E_GP.QA.Util.TestUtil.takeScreenshotAtEndOfTest(TestUtil.java:97)
	at com.E_GP.QA.Util.WebEventListener.onException(WebEventListener.java:58)
	at jdk.internal.reflect.GeneratedMethodAccessor30.invoke(Unknown Source)
	at java.base/jdk.internal.reflect.DelegatingMethodAccessorImpl.invoke(DelegatingMethodAccessorImpl.java:43)
	at java.base/java.lang.reflect.Method.invoke(Method.java:567)
	at org.openqa.selenium.support.events.EventFiringWebDriver.lambda$new$0(EventFiringWebDriver.java:84)
	at jdk.proxy2/jdk.proxy2.$Proxy13.onException(Unknown Source)
	at org.openqa.selenium.support.events.EventFiringWebDriver.lambda$new$1(EventFiringWebDriver.java:107)
	at jdk.proxy2/jdk.proxy2.$Proxy14.getScreenshotAs(Unknown Source)
	at org.openqa.selenium.support.events.EventFiringWebDriver.getScreenshotAs(EventFiringWebDriver.java:302)
	at com.E_GP.QA.Util.TestUtil.takeScreenshotAtEndOfTest(TestUtil.java:97)
	at com.E_GP.QA.Util.WebEventListener.onException(WebEventListener.java:58)
	at jdk.internal.reflect.GeneratedMethodAccessor30.invoke(Unknown Source)
	at java.base/jdk.internal.reflect.DelegatingMethodAccessorImpl.invoke(DelegatingMethodAccessorImpl.java:43)
	at java.base/java.lang.reflect.Method.invoke(Method.java:567)
	at org.openqa.selenium.support.events.EventFiringWebDriver.lambda$new$0(EventFiringWebDriver.java:84)
	at jdk.proxy2/jdk.proxy2.$Proxy13.onException(Unknown Source)
	at org.openqa.selenium.support.events.EventFiringWebDriver.lambda$new$1(EventFiringWebDriver.java:107)
	at jdk.proxy2/jdk.proxy2.$Proxy14.getScreenshotAs(Unknown Source)
	at org.openqa.selenium.support.events.EventFiringWebDriver.getScreenshotAs(EventFiringWebDriver.java:302)
	at com.E_GP.QA.Util.TestUtil.takeScreenshotAtEndOfTest(TestUtil.java:97)
	at com.E_GP.QA.Util.WebEventListener.onException(WebEventListener.java:58)
	at jdk.internal.reflect.GeneratedMethodAccessor30.invoke(Unknown Source)
	at java.base/jdk.internal.reflect.DelegatingMethodAccessorImpl.invoke(DelegatingMethodAccessorImpl.java:43)
	at java.base/java.lang.reflect.Method.invoke(Method.java:567)
	at org.openqa.selenium.support.events.EventFiringWebDriver.lambda$new$0(EventFiringWebDriver.java:84)
	at jdk.proxy2/jdk.proxy2.$Proxy13.onException(Unknown Source)
	at org.openqa.selenium.support.events.EventFiringWebDriver.lambda$new$1(EventFiringWebDriver.java:107)
	at jdk.proxy2/jdk.proxy2.$Proxy14.getScreenshotAs(Unknown Source)
	at org.openqa.selenium.support.events.EventFiringWebDriver.getScreenshotAs(EventFiringWebDriver.java:302)
	at com.E_GP.QA.Util.TestUtil.takeScreenshotAtEndOfTest(TestUtil.java:97)
	at com.E_GP.QA.Util.WebEventListener.onException(WebEventListener.java:58)
	at jdk.internal.reflect.GeneratedMethodAccessor30.invoke(Unknown Source)
	at java.base/jdk.internal.reflect.DelegatingMethodAccessorImpl.invoke(DelegatingMethodAccessorImpl.java:43)
	at java.base/java.lang.reflect.Method.invoke(Method.java:567)
	at org.openqa.selenium.support.events.EventFiringWebDriver.lambda$new$0(EventFiringWebDriver.java:84)
	at jdk.proxy2/jdk.proxy2.$Proxy13.onException(Unknown Source)
	at org.openqa.selenium.support.events.EventFiringWebDriver.lambda$new$1(EventFiringWebDriver.java:107)
	at jdk.proxy2/jdk.proxy2.$Proxy14.getScreenshotAs(Unknown Source)
	at org.openqa.selenium.support.events.EventFiringWebDriver.getScreenshotAs(EventFiringWebDriver.java:302)
	at com.E_GP.QA.Util.TestUtil.takeScreenshotAtEndOfTest(TestUtil.java:97)
	at com.E_GP.QA.Util.WebEventListener.onException(WebEventListener.java:58)
	at jdk.internal.reflect.GeneratedMethodAccessor30.invoke(Unknown Source)
	at java.base/jdk.internal.reflect.DelegatingMethodAccessorImpl.invoke(DelegatingMethodAccessorImpl.java:43)
	at java.base/java.lang.reflect.Method.invoke(Method.java:567)
	at org.openqa.selenium.support.events.EventFiringWebDriver.lambda$new$0(EventFiringWebDriver.java:84)
	at jdk.proxy2/jdk.proxy2.$Proxy13.onException(Unknown Source)
	at org.openqa.selenium.support.events.EventFiringWebDriver.lambda$new$1(EventFiringWebDriver.java:107)
	at jdk.proxy2/jdk.proxy2.$Proxy14.getScreenshotAs(Unknown Source)
	at org.openqa.selenium.support.events.EventFiringWebDriver.getScreenshotAs(EventFiringWebDriver.java:302)
	at com.E_GP.QA.Util.TestUtil.takeScreenshotAtEndOfTest(TestUtil.java:97)
	at com.E_GP.QA.Util.WebEventListener.onException(WebEventListener.java:58)
	at jdk.internal.reflect.GeneratedMethodAccessor30.invoke(Unknown Source)
	at java.base/jdk.internal.reflect.DelegatingMethodAccessorImpl.invoke(DelegatingMethodAccessorImpl.java:43)
	at java.base/java.lang.reflect.Method.invoke(Method.java:567)
	at org.openqa.selenium.support.events.EventFiringWebDriver.lambda$new$0(EventFiringWebDriver.java:84)
	at jdk.proxy2/jdk.proxy2.$Proxy13.onException(Unknown Source)
	at org.openqa.selenium.support.events.EventFiringWebDriver.lambda$new$1(EventFiringWebDriver.java:107)
	at jdk.proxy2/jdk.proxy2.$Proxy14.getScreenshotAs(Unknown Source)
	at org.openqa.selenium.support.events.EventFiringWebDriver.getScreenshotAs(EventFiringWebDriver.java:302)
	at com.E_GP.QA.Util.TestUtil.takeScreenshotAtEndOfTest(TestUtil.java:97)
	at com.E_GP.QA.Util.WebEventListener.onException(WebEventListener.java:58)
	at jdk.internal.reflect.GeneratedMethodAccessor30.invoke(Unknown Source)
	at java.base/jdk.internal.reflect.DelegatingMethodAccessorImpl.invoke(DelegatingMethodAccessorImpl.java:43)
	at java.base/java.lang.reflect.Method.invoke(Method.java:567)
	at org.openqa.selenium.support.events.EventFiringWebDriver.lambda$new$0(EventFiringWebDriver.java:84)
	at jdk.proxy2/jdk.proxy2.$Proxy13.onException(Unknown Source)
	at org.openqa.selenium.support.events.EventFiringWebDriver.lambda$new$1(EventFiringWebDriver.java:107)
	at jdk.proxy2/jdk.proxy2.$Proxy14.getScreenshotAs(Unknown Source)
	at org.openqa.selenium.support.events.EventFiringWebDriver.getScreenshotAs(EventFiringWebDriver.java:302)
	at com.E_GP.QA.Util.TestUtil.takeScreenshotAtEndOfTest(TestUtil.java:97)
	at com.E_GP.QA.Util.WebEventListener.onException(WebEventListener.java:58)
	at jdk.internal.reflect.GeneratedMethodAccessor30.invoke(Unknown Source)
	at java.base/jdk.internal.reflect.DelegatingMethodAccessorImpl.invoke(DelegatingMethodAccessorImpl.java:43)
	at java.base/java.lang.reflect.Method.invoke(Method.java:567)
	at org.openqa.selenium.support.events.EventFiringWebDriver.lambda$new$0(EventFiringWebDriver.java:84)
	at jdk.proxy2/jdk.proxy2.$Proxy13.onException(Unknown Source)
	at org.openqa.selenium.support.events.EventFiringWebDriver.lambda$new$1(EventFiringWebDriver.java:107)
	at jdk.proxy2/jdk.proxy2.$Proxy14.getScreenshotAs(Unknown Source)
	at org.openqa.selenium.support.events.EventFiringWebDriver.getScreenshotAs(EventFiringWebDriver.java:302)
	at com.E_GP.QA.Util.TestUtil.takeScreenshotAtEndOfTest(TestUtil.java:97)
	at com.E_GP.QA.Util.WebEventListener.onException(WebEventListener.java:58)
	at jdk.internal.reflect.GeneratedMethodAccessor30.invoke(Unknown Source)
	at java.base/jdk.internal.reflect.DelegatingMethodAccessorImpl.invoke(DelegatingMethodAccessorImpl.java:43)
	at java.base/java.lang.reflect.Method.invoke(Method.java:567)
	at org.openqa.selenium.support.events.EventFiringWebDriver.lambda$new$0(EventFiringWebDriver.java:84)
	at jdk.proxy2/jdk.proxy2.$Proxy13.onException(Unknown Source)
	at org.openqa.selenium.support.events.EventFiringWebDriver.lambda$new$1(EventFiringWebDriver.java:107)
	at jdk.proxy2/jdk.proxy2.$Proxy14.getScreenshotAs(Unknown Source)
	at org.openqa.selenium.support.events.EventFiringWebDriver.getScreenshotAs(EventFiringWebDriver.java:302)
	at com.E_GP.QA.Util.TestUtil.takeScreenshotAtEndOfTest(TestUtil.java:97)
	at com.E_GP.QA.Util.WebEventListener.onException(WebEventListener.java:58)
	at jdk.internal.reflect.GeneratedMethodAccessor30.invoke(Unknown Source)
	at java.base/jdk.internal.reflect.DelegatingMethodAccessorImpl.invoke(DelegatingMethodAccessorImpl.java:43)
	at java.base/java.lang.reflect.Method.invoke(Method.java:567)
	at org.openqa.selenium.support.events.EventFiringWebDriver.lambda$new$0(EventFiringWebDriver.java:84)
	at jdk.proxy2/jdk.proxy2.$Proxy13.onException(Unknown Source)
	at org.openqa.selenium.support.events.EventFiringWebDriver.lambda$new$1(EventFiringWebDriver.java:107)
	at jdk.proxy2/jdk.proxy2.$Proxy14.getScreenshotAs(Unknown Source)
	at org.openqa.selenium.support.events.EventFiringWebDriver.getScreenshotAs(EventFiringWebDriver.java:302)
	at com.E_GP.QA.Util.TestUtil.takeScreenshotAtEndOfTest(TestUtil.java:97)
	at com.E_GP.QA.Util.WebEventListener.onException(WebEventListener.java:58)
	at jdk.internal.reflect.GeneratedMethodAccessor30.invoke(Unknown Source)
	at java.base/jdk.internal.reflect.DelegatingMethodAccessorImpl.invoke(DelegatingMethodAccessorImpl.java:43)
	at java.base/java.lang.reflect.Method.invoke(Method.java:567)
	at org.openqa.selenium.support.events.EventFiringWebDriver.lambda$new$0(EventFiringWebDriver.java:84)
	at jdk.proxy2/jdk.proxy2.$Proxy13.onException(Unknown Source)
	at org.openqa.selenium.support.events.EventFiringWebDriver.lambda$new$1(EventFiringWebDriver.java:107)
	at jdk.proxy2/jdk.proxy2.$Proxy14.getScreenshotAs(Unknown Source)
	at org.openqa.selenium.support.events.EventFiringWebDriver.getScreenshotAs(EventFiringWebDriver.java:302)
	at com.E_GP.QA.Util.TestUtil.takeScreenshotAtEndOfTest(TestUtil.java:97)
	at com.E_GP.QA.Util.WebEventListener.onException(WebEventListener.java:58)
	at jdk.internal.reflect.GeneratedMethodAccessor30.invoke(Unknown Source)
	at java.base/jdk.internal.reflect.DelegatingMethodAccessorImpl.invoke(DelegatingMethodAccessorImpl.java:43)
	at java.base/java.lang.reflect.Method.invoke(Method.java:567)
	at org.openqa.selenium.support.events.EventFiringWebDriver.lambda$new$0(EventFiringWebDriver.java:84)
	at jdk.proxy2/jdk.proxy2.$Proxy13.onException(Unknown Source)
	at org.openqa.selenium.support.events.EventFiringWebDriver.lambda$new$1(EventFiringWebDriver.java:107)
	at jdk.proxy2/jdk.proxy2.$Proxy14.getScreenshotAs(Unknown Source)
	at org.openqa.selenium.support.events.EventFiringWebDriver.getScreenshotAs(EventFiringWebDriver.java:302)
	at com.E_GP.QA.Util.TestUtil.takeScreenshotAtEndOfTest(TestUtil.java:97)
	at com.E_GP.QA.Util.WebEventListener.onException(WebEventListener.java:58)
	at jdk.internal.reflect.GeneratedMethodAccessor30.invoke(Unknown Source)
	at java.base/jdk.internal.reflect.DelegatingMethodAccessorImpl.invoke(DelegatingMethodAccessorImpl.java:43)
	at java.base/java.lang.reflect.Method.invoke(Method.java:567)
	at org.openqa.selenium.support.events.EventFiringWebDriver.lambda$new$0(EventFiringWebDriver.java:84)
	at jdk.proxy2/jdk.proxy2.$Proxy13.onException(Unknown Source)
	at org.openqa.selenium.support.events.EventFiringWebDriver.lambda$new$1(EventFiringWebDriver.java:107)
	at jdk.proxy2/jdk.proxy2.$Proxy14.getScreenshotAs(Unknown Source)
	at org.openqa.selenium.support.events.EventFiringWebDriver.getScreenshotAs(EventFiringWebDriver.java:302)
	at com.E_GP.QA.Util.TestUtil.takeScreenshotAtEndOfTest(TestUtil.java:97)
	at com.E_GP.QA.Util.WebEventListener.onException(WebEventListener.java:58)
	at jdk.internal.reflect.GeneratedMethodAccessor30.invoke(Unknown Source)
	at java.base/jdk.internal.reflect.DelegatingMethodAccessorImpl.invoke(DelegatingMethodAccessorImpl.java:43)
	at java.base/java.lang.reflect.Method.invoke(Method.java:567)
	at org.openqa.selenium.support.events.EventFiringWebDriver.lambda$new$0(EventFiringWebDriver.java:84)
	at jdk.proxy2/jdk.proxy2.$Proxy13.onException(Unknown Source)
	at org.openqa.selenium.support.events.EventFiringWebDriver.lambda$new$1(EventFiringWebDriver.java:107)
	at jdk.proxy2/jdk.proxy2.$Proxy14.getScreenshotAs(Unknown Source)
	at org.openqa.selenium.support.events.EventFiringWebDriver.getScreenshotAs(EventFiringWebDriver.java:302)
	at com.E_GP.QA.Util.TestUtil.takeScreenshotAtEndOfTest(TestUtil.java:97)
	at com.E_GP.QA.Util.WebEventListener.onException(WebEventListener.java:58)
	at jdk.internal.reflect.GeneratedMethodAccessor30.invoke(Unknown Source)
	at java.base/jdk.internal.reflect.DelegatingMethodAccessorImpl.invoke(DelegatingMethodAccessorImpl.java:43)
	at java.base/java.lang.reflect.Method.invoke(Method.java:567)
	at org.openqa.selenium.support.events.EventFiringWebDriver.lambda$new$0(EventFiringWebDriver.java:84)
	at jdk.proxy2/jdk.proxy2.$Proxy13.onException(Unknown Source)
	at org.openqa.selenium.support.events.EventFiringWebDriver.lambda$new$1(EventFiringWebDriver.java:107)
	at jdk.proxy2/jdk.proxy2.$Proxy14.getScreenshotAs(Unknown Source)
	at org.openqa.selenium.support.events.EventFiringWebDriver.getScreenshotAs(EventFiringWebDriver.java:302)
	at com.E_GP.QA.Util.TestUtil.takeScreenshotAtEndOfTest(TestUtil.java:97)
	at com.E_GP.QA.Util.WebEventListener.onException(WebEventListener.java:58)
	at jdk.internal.reflect.GeneratedMethodAccessor30.invoke(Unknown Source)
	at java.base/jdk.internal.reflect.DelegatingMethodAccessorImpl.invoke(DelegatingMethodAccessorImpl.java:43)
	at java.base/java.lang.reflect.Method.invoke(Method.java:567)
	at org.openqa.selenium.support.events.EventFiringWebDriver.lambda$new$0(EventFiringWebDriver.java:84)
	at jdk.proxy2/jdk.proxy2.$Proxy13.onException(Unknown Source)
	at org.openqa.selenium.support.events.EventFiringWebDriver.lambda$new$1(EventFiringWebDriver.java:107)
	at jdk.proxy2/jdk.proxy2.$Proxy14.getScreenshotAs(Unknown Source)
	at org.openqa.selenium.support.events.EventFiringWebDriver.getScreenshotAs(EventFiringWebDriver.java:302)
	at com.E_GP.QA.Util.TestUtil.takeScreenshotAtEndOfTest(TestUtil.java:97)
	at com.E_GP.QA.Util.WebEventListener.onException(WebEventListener.java:58)
	at jdk.internal.reflect.GeneratedMethodAccessor30.invoke(Unknown Source)
	at java.base/jdk.internal.reflect.DelegatingMethodAccessorImpl.invoke(DelegatingMethodAccessorImpl.java:43)
	at java.base/java.lang.reflect.Method.invoke(Method.java:567)
	at org.openqa.selenium.support.events.EventFiringWebDriver.lambda$new$0(EventFiringWebDriver.java:84)
	at jdk.proxy2/jdk.proxy2.$Proxy13.onException(Unknown Source)
	at org.openqa.selenium.support.events.EventFiringWebDriver.lambda$new$1(EventFiringWebDriver.java:107)
	at jdk.proxy2/jdk.proxy2.$Proxy14.getScreenshotAs(Unknown Source)
	at org.openqa.selenium.support.events.EventFiringWebDriver.getScreenshotAs(EventFiringWebDriver.java:302)
	at com.E_GP.QA.Util.TestUtil.takeScreenshotAtEndOfTest(TestUtil.java:97)
	at com.E_GP.QA.Util.WebEventListener.onException(WebEventListener.java:58)
	at jdk.internal.reflect.GeneratedMethodAccessor30.invoke(Unknown Source)
	at java.base/jdk.internal.reflect.DelegatingMethodAccessorImpl.invoke(DelegatingMethodAccessorImpl.java:43)
	at java.base/java.lang.reflect.Method.invoke(Method.java:567)
	at org.openqa.selenium.support.events.EventFiringWebDriver.lambda$new$0(EventFiringWebDriver.java:84)
	at jdk.proxy2/jdk.proxy2.$Proxy13.onException(Unknown Source)
	at org.openqa.selenium.support.events.EventFiringWebDriver.lambda$new$1(EventFiringWebDriver.java:107)
	at jdk.proxy2/jdk.proxy2.$Proxy14.getScreenshotAs(Unknown Source)
	at org.openqa.selenium.support.events.EventFiringWebDriver.getScreenshotAs(EventFiringWebDriver.java:302)
	at com.E_GP.QA.Util.TestUtil.takeScreenshotAtEndOfTest(TestUtil.java:97)
	at com.E_GP.QA.Util.WebEventListener.onException(WebEventListener.java:58)
	at jdk.internal.reflect.GeneratedMethodAccessor30.invoke(Unknown Source)
	at java.base/jdk.internal.reflect.DelegatingMethodAccessorImpl.invoke(DelegatingMethodAccessorImpl.java:43)
	at java.base/java.lang.reflect.Method.invoke(Method.java:567)
	at org.openqa.selenium.support.events.EventFiringWebDriver.lambda$new$0(EventFiringWebDriver.java:84)
	at jdk.proxy2/jdk.proxy2.$Proxy13.onException(Unknown Source)
	at org.openqa.selenium.support.events.EventFiringWebDriver.lambda$new$1(EventFiringWebDriver.java:107)
	at jdk.proxy2/jdk.proxy2.$Proxy14.getScreenshotAs(Unknown Source)
	at org.openqa.selenium.support.events.EventFiringWebDriver.getScreenshotAs(EventFiringWebDriver.java:302)
	at com.E_GP.QA.Util.TestUtil.takeScreenshotAtEndOfTest(TestUtil.java:97)
	at com.E_GP.QA.Util.WebEventListener.onException(WebEventListener.java:58)
	at jdk.internal.reflect.GeneratedMethodAccessor30.invoke(Unknown Source)
	at java.base/jdk.internal.reflect.DelegatingMethodAccessorImpl.invoke(DelegatingMethodAccessorImpl.java:43)
	at java.base/java.lang.reflect.Method.invoke(Method.java:567)
	at org.openqa.selenium.support.events.EventFiringWebDriver.lambda$new$0(EventFiringWebDriver.java:84)
	at jdk.proxy2/jdk.proxy2.$Proxy13.onException(Unknown Source)
	at org.openqa.selenium.support.events.EventFiringWebDriver.lambda$new$1(EventFiringWebDriver.java:107)
	at jdk.proxy2/jdk.proxy2.$Proxy14.getScreenshotAs(Unknown Source)
	at org.openqa.selenium.support.events.EventFiringWebDriver.getScreenshotAs(EventFiringWebDriver.java:302)
	at com.E_GP.QA.Util.TestUtil.takeScreenshotAtEndOfTest(TestUtil.java:97)
	at com.E_GP.QA.Util.WebEventListener.onException(WebEventListener.java:58)
	at jdk.internal.reflect.GeneratedMethodAccessor30.invoke(Unknown Source)
	at java.base/jdk.internal.reflect.DelegatingMethodAccessorImpl.invoke(DelegatingMethodAccessorImpl.java:43)
	at java.base/java.lang.reflect.Method.invoke(Method.java:567)
	at org.openqa.selenium.support.events.EventFiringWebDriver.lambda$new$0(EventFiringWebDriver.java:84)
	at jdk.proxy2/jdk.proxy2.$Proxy13.onException(Unknown Source)
	at org.openqa.selenium.support.events.EventFiringWebDriver.lambda$new$1(EventFiringWebDriver.java:107)
	at jdk.proxy2/jdk.proxy2.$Proxy14.getScreenshotAs(Unknown Source)
	at org.openqa.selenium.support.events.EventFiringWebDriver.getScreenshotAs(EventFiringWebDriver.java:302)
	at com.E_GP.QA.Util.TestUtil.takeScreenshotAtEndOfTest(TestUtil.java:97)
	at com.E_GP.QA.Util.WebEventListener.onException(WebEventListener.java:58)
	at jdk.internal.reflect.GeneratedMethodAccessor30.invoke(Unknown Source)
	at java.base/jdk.internal.reflect.DelegatingMethodAccessorImpl.invoke(DelegatingMethodAccessorImpl.java:43)
	at java.base/java.lang.reflect.Method.invoke(Method.java:567)
	at org.openqa.selenium.support.events.EventFiringWebDriver.lambda$new$0(EventFiringWebDriver.java:84)
	at jdk.proxy2/jdk.proxy2.$Proxy13.onException(Unknown Source)
	at org.openqa.selenium.support.events.EventFiringWebDriver.lambda$new$1(EventFiringWebDriver.java:107)
	at jdk.proxy2/jdk.proxy2.$Proxy14.getScreenshotAs(Unknown Source)
	at org.openqa.selenium.support.events.EventFiringWebDriver.getScreenshotAs(EventFiringWebDriver.java:302)
	at com.E_GP.QA.Util.TestUtil.takeScreenshotAtEndOfTest(TestUtil.java:97)
	at com.E_GP.QA.Util.WebEventListener.onException(WebEventListener.java:58)
	at jdk.internal.reflect.GeneratedMethodAccessor30.invoke(Unknown Source)
	at java.base/jdk.internal.reflect.DelegatingMethodAccessorImpl.invoke(DelegatingMethodAccessorImpl.java:43)
	at java.base/java.lang.reflect.Method.invoke(Method.java:567)
	at org.openqa.selenium.support.events.EventFiringWebDriver.lambda$new$0(EventFiringWebDriver.java:84)
	at jdk.proxy2/jdk.proxy2.$Proxy13.onException(Unknown Source)
	at org.openqa.selenium.support.events.EventFiringWebDriver.lambda$new$1(EventFiringWebDriver.java:107)
	at jdk.proxy2/jdk.proxy2.$Proxy14.getScreenshotAs(Unknown Source)
	at org.openqa.selenium.support.events.EventFiringWebDriver.getScreenshotAs(EventFiringWebDriver.java:302)
	at com.E_GP.QA.Util.TestUtil.takeScreenshotAtEndOfTest(TestUtil.java:97)
	at com.E_GP.QA.Util.WebEventListener.onException(WebEventListener.java:58)
	at jdk.internal.reflect.GeneratedMethodAccessor30.invoke(Unknown Source)
	at java.base/jdk.internal.reflect.DelegatingMethodAccessorImpl.invoke(DelegatingMethodAccessorImpl.java:43)
	at java.base/java.lang.reflect.Method.invoke(Method.java:567)
	at org.openqa.selenium.support.events.EventFiringWebDriver.lambda$new$0(EventFiringWebDriver.java:84)
	at jdk.proxy2/jdk.proxy2.$Proxy13.onException(Unknown Source)
	at org.openqa.selenium.support.events.EventFiringWebDriver.lambda$new$1(EventFiringWebDriver.java:107)
	at jdk.proxy2/jdk.proxy2.$Proxy14.getScreenshotAs(Unknown Source)
	at org.openqa.selenium.support.events.EventFiringWebDriver.getScreenshotAs(EventFiringWebDriver.java:302)
	at com.E_GP.QA.Util.TestUtil.takeScreenshotAtEndOfTest(TestUtil.java:97)
	at com.E_GP.QA.Util.WebEventListener.onException(WebEventListener.java:58)
	at jdk.internal.reflect.GeneratedMethodAccessor30.invoke(Unknown Source)
	at java.base/jdk.internal.reflect.DelegatingMethodAccessorImpl.invoke(DelegatingMethodAccessorImpl.java:43)
	at java.base/java.lang.reflect.Method.invoke(Method.java:567)
	at org.openqa.selenium.support.events.EventFiringWebDriver.lambda$new$0(EventFiringWebDriver.java:84)
	at jdk.proxy2/jdk.proxy2.$Proxy13.onException(Unknown Source)
	at org.openqa.selenium.support.events.EventFiringWebDriver.lambda$new$1(EventFiringWebDriver.java:107)
	at jdk.proxy2/jdk.proxy2.$Proxy14.getScreenshotAs(Unknown Source)
	at org.openqa.selenium.support.events.EventFiringWebDriver.getScreenshotAs(EventFiringWebDriver.java:302)
	at com.E_GP.QA.Util.TestUtil.takeScreenshotAtEndOfTest(TestUtil.java:97)
	at com.E_GP.QA.Util.WebEventListener.onException(WebEventListener.java:58)
	at jdk.internal.reflect.GeneratedMethodAccessor30.invoke(Unknown Source)
	at java.base/jdk.internal.reflect.DelegatingMethodAccessorImpl.invoke(DelegatingMethodAccessorImpl.java:43)
	at java.base/java.lang.reflect.Method.invoke(Method.java:567)
	at org.openqa.selenium.support.events.EventFiringWebDriver.lambda$new$0(EventFiringWebDriver.java:84)
	at jdk.proxy2/jdk.proxy2.$Proxy13.onException(Unknown Source)
	at org.openqa.selenium.support.events.EventFiringWebDriver.lambda$new$1(EventFiringWebDriver.java:107)
	at jdk.proxy2/jdk.proxy2.$Proxy14.getScreenshotAs(Unknown Source)
	at org.openqa.selenium.support.events.EventFiringWebDriver.getScreenshotAs(EventFiringWebDriver.java:302)
	at com.E_GP.QA.Util.TestUtil.takeScreenshotAtEndOfTest(TestUtil.java:97)
	at com.E_GP.QA.Util.WebEventListener.onException(WebEventListener.java:58)
	at jdk.internal.reflect.GeneratedMethodAccessor30.invoke(Unknown Source)
	at java.base/jdk.internal.reflect.DelegatingMethodAccessorImpl.invoke(DelegatingMethodAccessorImpl.java:43)
	at java.base/java.lang.reflect.Method.invoke(Method.java:567)
	at org.openqa.selenium.support.events.EventFiringWebDriver.lambda$new$0(EventFiringWebDriver.java:84)
	at jdk.proxy2/jdk.proxy2.$Proxy13.onException(Unknown Source)
	at org.openqa.selenium.support.events.EventFiringWebDriver.lambda$new$1(EventFiringWebDriver.java:107)
	at jdk.proxy2/jdk.proxy2.$Proxy14.getScreenshotAs(Unknown Source)
	at org.openqa.selenium.support.events.EventFiringWebDriver.getScreenshotAs(EventFiringWebDriver.java:302)
	at com.E_GP.QA.Util.TestUtil.takeScreenshotAtEndOfTest(TestUtil.java:97)
	at com.E_GP.QA.Util.WebEventListener.onException(WebEventListener.java:58)
	at jdk.internal.reflect.GeneratedMethodAccessor30.invoke(Unknown Source)
	at java.base/jdk.internal.reflect.DelegatingMethodAccessorImpl.invoke(DelegatingMethodAccessorImpl.java:43)
	at java.base/java.lang.reflect.Method.invoke(Method.java:567)
	at org.openqa.selenium.support.events.EventFiringWebDriver.lambda$new$0(EventFiringWebDriver.java:84)
	at jdk.proxy2/jdk.proxy2.$Proxy13.onException(Unknown Source)
	at org.openqa.selenium.support.events.EventFiringWebDriver.lambda$new$1(EventFiringWebDriver.java:107)
	at jdk.proxy2/jdk.proxy2.$Proxy14.getScreenshotAs(Unknown Source)
	at org.openqa.selenium.support.events.EventFiringWebDriver.getScreenshotAs(EventFiringWebDriver.java:302)
	at com.E_GP.QA.Util.TestUtil.takeScreenshotAtEndOfTest(TestUtil.java:97)
	at com.E_GP.QA.Util.WebEventListener.onException(WebEventListener.java:58)
	at jdk.internal.reflect.GeneratedMethodAccessor30.invoke(Unknown Source)
	at java.base/jdk.internal.reflect.DelegatingMethodAccessorImpl.invoke(DelegatingMethodAccessorImpl.java:43)
	at java.base/java.lang.reflect.Method.invoke(Method.java:567)
	at org.openqa.selenium.support.events.EventFiringWebDriver.lambda$new$0(EventFiringWebDriver.java:84)
	at jdk.proxy2/jdk.proxy2.$Proxy13.onException(Unknown Source)
	at org.openqa.selenium.support.events.EventFiringWebDriver.lambda$new$1(EventFiringWebDriver.java:107)
	at jdk.proxy2/jdk.proxy2.$Proxy14.getScreenshotAs(Unknown Source)
	at org.openqa.selenium.support.events.EventFiringWebDriver.getScreenshotAs(EventFiringWebDriver.java:302)
	at com.E_GP.QA.Util.TestUtil.takeScreenshotAtEndOfTest(TestUtil.java:97)
	at com.E_GP.QA.Util.WebEventListener.onException(WebEventListener.java:58)
	at jdk.internal.reflect.GeneratedMethodAccessor30.invoke(Unknown Source)
	at java.base/jdk.internal.reflect.DelegatingMethodAccessorImpl.invoke(DelegatingMethodAccessorImpl.java:43)
	at java.base/java.lang.reflect.Method.invoke(Method.java:567)
	at org.openqa.selenium.support.events.EventFiringWebDriver.lambda$new$0(EventFiringWebDriver.java:84)
	at jdk.proxy2/jdk.proxy2.$Proxy13.onException(Unknown Source)
	at org.openqa.selenium.support.events.EventFiringWebDriver.lambda$new$1(EventFiringWebDriver.java:107)
	at jdk.proxy2/jdk.proxy2.$Proxy14.getScreenshotAs(Unknown Source)
	at org.openqa.selenium.support.events.EventFiringWebDriver.getScreenshotAs(EventFiringWebDriver.java:302)
	at com.E_GP.QA.Util.TestUtil.takeScreenshotAtEndOfTest(TestUtil.java:97)
	at com.E_GP.QA.Util.WebEventListener.onException(WebEventListener.java:58)
	at jdk.internal.reflect.GeneratedMethodAccessor30.invoke(Unknown Source)
	at java.base/jdk.internal.reflect.DelegatingMethodAccessorImpl.invoke(DelegatingMethodAccessorImpl.java:43)
	at java.base/java.lang.reflect.Method.invoke(Method.java:567)
	at org.openqa.selenium.support.events.EventFiringWebDriver.lambda$new$0(EventFiringWebDriver.java:84)
	at jdk.proxy2/jdk.proxy2.$Proxy13.onException(Unknown Source)
	at org.openqa.selenium.support.events.EventFiringWebDriver.lambda$new$1(EventFiringWebDriver.java:107)
	at jdk.proxy2/jdk.proxy2.$Proxy14.getScreenshotAs(Unknown Source)
	at org.openqa.selenium.support.events.EventFiringWebDriver.getScreenshotAs(EventFiringWebDriver.java:302)
	at com.E_GP.QA.Util.TestUtil.takeScreenshotAtEndOfTest(TestUtil.java:97)
	at com.E_GP.QA.Util.WebEventListener.onException(WebEventListener.java:58)
	at jdk.internal.reflect.GeneratedMethodAccessor30.invoke(Unknown Source)
	at java.base/jdk.internal.reflect.DelegatingMethodAccessorImpl.invoke(DelegatingMethodAccessorImpl.java:43)
	at java.base/java.lang.reflect.Method.invoke(Method.java:567)
	at org.openqa.selenium.support.events.EventFiringWebDriver.lambda$new$0(EventFiringWebDriver.java:84)
	at jdk.proxy2/jdk.proxy2.$Proxy13.onException(Unknown Source)
	at org.openqa.selenium.support.events.EventFiringWebDriver.lambda$new$1(EventFiringWebDriver.java:107)
	at jdk.proxy2/jdk.proxy2.$Proxy14.getScreenshotAs(Unknown Source)
	at org.openqa.selenium.support.events.EventFiringWebDriver.getScreenshotAs(EventFiringWebDriver.java:302)
	at com.E_GP.QA.Util.TestUtil.takeScreenshotAtEndOfTest(TestUtil.java:97)
	at com.E_GP.QA.Util.WebEventListener.onException(WebEventListener.java:58)
	at jdk.internal.reflect.GeneratedMethodAccessor30.invoke(Unknown Source)
	at java.base/jdk.internal.reflect.DelegatingMethodAccessorImpl.invoke(DelegatingMethodAccessorImpl.java:43)
	at java.base/java.lang.reflect.Method.invoke(Method.java:567)
	at org.openqa.selenium.support.events.EventFiringWebDriver.lambda$new$0(EventFiringWebDriver.java:84)
	at jdk.proxy2/jdk.proxy2.$Proxy13.onException(Unknown Source)
	at org.openqa.selenium.support.events.EventFiringWebDriver.lambda$new$1(EventFiringWebDriver.java:107)
	at jdk.proxy2/jdk.proxy2.$Proxy14.getScreenshotAs(Unknown Source)
	at org.openqa.selenium.support.events.EventFiringWebDriver.getScreenshotAs(EventFiringWebDriver.java:302)
	at com.E_GP.QA.Util.TestUtil.takeScreenshotAtEndOfTest(TestUtil.java:97)
	at com.E_GP.QA.Util.WebEventListener.onException(WebEventListener.java:58)
	at jdk.internal.reflect.GeneratedMethodAccessor30.invoke(Unknown Source)
	at java.base/jdk.internal.reflect.DelegatingMethodAccessorImpl.invoke(DelegatingMethodAccessorImpl.java:43)
	at java.base/java.lang.reflect.Method.invoke(Method.java:567)
	at org.openqa.selenium.support.events.EventFiringWebDriver.lambda$new$0(EventFiringWebDriver.java:84)
	at jdk.proxy2/jdk.proxy2.$Proxy13.onException(Unknown Source)
	at org.openqa.selenium.support.events.EventFiringWebDriver.lambda$new$1(EventFiringWebDriver.java:107)
	at jdk.proxy2/jdk.proxy2.$Proxy14.getScreenshotAs(Unknown Source)
	at org.openqa.selenium.support.events.EventFiringWebDriver.getScreenshotAs(EventFiringWebDriver.java:302)
	at com.E_GP.QA.Util.TestUtil.takeScreenshotAtEndOfTest(TestUtil.java:97)
	at com.E_GP.QA.Util.WebEventListener.onException(WebEventListener.java:58)
	at jdk.internal.reflect.GeneratedMethodAccessor30.invoke(Unknown Source)
	at java.base/jdk.internal.reflect.DelegatingMethodAccessorImpl.invoke(DelegatingMethodAccessorImpl.java:43)
	at java.base/java.lang.reflect.Method.invoke(Method.java:567)
	at org.openqa.selenium.support.events.EventFiringWebDriver.lambda$new$0(EventFiringWebDriver.java:84)
	at jdk.proxy2/jdk.proxy2.$Proxy13.onException(Unknown Source)
	at org.openqa.selenium.support.events.EventFiringWebDriver.lambda$new$1(EventFiringWebDriver.java:107)
	at jdk.proxy2/jdk.proxy2.$Proxy14.getScreenshotAs(Unknown Source)
	at org.openqa.selenium.support.events.EventFiringWebDriver.getScreenshotAs(EventFiringWebDriver.java:302)
	at com.E_GP.QA.Util.TestUtil.takeScreenshotAtEndOfTest(TestUtil.java:97)
	at com.E_GP.QA.Util.WebEventListener.onException(WebEventListener.java:58)
	at jdk.internal.reflect.GeneratedMethodAccessor30.invoke(Unknown Source)
	at java.base/jdk.internal.reflect.DelegatingMethodAccessorImpl.invoke(DelegatingMethodAccessorImpl.java:43)
	at java.base/java.lang.reflect.Method.invoke(Method.java:567)
	at org.openqa.selenium.support.events.EventFiringWebDriver.lambda$new$0(EventFiringWebDriver.java:84)
	at jdk.proxy2/jdk.proxy2.$Proxy13.onException(Unknown Source)
	at org.openqa.selenium.support.events.EventFiringWebDriver.lambda$new$1(EventFiringWebDriver.java:107)
	at jdk.proxy2/jdk.proxy2.$Proxy14.getScreenshotAs(Unknown Source)
	at org.openqa.selenium.support.events.EventFiringWebDriver.getScreenshotAs(EventFiringWebDriver.java:302)
	at com.E_GP.QA.Util.TestUtil.takeScreenshotAtEndOfTest(TestUtil.java:97)
	at com.E_GP.QA.Util.WebEventListener.onException(WebEventListener.java:58)
	at jdk.internal.reflect.GeneratedMethodAccessor30.invoke(Unknown Source)
	at java.base/jdk.internal.reflect.DelegatingMethodAccessorImpl.invoke(DelegatingMethodAccessorImpl.java:43)
	at java.base/java.lang.reflect.Method.invoke(Method.java:567)
	at org.openqa.selenium.support.events.EventFiringWebDriver.lambda$new$0(EventFiringWebDriver.java:84)
	at jdk.proxy2/jdk.proxy2.$Proxy13.onException(Unknown Source)
	at org.openqa.selenium.support.events.EventFiringWebDriver.lambda$new$1(EventFiringWebDriver.java:107)
	at jdk.proxy2/jdk.proxy2.$Proxy14.getScreenshotAs(Unknown Source)
	at org.openqa.selenium.support.events.EventFiringWebDriver.getScreenshotAs(EventFiringWebDriver.java:302)
	at com.E_GP.QA.Util.TestUtil.takeScreenshotAtEndOfTest(TestUtil.java:97)
	at com.E_GP.QA.Util.WebEventListener.onException(WebEventListener.java:58)
	at jdk.internal.reflect.GeneratedMethodAccessor30.invoke(Unknown Source)
	at java.base/jdk.internal.reflect.DelegatingMethodAccessorImpl.invoke(DelegatingMethodAccessorImpl.java:43)
	at java.base/java.lang.reflect.Method.invoke(Method.java:567)
	at org.openqa.selenium.support.events.EventFiringWebDriver.lambda$new$0(EventFiringWebDriver.java:84)
	at jdk.proxy2/jdk.proxy2.$Proxy13.onException(Unknown Source)
	at org.openqa.selenium.support.events.EventFiringWebDriver.lambda$new$1(EventFiringWebDriver.java:107)
	at jdk.proxy2/jdk.proxy2.$Proxy14.getScreenshotAs(Unknown Source)
	at org.openqa.selenium.support.events.EventFiringWebDriver.getScreenshotAs(EventFiringWebDriver.java:302)
	at com.E_GP.QA.Util.TestUtil.takeScreenshotAtEndOfTest(TestUtil.java:97)
	at com.E_GP.QA.Util.WebEventListener.onException(WebEventListener.java:58)
	at jdk.internal.reflect.GeneratedMethodAccessor30.invoke(Unknown Source)
	at java.base/jdk.internal.reflect.DelegatingMethodAccessorImpl.invoke(DelegatingMethodAccessorImpl.java:43)
	at java.base/java.lang.reflect.Method.invoke(Method.java:567)
	at org.openqa.selenium.support.events.EventFiringWebDriver.lambda$new$0(EventFiringWebDriver.java:84)
	at jdk.proxy2/jdk.proxy2.$Proxy13.onException(Unknown Source)
	at org.openqa.selenium.support.events.EventFiringWebDriver.lambda$new$1(EventFiringWebDriver.java:107)
	at jdk.proxy2/jdk.proxy2.$Proxy14.getScreenshotAs(Unknown Source)
	at org.openqa.selenium.support.events.EventFiringWebDriver.getScreenshotAs(EventFiringWebDriver.java:302)
	at com.E_GP.QA.Util.TestUtil.takeScreenshotAtEndOfTest(TestUtil.java:97)
	at com.E_GP.QA.Util.WebEventListener.onException(WebEventListener.java:58)
	at jdk.internal.reflect.GeneratedMethodAccessor30.invoke(Unknown Source)
	at java.base/jdk.internal.reflect.DelegatingMethodAccessorImpl.invoke(DelegatingMethodAccessorImpl.java:43)
	at java.base/java.lang.reflect.Method.invoke(Method.java:567)
	at org.openqa.selenium.support.events.EventFiringWebDriver.lambda$new$0(EventFiringWebDriver.java:84)
	at jdk.proxy2/jdk.proxy2.$Proxy13.onException(Unknown Source)
	at org.openqa.selenium.support.events.EventFiringWebDriver.lambda$new$1(EventFiringWebDriver.java:107)
	at jdk.proxy2/jdk.proxy2.$Proxy14.getScreenshotAs(Unknown Source)
	at org.openqa.selenium.support.events.EventFiringWebDriver.getScreenshotAs(EventFiringWebDriver.java:302)
	at com.E_GP.QA.Util.TestUtil.takeScreenshotAtEndOfTest(TestUtil.java:97)
	at com.E_GP.QA.Util.WebEventListener.onException(WebEventListener.java:58)
	at jdk.internal.reflect.GeneratedMethodAccessor30.invoke(Unknown Source)
	at java.base/jdk.internal.reflect.DelegatingMethodAccessorImpl.invoke(DelegatingMethodAccessorImpl.java:43)
	at java.base/java.lang.reflect.Method.invoke(Method.java:567)
	at org.openqa.selenium.support.events.EventFiringWebDriver.lambda$new$0(EventFiringWebDriver.java:84)
	at jdk.proxy2/jdk.proxy2.$Proxy13.onException(Unknown Source)
	at org.openqa.selenium.support.events.EventFiringWebDriver.lambda$new$1(EventFiringWebDriver.java:107)
	at jdk.proxy2/jdk.proxy2.$Proxy14.getScreenshotAs(Unknown Source)
	at org.openqa.selenium.support.events.EventFiringWebDriver.getScreenshotAs(EventFiringWebDriver.java:302)
	at com.E_GP.QA.Util.TestUtil.takeScreenshotAtEndOfTest(TestUtil.java:97)
	at com.E_GP.QA.Util.WebEventListener.onException(WebEventListener.java:58)
	at jdk.internal.reflect.GeneratedMethodAccessor30.invoke(Unknown Source)
	at java.base/jdk.internal.reflect.DelegatingMethodAccessorImpl.invoke(DelegatingMethodAccessorImpl.java:43)
	at java.base/java.lang.reflect.Method.invoke(Method.java:567)
	at org.openqa.selenium.support.events.EventFiringWebDriver.lambda$new$0(EventFiringWebDriver.java:84)
	at jdk.proxy2/jdk.proxy2.$Proxy13.onException(Unknown Source)
	at org.openqa.selenium.support.events.EventFiringWebDriver.lambda$new$1(EventFiringWebDriver.java:107)
	at jdk.proxy2/jdk.proxy2.$Proxy14.getScreenshotAs(Unknown Source)
	at org.openqa.selenium.support.events.EventFiringWebDriver.getScreenshotAs(EventFiringWebDriver.java:302)
	at com.E_GP.QA.Util.TestUtil.takeScreenshotAtEndOfTest(TestUtil.java:97)
	at com.E_GP.QA.Util.WebEventListener.onException(WebEventListener.java:58)
	at jdk.internal.reflect.GeneratedMethodAccessor30.invoke(Unknown Source)
	at java.base/jdk.internal.reflect.DelegatingMethodAccessorImpl.invoke(DelegatingMethodAccessorImpl.java:43)
	at java.base/java.lang.reflect.Method.invoke(Method.java:567)
	at org.openqa.selenium.support.events.EventFiringWebDriver.lambda$new$0(EventFiringWebDriver.java:84)
	at jdk.proxy2/jdk.proxy2.$Proxy13.onException(Unknown Source)
	at org.openqa.selenium.support.events.EventFiringWebDriver.lambda$new$1(EventFiringWebDriver.java:107)
	at jdk.proxy2/jdk.proxy2.$Proxy14.getScreenshotAs(Unknown Source)
	at org.openqa.selenium.support.events.EventFiringWebDriver.getScreenshotAs(EventFiringWebDriver.java:302)
	at com.E_GP.QA.Util.TestUtil.takeScreenshotAtEndOfTest(TestUtil.java:97)
	at com.E_GP.QA.Util.WebEventListener.onException(WebEventListener.java:58)
	at jdk.internal.reflect.GeneratedMethodAccessor30.invoke(Unknown Source)
	at java.base/jdk.internal.reflect.DelegatingMethodAccessorImpl.invoke(DelegatingMethodAccessorImpl.java:43)
	at java.base/java.lang.reflect.Method.invoke(Method.java:567)
	at org.openqa.selenium.support.events.EventFiringWebDriver.lambda$new$0(EventFiringWebDriver.java:84)
	at jdk.proxy2/jdk.proxy2.$Proxy13.onException(Unknown Source)
	at org.openqa.selenium.support.events.EventFiringWebDriver.lambda$new$1(EventFiringWebDriver.java:107)
	at jdk.proxy2/jdk.proxy2.$Proxy14.getScreenshotAs(Unknown Source)
	at org.openqa.selenium.support.events.EventFiringWebDriver.getScreenshotAs(EventFiringWebDriver.java:302)
	at com.E_GP.QA.Util.TestUtil.takeScreenshotAtEndOfTest(TestUtil.java:97)
	at com.E_GP.QA.Util.WebEventListener.onException(WebEventListener.java:58)
	at jdk.internal.reflect.GeneratedMethodAccessor30.invoke(Unknown Source)
	at java.base/jdk.internal.reflect.DelegatingMethodAccessorImpl.invoke(DelegatingMethodAccessorImpl.java:43)
	at java.base/java.lang.reflect.Method.invoke(Method.java:567)
	at org.openqa.selenium.support.events.EventFiringWebDriver.lambda$new$0(EventFiringWebDriver.java:84)
	at jdk.proxy2/jdk.proxy2.$Proxy13.onException(Unknown Source)
	at org.openqa.selenium.support.events.EventFiringWebDriver.lambda$new$1(EventFiringWebDriver.java:107)
	at jdk.proxy2/jdk.proxy2.$Proxy14.getScreenshotAs(Unknown Source)
	at org.openqa.selenium.support.events.EventFiringWebDriver.getScreenshotAs(EventFiringWebDriver.java:302)
	at com.E_GP.QA.Util.TestUtil.takeScreenshotAtEndOfTest(TestUtil.java:97)
	at com.E_GP.QA.Util.WebEventListener.onException(WebEventListener.java:58)
	at jdk.internal.reflect.GeneratedMethodAccessor30.invoke(Unknown Source)
	at java.base/jdk.internal.reflect.DelegatingMethodAccessorImpl.invoke(DelegatingMethodAccessorImpl.java:43)
	at java.base/java.lang.reflect.Method.invoke(Method.java:567)
	at org.openqa.selenium.support.events.EventFiringWebDriver.lambda$new$0(EventFiringWebDriver.java:84)
	at jdk.proxy2/jdk.proxy2.$Proxy13.onException(Unknown Source)
	at org.openqa.selenium.support.events.EventFiringWebDriver.lambda$new$1(EventFiringWebDriver.java:107)
	at jdk.proxy2/jdk.proxy2.$Proxy14.getScreenshotAs(Unknown Source)
	at org.openqa.selenium.support.events.EventFiringWebDriver.getScreenshotAs(EventFiringWebDriver.java:302)
	at com.E_GP.QA.Util.TestUtil.takeScreenshotAtEndOfTest(TestUtil.java:97)
	at com.E_GP.QA.Util.WebEventListener.onException(WebEventListener.java:58)
	at jdk.internal.reflect.GeneratedMethodAccessor30.invoke(Unknown Source)
	at java.base/jdk.internal.reflect.DelegatingMethodAccessorImpl.invoke(DelegatingMethodAccessorImpl.java:43)
	at java.base/java.lang.reflect.Method.invoke(Method.java:567)
	at org.openqa.selenium.support.events.EventFiringWebDriver.lambda$new$0(EventFiringWebDriver.java:84)
	at jdk.proxy2/jdk.proxy2.$Proxy13.onException(Unknown Source)
	at org.openqa.selenium.support.events.EventFiringWebDriver.lambda$new$1(EventFiringWebDriver.java:107)
	at jdk.proxy2/jdk.proxy2.$Proxy14.getScreenshotAs(Unknown Source)
	at org.openqa.selenium.support.events.EventFiringWebDriver.getScreenshotAs(EventFiringWebDriver.java:302)
	at com.E_GP.QA.Util.TestUtil.takeScreenshotAtEndOfTest(TestUtil.java:97)
	at com.E_GP.QA.Util.WebEventListener.onException(WebEventListener.java:58)
	at jdk.internal.reflect.GeneratedMethodAccessor30.invoke(Unknown Source)
	at java.base/jdk.internal.reflect.DelegatingMethodAccessorImpl.invoke(DelegatingMethodAccessorImpl.java:43)
	at java.base/java.lang.reflect.Method.invoke(Method.java:567)
	at org.openqa.selenium.support.events.EventFiringWebDriver.lambda$new$0(EventFiringWebDriver.java:84)
	at jdk.proxy2/jdk.proxy2.$Proxy13.onException(Unknown Source)
	at org.openqa.selenium.support.events.EventFiringWebDriver.lambda$new$1(EventFiringWebDriver.java:107)
	at jdk.proxy2/jdk.proxy2.$Proxy14.getScreenshotAs(Unknown Source)
	at org.openqa.selenium.support.events.EventFiringWebDriver.getScreenshotAs(EventFiringWebDriver.java:302)
	at com.E_GP.QA.Util.TestUtil.takeScreenshotAtEndOfTest(TestUtil.java:97)
	at com.E_GP.QA.Util.WebEventListener.onException(WebEventListener.java:58)
	at jdk.internal.reflect.GeneratedMethodAccessor30.invoke(Unknown Source)
	at java.base/jdk.internal.reflect.DelegatingMethodAccessorImpl.invoke(DelegatingMethodAccessorImpl.java:43)
	at java.base/java.lang.reflect.Method.invoke(Method.java:567)
	at org.openqa.selenium.support.events.EventFiringWebDriver.lambda$new$0(EventFiringWebDriver.java:84)
	at jdk.proxy2/jdk.proxy2.$Proxy13.onException(Unknown Source)
	at org.openqa.selenium.support.events.EventFiringWebDriver.lambda$new$1(EventFiringWebDriver.java:107)
	at jdk.proxy2/jdk.proxy2.$Proxy14.getScreenshotAs(Unknown Source)
	at org.openqa.selenium.support.events.EventFiringWebDriver.getScreenshotAs(EventFiringWebDriver.java:302)
	at com.E_GP.QA.Util.TestUtil.takeScreenshotAtEndOfTest(TestUtil.java:97)
	at com.E_GP.QA.Util.WebEventListener.onException(WebEventListener.java:58)
	at jdk.internal.reflect.GeneratedMethodAccessor30.invoke(Unknown Source)
	at java.base/jdk.internal.reflect.DelegatingMethodAccessorImpl.invoke(DelegatingMethodAccessorImpl.java:43)
	at java.base/java.lang.reflect.Method.invoke(Method.java:567)
	at org.openqa.selenium.support.events.EventFiringWebDriver.lambda$new$0(EventFiringWebDriver.java:84)
	at jdk.proxy2/jdk.proxy2.$Proxy13.onException(Unknown Source)
	at org.openqa.selenium.support.events.EventFiringWebDriver.lambda$new$1(EventFiringWebDriver.java:107)
	at jdk.proxy2/jdk.proxy2.$Proxy14.getScreenshotAs(Unknown Source)
	at org.openqa.selenium.support.events.EventFiringWebDriver.getScreenshotAs(EventFiringWebDriver.java:302)
	at com.E_GP.QA.Util.TestUtil.takeScreenshotAtEndOfTest(TestUtil.java:97)
	at com.E_GP.QA.Util.WebEventListener.onException(WebEventListener.java:58)
	at jdk.internal.reflect.GeneratedMethodAccessor30.invoke(Unknown Source)
	at java.base/jdk.internal.reflect.DelegatingMethodAccessorImpl.invoke(DelegatingMethodAccessorImpl.java:43)
	at java.base/java.lang.reflect.Method.invoke(Method.java:567)
	at org.openqa.selenium.support.events.EventFiringWebDriver.lambda$new$0(EventFiringWebDriver.java:84)
	at jdk.proxy2/jdk.proxy2.$Proxy13.onException(Unknown Source)
	at org.openqa.selenium.support.events.EventFiringWebDriver.lambda$new$1(EventFiringWebDriver.java:107)
	at jdk.proxy2/jdk.proxy2.$Proxy14.getScreenshotAs(Unknown Source)
	at org.openqa.selenium.support.events.EventFiringWebDriver.getScreenshotAs(EventFiringWebDriver.java:302)
	at com.E_GP.QA.Util.TestUtil.takeScreenshotAtEndOfTest(TestUtil.java:97)
	at com.E_GP.QA.Util.WebEventListener.onException(WebEventListener.java:58)
	at jdk.internal.reflect.GeneratedMethodAccessor30.invoke(Unknown Source)
	at java.base/jdk.internal.reflect.DelegatingMethodAccessorImpl.invoke(DelegatingMethodAccessorImpl.java:43)
	at java.base/java.lang.reflect.Method.invoke(Method.java:567)
	at org.openqa.selenium.support.events.EventFiringWebDriver.lambda$new$0(EventFiringWebDriver.java:84)
	at jdk.proxy2/jdk.proxy2.$Proxy13.onException(Unknown Source)
	at org.openqa.selenium.support.events.EventFiringWebDriver.lambda$new$1(EventFiringWebDriver.java:107)
	at jdk.proxy2/jdk.proxy2.$Proxy14.getScreenshotAs(Unknown Source)
	at org.openqa.selenium.support.events.EventFiringWebDriver.getScreenshotAs(EventFiringWebDriver.java:302)
	at com.E_GP.QA.Util.TestUtil.takeScreenshotAtEndOfTest(TestUtil.java:97)
	at com.E_GP.QA.Util.WebEventListener.onException(WebEventListener.java:58)
	at jdk.internal.reflect.GeneratedMethodAccessor30.invoke(Unknown Source)
	at java.base/jdk.internal.reflect.DelegatingMethodAccessorImpl.invoke(DelegatingMethodAccessorImpl.java:43)
	at java.base/java.lang.reflect.Method.invoke(Method.java:567)
	at org.openqa.selenium.support.events.EventFiringWebDriver.lambda$new$0(EventFiringWebDriver.java:84)
	at jdk.proxy2/jdk.proxy2.$Proxy13.onException(Unknown Source)
	at org.openqa.selenium.support.events.EventFiringWebDriver.lambda$new$1(EventFiringWebDriver.java:107)
	at jdk.proxy2/jdk.proxy2.$Proxy14.getScreenshotAs(Unknown Source)
	at org.openqa.selenium.support.events.EventFiringWebDriver.getScreenshotAs(EventFiringWebDriver.java:302)
	at com.E_GP.QA.Util.TestUtil.takeScreenshotAtEndOfTest(TestUtil.java:97)
	at com.E_GP.QA.Util.WebEventListener.onException(WebEventListener.java:58)
	at jdk.internal.reflect.GeneratedMethodAccessor30.invoke(Unknown Source)
	at java.base/jdk.internal.reflect.DelegatingMethodAccessorImpl.invoke(DelegatingMethodAccessorImpl.java:43)
	at java.base/java.lang.reflect.Method.invoke(Method.java:567)
	at org.openqa.selenium.support.events.EventFiringWebDriver.lambda$new$0(EventFiringWebDriver.java:84)
	at jdk.proxy2/jdk.proxy2.$Proxy13.onException(Unknown Source)
	at org.openqa.selenium.support.events.EventFiringWebDriver.lambda$new$1(EventFiringWebDriver.java:107)
	at jdk.proxy2/jdk.proxy2.$Proxy14.getScreenshotAs(Unknown Source)
	at org.openqa.selenium.support.events.EventFiringWebDriver.getScreenshotAs(EventFiringWebDriver.java:302)
	at com.E_GP.QA.Util.TestUtil.takeScreenshotAtEndOfTest(TestUtil.java:97)
	at com.E_GP.QA.Util.WebEventListener.onException(WebEventListener.java:58)
	at jdk.internal.reflect.GeneratedMethodAccessor30.invoke(Unknown Source)
	at java.base/jdk.internal.reflect.DelegatingMethodAccessorImpl.invoke(DelegatingMethodAccessorImpl.java:43)
	at java.base/java.lang.reflect.Method.invoke(Method.java:567)
	at org.openqa.selenium.support.events.EventFiringWebDriver.lambda$new$0(EventFiringWebDriver.java:84)
	at jdk.proxy2/jdk.proxy2.$Proxy13.onException(Unknown Source)
	at org.openqa.selenium.support.events.EventFiringWebDriver.lambda$new$1(EventFiringWebDriver.java:107)
	at jdk.proxy2/jdk.proxy2.$Proxy14.getScreenshotAs(Unknown Source)
	at org.openqa.selenium.support.events.EventFiringWebDriver.getScreenshotAs(EventFiringWebDriver.java:302)
	at com.E_GP.QA.Util.TestUtil.takeScreenshotAtEndOfTest(TestUtil.java:97)
	at com.E_GP.QA.Util.WebEventListener.onException(WebEventListener.java:58)
	at jdk.internal.reflect.GeneratedMethodAccessor30.invoke(Unknown Source)
	at java.base/jdk.internal.reflect.DelegatingMethodAccessorImpl.invoke(DelegatingMethodAccessorImpl.java:43)
	at java.base/java.lang.reflect.Method.invoke(Method.java:567)
	at org.openqa.selenium.support.events.EventFiringWebDriver.lambda$new$0(EventFiringWebDriver.java:84)
	at jdk.proxy2/jdk.proxy2.$Proxy13.onException(Unknown Source)
	at org.openqa.selenium.support.events.EventFiringWebDriver.lambda$new$1(EventFiringWebDriver.java:107)
	at jdk.proxy2/jdk.proxy2.$Proxy14.getScreenshotAs(Unknown Source)
	at org.openqa.selenium.support.events.EventFiringWebDriver.getScreenshotAs(EventFiringWebDriver.java:302)
	at com.E_GP.QA.Util.TestUtil.takeScreenshotAtEndOfTest(TestUtil.java:97)
	at com.E_GP.QA.Util.WebEventListener.onException(WebEventListener.java:58)
	at jdk.internal.reflect.GeneratedMethodAccessor30.invoke(Unknown Source)
	at java.base/jdk.internal.reflect.DelegatingMethodAccessorImpl.invoke(DelegatingMethodAccessorImpl.java:43)
	at java.base/java.lang.reflect.Method.invoke(Method.java:567)
	at org.openqa.selenium.support.events.EventFiringWebDriver.lambda$new$0(EventFiringWebDriver.java:84)
	at jdk.proxy2/jdk.proxy2.$Proxy13.onException(Unknown Source)
	at org.openqa.selenium.support.events.EventFiringWebDriver.lambda$new$1(EventFiringWebDriver.java:107)
	at jdk.proxy2/jdk.proxy2.$Proxy14.getScreenshotAs(Unknown Source)
	at org.openqa.selenium.support.events.EventFiringWebDriver.getScreenshotAs(EventFiringWebDriver.java:302)
	at com.E_GP.QA.Util.TestUtil.takeScreenshotAtEndOfTest(TestUtil.java:97)
	at com.E_GP.QA.Util.WebEventListener.onException(WebEventListener.java:58)
	at jdk.internal.reflect.GeneratedMethodAccessor30.invoke(Unknown Source)
	at java.base/jdk.internal.reflect.DelegatingMethodAccessorImpl.invoke(DelegatingMethodAccessorImpl.java:43)
	at java.base/java.lang.reflect.Method.invoke(Method.java:567)
	at org.openqa.selenium.support.events.EventFiringWebDriver.lambda$new$0(EventFiringWebDriver.java:84)
	at jdk.proxy2/jdk.proxy2.$Proxy13.onException(Unknown Source)
	at org.openqa.selenium.support.events.EventFiringWebDriver.lambda$new$1(EventFiringWebDriver.java:107)
	at jdk.proxy2/jdk.proxy2.$Proxy14.getScreenshotAs(Unknown Source)
	at org.openqa.selenium.support.events.EventFiringWebDriver.getScreenshotAs(EventFiringWebDriver.java:302)
	at com.E_GP.QA.Util.TestUtil.takeScreenshotAtEndOfTest(TestUtil.java:97)
	at com.E_GP.QA.Util.WebEventListener.onException(WebEventListener.java:58)
	at jdk.internal.reflect.GeneratedMethodAccessor30.invoke(Unknown Source)
	at java.base/jdk.internal.reflect.DelegatingMethodAccessorImpl.invoke(DelegatingMethodAccessorImpl.java:43)
	at java.base/java.lang.reflect.Method.invoke(Method.java:567)
	at org.openqa.selenium.support.events.EventFiringWebDriver.lambda$new$0(EventFiringWebDriver.java:84)
	at jdk.proxy2/jdk.proxy2.$Proxy13.onException(Unknown Source)
	at org.openqa.selenium.support.events.EventFiringWebDriver.lambda$new$1(EventFiringWebDriver.java:107)
	at jdk.proxy2/jdk.proxy2.$Proxy14.getScreenshotAs(Unknown Source)
	at org.openqa.selenium.support.events.EventFiringWebDriver.getScreenshotAs(EventFiringWebDriver.java:302)
	at com.E_GP.QA.Util.TestUtil.takeScreenshotAtEndOfTest(TestUtil.java:97)
	at com.E_GP.QA.Util.WebEventListener.onException(WebEventListener.java:58)
	at jdk.internal.reflect.GeneratedMethodAccessor30.invoke(Unknown Source)
	at java.base/jdk.internal.reflect.DelegatingMethodAccessorImpl.invoke(DelegatingMethodAccessorImpl.java:43)
	at java.base/java.lang.reflect.Method.invoke(Method.java:567)
	at org.openqa.selenium.support.events.EventFiringWebDriver.lambda$new$0(EventFiringWebDriver.java:84)
	at jdk.proxy2/jdk.proxy2.$Proxy13.onException(Unknown Source)
	at org.openqa.selenium.support.events.EventFiringWebDriver.lambda$new$1(EventFiringWebDriver.java:107)
	at jdk.proxy2/jdk.proxy2.$Proxy14.getScreenshotAs(Unknown Source)
	at org.openqa.selenium.support.events.EventFiringWebDriver.getScreenshotAs(EventFiringWebDriver.java:302)
	at com.E_GP.QA.Util.TestUtil.takeScreenshotAtEndOfTest(TestUtil.java:97)
	at com.E_GP.QA.Util.WebEventListener.onException(WebEventListener.java:58)
	at jdk.internal.reflect.GeneratedMethodAccessor30.invoke(Unknown Source)
	at java.base/jdk.internal.reflect.DelegatingMethodAccessorImpl.invoke(DelegatingMethodAccessorImpl.java:43)
	at java.base/java.lang.reflect.Method.invoke(Method.java:567)
	at org.openqa.selenium.support.events.EventFiringWebDriver.lambda$new$0(EventFiringWebDriver.java:84)
	at jdk.proxy2/jdk.proxy2.$Proxy13.onException(Unknown Source)
	at org.openqa.selenium.support.events.EventFiringWebDriver.lambda$new$1(EventFiringWebDriver.java:107)
	at jdk.proxy2/jdk.proxy2.$Proxy14.getScreenshotAs(Unknown Source)
	at org.openqa.selenium.support.events.EventFiringWebDriver.getScreenshotAs(EventFiringWebDriver.java:302)
	at com.E_GP.QA.Util.TestUtil.takeScreenshotAtEndOfTest(TestUtil.java:97)
	at com.E_GP.QA.Util.WebEventListener.onException(WebEventListener.java:58)
	at jdk.internal.reflect.GeneratedMethodAccessor30.invoke(Unknown Source)
	at java.base/jdk.internal.reflect.DelegatingMethodAccessorImpl.invoke(DelegatingMethodAccessorImpl.java:43)
	at java.base/java.lang.reflect.Method.invoke(Method.java:567)
	at org.openqa.selenium.support.events.EventFiringWebDriver.lambda$new$0(EventFiringWebDriver.java:84)
	at jdk.proxy2/jdk.proxy2.$Proxy13.onException(Unknown Source)
	at org.openqa.selenium.support.events.EventFiringWebDriver.lambda$new$1(EventFiringWebDriver.java:107)
	at jdk.proxy2/jdk.proxy2.$Proxy14.getScreenshotAs(Unknown Source)
	at org.openqa.selenium.support.events.EventFiringWebDriver.getScreenshotAs(EventFiringWebDriver.java:302)
	at com.E_GP.QA.Util.TestUtil.takeScreenshotAtEndOfTest(TestUtil.java:97)
	at com.E_GP.QA.Util.WebEventListener.onException(WebEventListener.java:58)
	at jdk.internal.reflect.GeneratedMethodAccessor30.invoke(Unknown Source)
	at java.base/jdk.internal.reflect.DelegatingMethodAccessorImpl.invoke(DelegatingMethodAccessorImpl.java:43)
	at java.base/java.lang.reflect.Method.invoke(Method.java:567)
	at org.openqa.selenium.support.events.EventFiringWebDriver.lambda$new$0(EventFiringWebDriver.java:84)
	at jdk.proxy2/jdk.proxy2.$Proxy13.onException(Unknown Source)
	at org.openqa.selenium.support.events.EventFiringWebDriver.lambda$new$1(EventFiringWebDriver.java:107)
	at jdk.proxy2/jdk.proxy2.$Proxy14.getScreenshotAs(Unknown Source)
	at org.openqa.selenium.support.events.EventFiringWebDriver.getScreenshotAs(EventFiringWebDriver.java:302)
	at com.E_GP.QA.Util.TestUtil.takeScreenshotAtEndOfTest(TestUtil.java:97)
	at com.E_GP.QA.Util.WebEventListener.onException(WebEventListener.java:58)
	at jdk.internal.reflect.GeneratedMethodAccessor30.invoke(Unknown Source)
	at java.base/jdk.internal.reflect.DelegatingMethodAccessorImpl.invoke(DelegatingMethodAccessorImpl.java:43)
	at java.base/java.lang.reflect.Method.invoke(Method.java:567)
	at org.openqa.selenium.support.events.EventFiringWebDriver.lambda$new$0(EventFiringWebDriver.java:84)
	at jdk.proxy2/jdk.proxy2.$Proxy13.onException(Unknown Source)
	at org.openqa.selenium.support.events.EventFiringWebDriver.lambda$new$1(EventFiringWebDriver.java:107)
	at jdk.proxy2/jdk.proxy2.$Proxy14.getScreenshotAs(Unknown Source)
	at org.openqa.selenium.support.events.EventFiringWebDriver.getScreenshotAs(EventFiringWebDriver.java:302)
	at com.E_GP.QA.Util.TestUtil.takeScreenshotAtEndOfTest(TestUtil.java:97)
	at com.E_GP.QA.Util.WebEventListener.onException(WebEventListener.java:58)
	at jdk.internal.reflect.GeneratedMethodAccessor30.invoke(Unknown Source)
	at java.base/jdk.internal.reflect.DelegatingMethodAccessorImpl.invoke(DelegatingMethodAccessorImpl.java:43)
	at java.base/java.lang.reflect.Method.invoke(Method.java:567)
	at org.openqa.selenium.support.events.EventFiringWebDriver.lambda$new$0(EventFiringWebDriver.java:84)
	at jdk.proxy2/jdk.proxy2.$Proxy13.onException(Unknown Source)
	at org.openqa.selenium.support.events.EventFiringWebDriver.lambda$new$1(EventFiringWebDriver.java:107)
	at jdk.proxy2/jdk.proxy2.$Proxy14.getScreenshotAs(Unknown Source)
	at org.openqa.selenium.support.events.EventFiringWebDriver.getScreenshotAs(EventFiringWebDriver.java:302)
	at com.E_GP.QA.Util.TestUtil.takeScreenshotAtEndOfTest(TestUtil.java:97)
	at com.E_GP.QA.Util.WebEventListener.onException(WebEventListener.java:58)
	at jdk.internal.reflect.GeneratedMethodAccessor30.invoke(Unknown Source)
	at java.base/jdk.internal.reflect.DelegatingMethodAccessorImpl.invoke(DelegatingMethodAccessorImpl.java:43)
	at java.base/java.lang.reflect.Method.invoke(Method.java:567)
	at org.openqa.selenium.support.events.EventFiringWebDriver.lambda$new$0(EventFiringWebDriver.java:84)
	at jdk.proxy2/jdk.proxy2.$Proxy13.onException(Unknown Source)
	at org.openqa.selenium.support.events.EventFiringWebDriver.lambda$new$1(EventFiringWebDriver.java:107)
	at jdk.proxy2/jdk.proxy2.$Proxy14.getScreenshotAs(Unknown Source)
	at org.openqa.selenium.support.events.EventFiringWebDriver.getScreenshotAs(EventFiringWebDriver.java:302)
	at com.E_GP.QA.Util.TestUtil.takeScreenshotAtEndOfTest(TestUtil.java:97)
	at com.E_GP.QA.Util.WebEventListener.onException(WebEventListener.java:58)
	at jdk.internal.reflect.GeneratedMethodAccessor30.invoke(Unknown Source)
	at java.base/jdk.internal.reflect.DelegatingMethodAccessorImpl.invoke(DelegatingMethodAccessorImpl.java:43)
	at java.base/java.lang.reflect.Method.invoke(Method.java:567)
	at org.openqa.selenium.support.events.EventFiringWebDriver.lambda$new$0(EventFiringWebDriver.java:84)
	at jdk.proxy2/jdk.proxy2.$Proxy13.onException(Unknown Source)
	at org.openqa.selenium.support.events.EventFiringWebDriver.lambda$new$1(EventFiringWebDriver.java:107)
	at jdk.proxy2/jdk.proxy2.$Proxy14.getScreenshotAs(Unknown Source)
	at org.openqa.selenium.support.events.EventFiringWebDriver.getScreenshotAs(EventFiringWebDriver.java:302)
	at com.E_GP.QA.Util.TestUtil.takeScreenshotAtEndOfTest(TestUtil.java:97)
	at com.E_GP.QA.Util.WebEventListener.onException(WebEventListener.java:58)
	at jdk.internal.reflect.GeneratedMethodAccessor30.invoke(Unknown Source)
	at java.base/jdk.internal.reflect.DelegatingMethodAccessorImpl.invoke(DelegatingMethodAccessorImpl.java:43)
	at java.base/java.lang.reflect.Method.invoke(Method.java:567)
	at org.openqa.selenium.support.events.EventFiringWebDriver.lambda$new$0(EventFiringWebDriver.java:84)
	at jdk.proxy2/jdk.proxy2.$Proxy13.onException(Unknown Source)
	at org.openqa.selenium.support.events.EventFiringWebDriver.lambda$new$1(EventFiringWebDriver.java:107)
	at jdk.proxy2/jdk.proxy2.$Proxy14.getScreenshotAs(Unknown Source)
	at org.openqa.selenium.support.events.EventFiringWebDriver.getScreenshotAs(EventFiringWebDriver.java:302)
	at com.E_GP.QA.Util.TestUtil.takeScreenshotAtEndOfTest(TestUtil.java:97)
	at com.E_GP.QA.Util.WebEventListener.onException(WebEventListener.java:58)
	at jdk.internal.reflect.GeneratedMethodAccessor30.invoke(Unknown Source)
	at java.base/jdk.internal.reflect.DelegatingMethodAccessorImpl.invoke(DelegatingMethodAccessorImpl.java:43)
	at java.base/java.lang.reflect.Method.invoke(Method.java:567)
	at org.openqa.selenium.support.events.EventFiringWebDriver.lambda$new$0(EventFiringWebDriver.java:84)
	at jdk.proxy2/jdk.proxy2.$Proxy13.onException(Unknown Source)
	at org.openqa.selenium.support.events.EventFiringWebDriver.lambda$new$1(EventFiringWebDriver.java:107)
	at jdk.proxy2/jdk.proxy2.$Proxy14.getScreenshotAs(Unknown Source)
	at org.openqa.selenium.support.events.EventFiringWebDriver.getScreenshotAs(EventFiringWebDriver.java:302)
	at com.E_GP.QA.Util.TestUtil.takeScreenshotAtEndOfTest(TestUtil.java:97)
	at com.E_GP.QA.Util.WebEventListener.onException(WebEventListener.java:58)
	at jdk.internal.reflect.GeneratedMethodAccessor30.invoke(Unknown Source)
	at java.base/jdk.internal.reflect.DelegatingMethodAccessorImpl.invoke(DelegatingMethodAccessorImpl.java:43)
	at java.base/java.lang.reflect.Method.invoke(Method.java:567)
	at org.openqa.selenium.support.events.EventFiringWebDriver.lambda$new$0(EventFiringWebDriver.java:84)
	at jdk.proxy2/jdk.proxy2.$Proxy13.onException(Unknown Source)
	at org.openqa.selenium.support.events.EventFiringWebDriver.lambda$new$1(EventFiringWebDriver.java:107)
	at jdk.proxy2/jdk.proxy2.$Proxy14.getScreenshotAs(Unknown Source)
	at org.openqa.selenium.support.events.EventFiringWebDriver.getScreenshotAs(EventFiringWebDriver.java:302)
	at com.E_GP.QA.Util.TestUtil.takeScreenshotAtEndOfTest(TestUtil.java:97)
	at com.E_GP.QA.Util.WebEventListener.onException(WebEventListener.java:58)
	at jdk.internal.reflect.GeneratedMethodAccessor30.invoke(Unknown Source)
	at java.base/jdk.internal.reflect.DelegatingMethodAccessorImpl.invoke(DelegatingMethodAccessorImpl.java:43)
	at java.base/java.lang.reflect.Method.invoke(Method.java:567)
	at org.openqa.selenium.support.events.EventFiringWebDriver.lambda$new$0(EventFiringWebDriver.java:84)
	at jdk.proxy2/jdk.proxy2.$Proxy13.onException(Unknown Source)
	at org.openqa.selenium.support.events.EventFiringWebDriver.lambda$new$1(EventFiringWebDriver.java:107)
	at jdk.proxy2/jdk.proxy2.$Proxy14.getScreenshotAs(Unknown Source)
	at org.openqa.selenium.support.events.EventFiringWebDriver.getScreenshotAs(EventFiringWebDriver.java:302)
	at com.E_GP.QA.Util.TestUtil.takeScreenshotAtEndOfTest(TestUtil.java:97)
	at com.E_GP.QA.Util.WebEventListener.onException(WebEventListener.java:58)
	at jdk.internal.reflect.GeneratedMethodAccessor30.invoke(Unknown Source)
	at java.base/jdk.internal.reflect.DelegatingMethodAccessorImpl.invoke(DelegatingMethodAccessorImpl.java:43)
	at java.base/java.lang.reflect.Method.invoke(Method.java:567)
	at org.openqa.selenium.support.events.EventFiringWebDriver.lambda$new$0(EventFiringWebDriver.java:84)
	at jdk.proxy2/jdk.proxy2.$Proxy13.onException(Unknown Source)
	at org.openqa.selenium.support.events.EventFiringWebDriver.lambda$new$1(EventFiringWebDriver.java:107)
	at jdk.proxy2/jdk.proxy2.$Proxy14.getScreenshotAs(Unknown Source)
	at org.openqa.selenium.support.events.EventFiringWebDriver.getScreenshotAs(EventFiringWebDriver.java:302)
	at com.E_GP.QA.Util.TestUtil.takeScreenshotAtEndOfTest(TestUtil.java:97)
	at com.E_GP.QA.Util.WebEventListener.onException(WebEventListener.java:58)
	at jdk.internal.reflect.GeneratedMethodAccessor30.invoke(Unknown Source)
	at java.base/jdk.internal.reflect.DelegatingMethodAccessorImpl.invoke(DelegatingMethodAccessorImpl.java:43)
	at java.base/java.lang.reflect.Method.invoke(Method.java:567)
	at org.openqa.selenium.support.events.EventFiringWebDriver.lambda$new$0(EventFiringWebDriver.java:84)
	at jdk.proxy2/jdk.proxy2.$Proxy13.onException(Unknown Source)
	at org.openqa.selenium.support.events.EventFiringWebDriver.lambda$new$1(EventFiringWebDriver.java:107)
	at jdk.proxy2/jdk.proxy2.$Proxy14.getScreenshotAs(Unknown Source)
	at org.openqa.selenium.support.events.EventFiringWebDriver.getScreenshotAs(EventFiringWebDriver.java:302)
	at com.E_GP.QA.Util.TestUtil.takeScreenshotAtEndOfTest(TestUtil.java:97)
	at com.E_GP.QA.Util.WebEventListener.onException(WebEventListener.java:58)
	at jdk.internal.reflect.GeneratedMethodAccessor30.invoke(Unknown Source)
	at java.base/jdk.internal.reflect.DelegatingMethodAccessorImpl.invoke(DelegatingMethodAccessorImpl.java:43)
	at java.base/java.lang.reflect.Method.invoke(Method.java:567)
	at org.openqa.selenium.support.events.EventFiringWebDriver.lambda$new$0(EventFiringWebDriver.java:84)
	at jdk.proxy2/jdk.proxy2.$Proxy13.onException(Unknown Source)
	at org.openqa.selenium.support.events.EventFiringWebDriver.lambda$new$1(EventFiringWebDriver.java:107)
	at jdk.proxy2/jdk.proxy2.$Proxy14.getScreenshotAs(Unknown Source)
	at org.openqa.selenium.support.events.EventFiringWebDriver.getScreenshotAs(EventFiringWebDriver.java:302)
	at com.E_GP.QA.Util.TestUtil.takeScreenshotAtEndOfTest(TestUtil.java:97)
	at com.E_GP.QA.Util.WebEventListener.onException(WebEventListener.java:58)
	at jdk.internal.reflect.GeneratedMethodAccessor30.invoke(Unknown Source)
	at java.base/jdk.internal.reflect.DelegatingMethodAccessorImpl.invoke(DelegatingMethodAccessorImpl.java:43)
	at java.base/java.lang.reflect.Method.invoke(Method.java:567)
	at org.openqa.selenium.support.events.EventFiringWebDriver.lambda$new$0(EventFiringWebDriver.java:84)
	at jdk.proxy2/jdk.proxy2.$Proxy13.onException(Unknown Source)
	at org.openqa.selenium.support.events.EventFiringWebDriver.lambda$new$1(EventFiringWebDriver.java:107)
	at jdk.proxy2/jdk.proxy2.$Proxy14.getScreenshotAs(Unknown Source)
	at org.openqa.selenium.support.events.EventFiringWebDriver.getScreenshotAs(EventFiringWebDriver.java:302)
	at com.E_GP.QA.Util.TestUtil.takeScreenshotAtEndOfTest(TestUtil.java:97)
	at com.E_GP.QA.Util.WebEventListener.onException(WebEventListener.java:58)
	at jdk.internal.reflect.GeneratedMethodAccessor30.invoke(Unknown Source)
	at java.base/jdk.internal.reflect.DelegatingMethodAccessorImpl.invoke(DelegatingMethodAccessorImpl.java:43)
	at java.base/java.lang.reflect.Method.invoke(Method.java:567)
	at org.openqa.selenium.support.events.EventFiringWebDriver.lambda$new$0(EventFiringWebDriver.java:84)
	at jdk.proxy2/jdk.proxy2.$Proxy13.onException(Unknown Source)
	at org.openqa.selenium.support.events.EventFiringWebDriver.lambda$new$1(EventFiringWebDriver.java:107)
	at jdk.proxy2/jdk.proxy2.$Proxy14.getScreenshotAs(Unknown Source)
	at org.openqa.selenium.support.events.EventFiringWebDriver.getScreenshotAs(EventFiringWebDriver.java:302)
	at com.E_GP.QA.Util.TestUtil.takeScreenshotAtEndOfTest(TestUtil.java:97)
	at com.E_GP.QA.Util.WebEventListener.onException(WebEventListener.java:58)
	at jdk.internal.reflect.GeneratedMethodAccessor30.invoke(Unknown Source)
	at java.base/jdk.internal.reflect.DelegatingMethodAccessorImpl.invoke(DelegatingMethodAccessorImpl.java:43)
	at java.base/java.lang.reflect.Method.invoke(Method.java:567)
	at org.openqa.selenium.support.events.EventFiringWebDriver.lambda$new$0(EventFiringWebDriver.java:84)
	at jdk.proxy2/jdk.proxy2.$Proxy13.onException(Unknown Source)
	at org.openqa.selenium.support.events.EventFiringWebDriver.lambda$new$1(EventFiringWebDriver.java:107)
	at jdk.proxy2/jdk.proxy2.$Proxy14.getScreenshotAs(Unknown Source)
	at org.openqa.selenium.support.events.EventFiringWebDriver.getScreenshotAs(EventFiringWebDriver.java:302)
	at com.E_GP.QA.Util.TestUtil.takeScreenshotAtEndOfTest(TestUtil.java:97)
	at com.E_GP.QA.Util.WebEventListener.onException(WebEventListener.java:58)
	at jdk.internal.reflect.GeneratedMethodAccessor30.invoke(Unknown Source)
	at java.base/jdk.internal.reflect.DelegatingMethodAccessorImpl.invoke(DelegatingMethodAccessorImpl.java:43)
	at java.base/java.lang.reflect.Method.invoke(Method.java:567)
	at org.openqa.selenium.support.events.EventFiringWebDriver.lambda$new$0(EventFiringWebDriver.java:84)
	at jdk.proxy2/jdk.proxy2.$Proxy13.onException(Unknown Source)
	at org.openqa.selenium.support.events.EventFiringWebDriver.lambda$new$1(EventFiringWebDriver.java:107)
	at jdk.proxy2/jdk.proxy2.$Proxy14.getScreenshotAs(Unknown Source)
	at org.openqa.selenium.support.events.EventFiringWebDriver.getScreenshotAs(EventFiringWebDriver.java:302)
	at com.E_GP.QA.Util.TestUtil.takeScreenshotAtEndOfTest(TestUtil.java:97)
	at com.E_GP.QA.Util.WebEventListener.onException(WebEventListener.java:58)
	at jdk.internal.reflect.GeneratedMethodAccessor30.invoke(Unknown Source)
	at java.base/jdk.internal.reflect.DelegatingMethodAccessorImpl.invoke(DelegatingMethodAccessorImpl.java:43)
	at java.base/java.lang.reflect.Method.invoke(Method.java:567)
	at org.openqa.selenium.support.events.EventFiringWebDriver.lambda$new$0(EventFiringWebDriver.java:84)
	at jdk.proxy2/jdk.proxy2.$Proxy13.onException(Unknown Source)
	at org.openqa.selenium.support.events.EventFiringWebDriver.lambda$new$1(EventFiringWebDriver.java:107)
	at jdk.proxy2/jdk.proxy2.$Proxy14.getScreenshotAs(Unknown Source)
	at org.openqa.selenium.support.events.EventFiringWebDriver.getScreenshotAs(EventFiringWebDriver.java:302)
	at com.E_GP.QA.Util.TestUtil.takeScreenshotAtEndOfTest(TestUtil.java:97)
	at com.E_GP.QA.Util.WebEventListener.onException(WebEventListener.java:58)
	at jdk.internal.reflect.GeneratedMethodAccessor30.invoke(Unknown Source)
	at java.base/jdk.internal.reflect.DelegatingMethodAccessorImpl.invoke(DelegatingMethodAccessorImpl.java:43)
	at java.base/java.lang.reflect.Method.invoke(Method.java:567)
	at org.openqa.selenium.support.events.EventFiringWebDriver.lambda$new$0(EventFiringWebDriver.java:84)
	at jdk.proxy2/jdk.proxy2.$Proxy13.onException(Unknown Source)
	at org.openqa.selenium.support.events.EventFiringWebDriver.lambda$new$1(EventFiringWebDriver.java:107)
	at jdk.proxy2/jdk.proxy2.$Proxy14.getScreenshotAs(Unknown Source)
	at org.openqa.selenium.support.events.EventFiringWebDriver.getScreenshotAs(EventFiringWebDriver.java:302)
	at com.E_GP.QA.Util.TestUtil.takeScreenshotAtEndOfTest(TestUtil.java:97)
	at com.E_GP.QA.Util.WebEventListener.onException(WebEventListener.java:58)
	at jdk.internal.reflect.GeneratedMethodAccessor30.invoke(Unknown Source)
	at java.base/jdk.internal.reflect.DelegatingMethodAccessorImpl.invoke(DelegatingMethodAccessorImpl.java:43)
	at java.base/java.lang.reflect.Method.invoke(Method.java:567)
	at org.openqa.selenium.support.events.EventFiringWebDriver.lambda$new$0(EventFiringWebDriver.java:84)
	at jdk.proxy2/jdk.proxy2.$Proxy13.onException(Unknown Source)
	at org.openqa.selenium.support.events.EventFiringWebDriver.lambda$new$1(EventFiringWebDriver.java:107)
	at jdk.proxy2/jdk.proxy2.$Proxy14.getScreenshotAs(Unknown Source)
	at org.openqa.selenium.support.events.EventFiringWebDriver.getScreenshotAs(EventFiringWebDriver.java:302)
	at com.E_GP.QA.Util.TestUtil.takeScreenshotAtEndOfTest(TestUtil.java:97)
	at com.E_GP.QA.Util.WebEventListener.onException(WebEventListener.java:58)
	at jdk.internal.reflect.GeneratedMethodAccessor30.invoke(Unknown Source)
	at java.base/jdk.internal.reflect.DelegatingMethodAccessorImpl.invoke(DelegatingMethodAccessorImpl.java:43)
	at java.base/java.lang.reflect.Method.invoke(Method.java:567)
	at org.openqa.selenium.support.events.EventFiringWebDriver.lambda$new$0(EventFiringWebDriver.java:84)
	at jdk.proxy2/jdk.proxy2.$Proxy13.onException(Unknown Source)
	at org.openqa.selenium.support.events.EventFiringWebDriver.lambda$new$1(EventFiringWebDriver.java:107)
	at jdk.proxy2/jdk.proxy2.$Proxy14.getScreenshotAs(Unknown Source)
	at org.openqa.selenium.support.events.EventFiringWebDriver.getScreenshotAs(EventFiringWebDriver.java:302)
	at com.E_GP.QA.Util.TestUtil.takeScreenshotAtEndOfTest(TestUtil.java:97)
	at com.E_GP.QA.Util.WebEventListener.onException(WebEventListener.java:58)
	at jdk.internal.reflect.GeneratedMethodAccessor30.invoke(Unknown Source)
	at java.base/jdk.internal.reflect.DelegatingMethodAccessorImpl.invoke(DelegatingMethodAccessorImpl.java:43)
	at java.base/java.lang.reflect.Method.invoke(Method.java:567)
	at org.openqa.selenium.support.events.EventFiringWebDriver.lambda$new$0(EventFiringWebDriver.java:84)
	at jdk.proxy2/jdk.proxy2.$Proxy13.onException(Unknown Source)
	at org.openqa.selenium.support.events.EventFiringWebDriver.lambda$new$1(EventFiringWebDriver.java:107)
	at jdk.proxy2/jdk.proxy2.$Proxy14.getScreenshotAs(Unknown Source)
	at org.openqa.selenium.support.events.EventFiringWebDriver.getScreenshotAs(EventFiringWebDriver.java:302)
	at com.E_GP.QA.Util.TestUtil.takeScreenshotAtEndOfTest(TestUtil.java:97)
	at com.E_GP.QA.Util.WebEventListener.onException(WebEventListener.java:58)
	at jdk.internal.reflect.GeneratedMethodAccessor30.invoke(Unknown Source)
	at java.base/jdk.internal.reflect.DelegatingMethodAccessorImpl.invoke(DelegatingMethodAccessorImpl.java:43)
	at java.base/java.lang.reflect.Method.invoke(Method.java:567)
	at org.openqa.selenium.support.events.EventFiringWebDriver.lambda$new$0(EventFiringWebDriver.java:84)
	at jdk.proxy2/jdk.proxy2.$Proxy13.onException(Unknown Source)
	at org.openqa.selenium.support.events.EventFiringWebDriver.lambda$new$1(EventFiringWebDriver.java:107)
	at jdk.proxy2/jdk.proxy2.$Proxy14.getScreenshotAs(Unknown Source)
	at org.openqa.selenium.support.events.EventFiringWebDriver.getScreenshotAs(EventFiringWebDriver.java:302)
	at com.E_GP.QA.Util.TestUtil.takeScreenshotAtEndOfTest(TestUtil.java:97)
	at com.E_GP.QA.Util.WebEventListener.onException(WebEventListener.java:58)
	at jdk.internal.reflect.GeneratedMethodAccessor30.invoke(Unknown Source)
	at java.base/jdk.internal.reflect.DelegatingMethodAccessorImpl.invoke(DelegatingMethodAccessorImpl.java:43)
	at java.base/java.lang.reflect.Method.invoke(Method.java:567)
	at org.openqa.selenium.support.events.EventFiringWebDriver.lambda$new$0(EventFiringWebDriver.java:84)
	at jdk.proxy2/jdk.proxy2.$Proxy13.onException(Unknown Source)
	at org.openqa.selenium.support.events.EventFiringWebDriver.lambda$new$1(EventFiringWebDriver.java:107)
	at jdk.proxy2/jdk.proxy2.$Proxy14.getScreenshotAs(Unknown Source)
	at org.openqa.selenium.support.events.EventFiringWebDriver.getScreenshotAs(EventFiringWebDriver.java:302)
	at com.E_GP.QA.Util.TestUtil.takeScreenshotAtEndOfTest(TestUtil.java:97)
	at com.E_GP.QA.Util.WebEventListener.onException(WebEventListener.java:58)
	at jdk.internal.reflect.GeneratedMethodAccessor30.invoke(Unknown Source)
	at java.base/jdk.internal.reflect.DelegatingMethodAccessorImpl.invoke(DelegatingMethodAccessorImpl.java:43)
	at java.base/java.lang.reflect.Method.invoke(Method.java:567)
	at org.openqa.selenium.support.events.EventFiringWebDriver.lambda$new$0(EventFiringWebDriver.java:84)
	at jdk.proxy2/jdk.proxy2.$Proxy13.onException(Unknown Source)
	at org.openqa.selenium.support.events.EventFiringWebDriver.lambda$new$1(EventFiringWebDriver.java:107)
	at jdk.proxy2/jdk.proxy2.$Proxy14.getScreenshotAs(Unknown Source)
	at org.openqa.selenium.support.events.EventFiringWebDriver.getScreenshotAs(EventFiringWebDriver.java:302)
	at com.E_GP.QA.Util.TestUtil.takeScreenshotAtEndOfTest(TestUtil.java:97)
	at com.E_GP.QA.Util.WebEventListener.onException(WebEventListener.java:58)
	at jdk.internal.reflect.GeneratedMethodAccessor30.invoke(Unknown Source)
	at java.base/jdk.internal.reflect.DelegatingMethodAccessorImpl.invoke(DelegatingMethodAccessorImpl.java:43)
	at java.base/java.lang.reflect.Method.invoke(Method.java:567)
	at org.openqa.selenium.support.events.EventFiringWebDriver.lambda$new$0(EventFiringWebDriver.java:84)
	at jdk.proxy2/jdk.proxy2.$Proxy13.onException(Unknown Source)
	at org.openqa.selenium.support.events.EventFiringWebDriver.lambda$new$1(EventFiringWebDriver.java:107)
	at jdk.proxy2/jdk.proxy2.$Proxy14.getScreenshotAs(Unknown Source)
	at org.openqa.selenium.support.events.EventFiringWebDriver.getScreenshotAs(EventFiringWebDriver.java:302)
	at com.E_GP.QA.Util.TestUtil.takeScreenshotAtEndOfTest(TestUtil.java:97)
	at com.E_GP.QA.Util.WebEventListener.onException(WebEventListener.java:58)
	at jdk.internal.reflect.GeneratedMethodAccessor30.invoke(Unknown Source)
	at java.base/jdk.internal.reflect.DelegatingMethodAccessorImpl.invoke(DelegatingMethodAccessorImpl.java:43)
	at java.base/java.lang.reflect.Method.invoke(Method.java:567)
	at org.openqa.selenium.support.events.EventFiringWebDriver.lambda$new$0(EventFiringWebDriver.java:84)
	at jdk.proxy2/jdk.proxy2.$Proxy13.onException(Unknown Source)
	at org.openqa.selenium.support.events.EventFiringWebDriver.lambda$new$1(EventFiringWebDriver.java:107)
	at jdk.proxy2/jdk.proxy2.$Proxy14.getScreenshotAs(Unknown Source)
	at org.openqa.selenium.support.events.EventFiringWebDriver.getScreenshotAs(EventFiringWebDriver.java:302)
	at com.E_GP.QA.Util.TestUtil.takeScreenshotAtEndOfTest(TestUtil.java:97)
	at com.E_GP.QA.Util.WebEventListener.onException(WebEventListener.java:58)
	at jdk.internal.reflect.GeneratedMethodAccessor30.invoke(Unknown Source)
	at java.base/jdk.internal.reflect.DelegatingMethodAccessorImpl.invoke(DelegatingMethodAccessorImpl.java:43)
	at java.base/java.lang.reflect.Method.invoke(Method.java:567)
	at org.openqa.selenium.support.events.EventFiringWebDriver.lambda$new$0(EventFiringWebDriver.java:84)
	at jdk.proxy2/jdk.proxy2.$Proxy13.onException(Unknown Source)
	at org.openqa.selenium.support.events.EventFiringWebDriver.lambda$new$1(EventFiringWebDriver.java:107)
	at jdk.proxy2/jdk.proxy2.$Proxy14.getScreenshotAs(Unknown Source)
	at org.openqa.selenium.support.events.EventFiringWebDriver.getScreenshotAs(EventFiringWebDriver.java:302)
	at com.E_GP.QA.Util.TestUtil.takeScreenshotAtEndOfTest(TestUtil.java:97)
	at com.E_GP.QA.Util.WebEventListener.onException(WebEventListener.java:58)
	at jdk.internal.reflect.GeneratedMethodAccessor30.invoke(Unknown Source)
	at java.base/jdk.internal.reflect.DelegatingMethodAccessorImpl.invoke(DelegatingMethodAccessorImpl.java:43)
	at java.base/java.lang.reflect.Method.invoke(Method.java:567)
	at org.openqa.selenium.support.events.EventFiringWebDriver.lambda$new$0(EventFiringWebDriver.java:84)
	at jdk.proxy2/jdk.proxy2.$Proxy13.onException(Unknown Source)
	at org.openqa.selenium.support.events.EventFiringWebDriver.lambda$new$1(EventFiringWebDriver.java:107)
	at jdk.proxy2/jdk.proxy2.$Proxy14.getScreenshotAs(Unknown Source)
	at org.openqa.selenium.support.events.EventFiringWebDriver.getScreenshotAs(EventFiringWebDriver.java:302)
	at com.E_GP.QA.Util.TestUtil.takeScreenshotAtEndOfTest(TestUtil.java:97)
	at com.E_GP.QA.Util.WebEventListener.onException(WebEventListener.java:58)
	at jdk.internal.reflect.GeneratedMethodAccessor30.invoke(Unknown Source)
	at java.base/jdk.internal.reflect.DelegatingMethodAccessorImpl.invoke(DelegatingMethodAccessorImpl.java:43)
	at java.base/java.lang.reflect.Method.invoke(Method.java:567)
	at org.openqa.selenium.support.events.EventFiringWebDriver.lambda$new$0(EventFiringWebDriver.java:84)
	at jdk.proxy2/jdk.proxy2.$Proxy13.onException(Unknown Source)
	at org.openqa.selenium.support.events.EventFiringWebDriver.lambda$new$1(EventFiringWebDriver.java:107)
	at jdk.proxy2/jdk.proxy2.$Proxy14.getScreenshotAs(Unknown Source)
	at org.openqa.selenium.support.events.EventFiringWebDriver.getScreenshotAs(EventFiringWebDriver.java:302)
	at com.E_GP.QA.Util.TestUtil.takeScreenshotAtEndOfTest(TestUtil.java:97)
	at com.E_GP.QA.Util.WebEventListener.onException(WebEventListener.java:58)
	at jdk.internal.reflect.GeneratedMethodAccessor30.invoke(Unknown Source)
	at java.base/jdk.internal.reflect.DelegatingMethodAccessorImpl.invoke(DelegatingMethodAccessorImpl.java:43)
	at java.base/java.lang.reflect.Method.invoke(Method.java:567)
	at org.openqa.selenium.support.events.EventFiringWebDriver.lambda$new$0(EventFiringWebDriver.java:84)
	at jdk.proxy2/jdk.proxy2.$Proxy13.onException(Unknown Source)
	at org.openqa.selenium.support.events.EventFiringWebDriver.lambda$new$1(EventFiringWebDriver.java:107)
	at jdk.proxy2/jdk.proxy2.$Proxy14.getScreenshotAs(Unknown Source)
	at org.openqa.selenium.support.events.EventFiringWebDriver.getScreenshotAs(EventFiringWebDriver.java:302)
	at com.E_GP.QA.Util.TestUtil.takeScreenshotAtEndOfTest(TestUtil.java:97)
	at com.E_GP.QA.Util.WebEventListener.onException(WebEventListener.java:58)
	at jdk.internal.reflect.GeneratedMethodAccessor30.invoke(Unknown Source)
	at java.base/jdk.internal.reflect.DelegatingMethodAccessorImpl.invoke(DelegatingMethodAccessorImpl.java:43)
	at java.base/java.lang.reflect.Method.invoke(Method.java:567)
	at org.openqa.selenium.support.events.EventFiringWebDriver.lambda$new$0(EventFiringWebDriver.java:84)
	at jdk.proxy2/jdk.proxy2.$Proxy13.onException(Unknown Source)
	at org.openqa.selenium.support.events.EventFiringWebDriver.lambda$new$1(EventFiringWebDriver.java:107)
	at jdk.proxy2/jdk.proxy2.$Proxy14.getScreenshotAs(Unknown Source)
	at org.openqa.selenium.support.events.EventFiringWebDriver.getScreenshotAs(EventFiringWebDriver.java:302)
	at com.E_GP.QA.Util.TestUtil.takeScreenshotAtEndOfTest(TestUtil.java:97)
	at com.E_GP.QA.Util.WebEventListener.onException(WebEventListener.java:58)
	at jdk.internal.reflect.GeneratedMethodAccessor30.invoke(Unknown Source)
	at java.base/jdk.internal.reflect.DelegatingMethodAccessorImpl.invoke(DelegatingMethodAccessorImpl.java:43)
	at java.base/java.lang.reflect.Method.invoke(Method.java:567)
	at org.openqa.selenium.support.events.EventFiringWebDriver.lambda$new$0(EventFiringWebDriver.java:84)
	at jdk.proxy2/jdk.proxy2.$Proxy13.onException(Unknown Source)
	at org.openqa.selenium.support.events.EventFiringWebDriver.lambda$new$1(EventFiringWebDriver.java:107)
	at jdk.proxy2/jdk.proxy2.$Proxy14.getScreenshotAs(Unknown Source)
	at org.openqa.selenium.support.events.EventFiringWebDriver.getScreenshotAs(EventFiringWebDriver.java:302)
	at com.E_GP.QA.Util.TestUtil.takeScreenshotAtEndOfTest(TestUtil.java:97)
	at com.E_GP.QA.Util.WebEventListener.onException(WebEventListener.java:58)
	at jdk.internal.reflect.GeneratedMethodAccessor30.invoke(Unknown Source)
	at java.base/jdk.internal.reflect.DelegatingMethodAccessorImpl.invoke(DelegatingMethodAccessorImpl.java:43)
]]>
    </error>
  </testcase> <!-- tearDown -->
  <testcase classname="com.E_GP.QA.BidSubmission.TestCases.BidSubmissionPW2aOnGoingCompletedTest" name="bidSubmissionPWe2aOnGoingCompletedTest" time="0.003">
    <skipped/>
  </testcase> <!-- bidSubmissionPWe2aOnGoingCompletedTest -->
  <testcase classname="com.E_GP.QA.BidSubmission.TestCases.BidSubmissionPW2aOnGoingCompletedTest" name="bidSubmissionPWe2aOnGoingCompletedTest" time="1326.983">
    <error type="java.lang.StackOverflowError">
      <![CDATA[java.lang.StackOverflowError
	at java.base/java.nio.CharBuffer.wrap(CharBuffer.java:406)
	at java.base/sun.nio.cs.StreamEncoder.implWrite(StreamEncoder.java:289)
	at java.base/sun.nio.cs.StreamEncoder.write(StreamEncoder.java:131)
	at java.base/java.io.OutputStreamWriter.write(OutputStreamWriter.java:205)
	at java.base/java.io.BufferedWriter.flushBuffer(BufferedWriter.java:120)
	at java.base/java.io.PrintStream.writeln(PrintStream.java:722)
	at java.base/java.io.PrintStream.println(PrintStream.java:1028)
	at com.E_GP.QA.Util.WebEventListener.onException(WebEventListener.java:56)
	at jdk.internal.reflect.GeneratedMethodAccessor30.invoke(Unknown Source)
	at java.base/jdk.internal.reflect.DelegatingMethodAccessorImpl.invoke(DelegatingMethodAccessorImpl.java:43)
	at java.base/java.lang.reflect.Method.invoke(Method.java:567)
	at org.openqa.selenium.support.events.EventFiringWebDriver.lambda$new$0(EventFiringWebDriver.java:84)
	at jdk.proxy2/jdk.proxy2.$Proxy13.onException(Unknown Source)
	at org.openqa.selenium.support.events.EventFiringWebDriver.lambda$new$1(EventFiringWebDriver.java:107)
	at jdk.proxy2/jdk.proxy2.$Proxy14.getScreenshotAs(Unknown Source)
	at org.openqa.selenium.support.events.EventFiringWebDriver.getScreenshotAs(EventFiringWebDriver.java:302)
	at com.E_GP.QA.Util.TestUtil.takeScreenshotAtEndOfTest(TestUtil.java:97)
	at com.E_GP.QA.Util.WebEventListener.onException(WebEventListener.java:58)
	at jdk.internal.reflect.GeneratedMethodAccessor30.invoke(Unknown Source)
	at java.base/jdk.internal.reflect.DelegatingMethodAccessorImpl.invoke(DelegatingMethodAccessorImpl.java:43)
	at java.base/java.lang.reflect.Method.invoke(Method.java:567)
	at org.openqa.selenium.support.events.EventFiringWebDriver.lambda$new$0(EventFiringWebDriver.java:84)
	at jdk.proxy2/jdk.proxy2.$Proxy13.onException(Unknown Source)
	at org.openqa.selenium.support.events.EventFiringWebDriver.lambda$new$1(EventFiringWebDriver.java:107)
	at jdk.proxy2/jdk.proxy2.$Proxy14.getScreenshotAs(Unknown Source)
	at org.openqa.selenium.support.events.EventFiringWebDriver.getScreenshotAs(EventFiringWebDriver.java:302)
	at com.E_GP.QA.Util.TestUtil.takeScreenshotAtEndOfTest(TestUtil.java:97)
	at com.E_GP.QA.Util.WebEventListener.onException(WebEventListener.java:58)
	at jdk.internal.reflect.GeneratedMethodAccessor30.invoke(Unknown Source)
	at java.base/jdk.internal.reflect.DelegatingMethodAccessorImpl.invoke(DelegatingMethodAccessorImpl.java:43)
	at java.base/java.lang.reflect.Method.invoke(Method.java:567)
	at org.openqa.selenium.support.events.EventFiringWebDriver.lambda$new$0(EventFiringWebDriver.java:84)
	at jdk.proxy2/jdk.proxy2.$Proxy13.onException(Unknown Source)
	at org.openqa.selenium.support.events.EventFiringWebDriver.lambda$new$1(EventFiringWebDriver.java:107)
	at jdk.proxy2/jdk.proxy2.$Proxy14.getScreenshotAs(Unknown Source)
	at org.openqa.selenium.support.events.EventFiringWebDriver.getScreenshotAs(EventFiringWebDriver.java:302)
	at com.E_GP.QA.Util.TestUtil.takeScreenshotAtEndOfTest(TestUtil.java:97)
	at com.E_GP.QA.Util.WebEventListener.onException(WebEventListener.java:58)
	at jdk.internal.reflect.GeneratedMethodAccessor30.invoke(Unknown Source)
	at java.base/jdk.internal.reflect.DelegatingMethodAccessorImpl.invoke(DelegatingMethodAccessorImpl.java:43)
	at java.base/java.lang.reflect.Method.invoke(Method.java:567)
	at org.openqa.selenium.support.events.EventFiringWebDriver.lambda$new$0(EventFiringWebDriver.java:84)
	at jdk.proxy2/jdk.proxy2.$Proxy13.onException(Unknown Source)
	at org.openqa.selenium.support.events.EventFiringWebDriver.lambda$new$1(EventFiringWebDriver.java:107)
	at jdk.proxy2/jdk.proxy2.$Proxy14.getScreenshotAs(Unknown Source)
	at org.openqa.selenium.support.events.EventFiringWebDriver.getScreenshotAs(EventFiringWebDriver.java:302)
	at com.E_GP.QA.Util.TestUtil.takeScreenshotAtEndOfTest(TestUtil.java:97)
	at com.E_GP.QA.Util.WebEventListener.onException(WebEventListener.java:58)
	at jdk.internal.reflect.GeneratedMethodAccessor30.invoke(Unknown Source)
	at java.base/jdk.internal.reflect.DelegatingMethodAccessorImpl.invoke(DelegatingMethodAccessorImpl.java:43)
	at java.base/java.lang.reflect.Method.invoke(Method.java:567)
	at org.openqa.selenium.support.events.EventFiringWebDriver.lambda$new$0(EventFiringWebDriver.java:84)
	at jdk.proxy2/jdk.proxy2.$Proxy13.onException(Unknown Source)
	at org.openqa.selenium.support.events.EventFiringWebDriver.lambda$new$1(EventFiringWebDriver.java:107)
	at jdk.proxy2/jdk.proxy2.$Proxy14.getScreenshotAs(Unknown Source)
	at org.openqa.selenium.support.events.EventFiringWebDriver.getScreenshotAs(EventFiringWebDriver.java:302)
	at com.E_GP.QA.Util.TestUtil.takeScreenshotAtEndOfTest(TestUtil.java:97)
	at com.E_GP.QA.Util.WebEventListener.onException(WebEventListener.java:58)
	at jdk.internal.reflect.GeneratedMethodAccessor30.invoke(Unknown Source)
	at java.base/jdk.internal.reflect.DelegatingMethodAccessorImpl.invoke(DelegatingMethodAccessorImpl.java:43)
	at java.base/java.lang.reflect.Method.invoke(Method.java:567)
	at org.openqa.selenium.support.events.EventFiringWebDriver.lambda$new$0(EventFiringWebDriver.java:84)
	at jdk.proxy2/jdk.proxy2.$Proxy13.onException(Unknown Source)
	at org.openqa.selenium.support.events.EventFiringWebDriver.lambda$new$1(EventFiringWebDriver.java:107)
	at jdk.proxy2/jdk.proxy2.$Proxy14.getScreenshotAs(Unknown Source)
	at org.openqa.selenium.support.events.EventFiringWebDriver.getScreenshotAs(EventFiringWebDriver.java:302)
	at com.E_GP.QA.Util.TestUtil.takeScreenshotAtEndOfTest(TestUtil.java:97)
	at com.E_GP.QA.Util.WebEventListener.onException(WebEventListener.java:58)
	at jdk.internal.reflect.GeneratedMethodAccessor30.invoke(Unknown Source)
	at java.base/jdk.internal.reflect.DelegatingMethodAccessorImpl.invoke(DelegatingMethodAccessorImpl.java:43)
	at java.base/java.lang.reflect.Method.invoke(Method.java:567)
	at org.openqa.selenium.support.events.EventFiringWebDriver.lambda$new$0(EventFiringWebDriver.java:84)
	at jdk.proxy2/jdk.proxy2.$Proxy13.onException(Unknown Source)
	at org.openqa.selenium.support.events.EventFiringWebDriver.lambda$new$1(EventFiringWebDriver.java:107)
	at jdk.proxy2/jdk.proxy2.$Proxy14.getScreenshotAs(Unknown Source)
	at org.openqa.selenium.support.events.EventFiringWebDriver.getScreenshotAs(EventFiringWebDriver.java:302)
	at com.E_GP.QA.Util.TestUtil.takeScreenshotAtEndOfTest(TestUtil.java:97)
	at com.E_GP.QA.Util.WebEventListener.onException(WebEventListener.java:58)
	at jdk.internal.reflect.GeneratedMethodAccessor30.invoke(Unknown Source)
	at java.base/jdk.internal.reflect.DelegatingMethodAccessorImpl.invoke(DelegatingMethodAccessorImpl.java:43)
	at java.base/java.lang.reflect.Method.invoke(Method.java:567)
	at org.openqa.selenium.support.events.EventFiringWebDriver.lambda$new$0(EventFiringWebDriver.java:84)
	at jdk.proxy2/jdk.proxy2.$Proxy13.onException(Unknown Source)
	at org.openqa.selenium.support.events.EventFiringWebDriver.lambda$new$1(EventFiringWebDriver.java:107)
	at jdk.proxy2/jdk.proxy2.$Proxy14.getScreenshotAs(Unknown Source)
	at org.openqa.selenium.support.events.EventFiringWebDriver.getScreenshotAs(EventFiringWebDriver.java:302)
	at com.E_GP.QA.Util.TestUtil.takeScreenshotAtEndOfTest(TestUtil.java:97)
	at com.E_GP.QA.Util.WebEventListener.onException(WebEventListener.java:58)
	at jdk.internal.reflect.GeneratedMethodAccessor30.invoke(Unknown Source)
	at java.base/jdk.internal.reflect.DelegatingMethodAccessorImpl.invoke(DelegatingMethodAccessorImpl.java:43)
	at java.base/java.lang.reflect.Method.invoke(Method.java:567)
	at org.openqa.selenium.support.events.EventFiringWebDriver.lambda$new$0(EventFiringWebDriver.java:84)
	at jdk.proxy2/jdk.proxy2.$Proxy13.onException(Unknown Source)
	at org.openqa.selenium.support.events.EventFiringWebDriver.lambda$new$1(EventFiringWebDriver.java:107)
	at jdk.proxy2/jdk.proxy2.$Proxy14.getScreenshotAs(Unknown Source)
	at org.openqa.selenium.support.events.EventFiringWebDriver.getScreenshotAs(EventFiringWebDriver.java:302)
	at com.E_GP.QA.Util.TestUtil.takeScreenshotAtEndOfTest(TestUtil.java:97)
	at com.E_GP.QA.Util.WebEventListener.onException(WebEventListener.java:58)
	at jdk.internal.reflect.GeneratedMethodAccessor30.invoke(Unknown Source)
	at java.base/jdk.internal.reflect.DelegatingMethodAccessorImpl.invoke(DelegatingMethodAccessorImpl.java:43)
	at java.base/java.lang.reflect.Method.invoke(Method.java:567)
	at org.openqa.selenium.support.events.EventFiringWebDriver.lambda$new$0(EventFiringWebDriver.java:84)
	at jdk.proxy2/jdk.proxy2.$Proxy13.onException(Unknown Source)
	at org.openqa.selenium.support.events.EventFiringWebDriver.lambda$new$1(EventFiringWebDriver.java:107)
	at jdk.proxy2/jdk.proxy2.$Proxy14.getScreenshotAs(Unknown Source)
	at org.openqa.selenium.support.events.EventFiringWebDriver.getScreenshotAs(EventFiringWebDriver.java:302)
	at com.E_GP.QA.Util.TestUtil.takeScreenshotAtEndOfTest(TestUtil.java:97)
	at com.E_GP.QA.Util.WebEventListener.onException(WebEventListener.java:58)
	at jdk.internal.reflect.GeneratedMethodAccessor30.invoke(Unknown Source)
	at java.base/jdk.internal.reflect.DelegatingMethodAccessorImpl.invoke(DelegatingMethodAccessorImpl.java:43)
	at java.base/java.lang.reflect.Method.invoke(Method.java:567)
	at org.openqa.selenium.support.events.EventFiringWebDriver.lambda$new$0(EventFiringWebDriver.java:84)
	at jdk.proxy2/jdk.proxy2.$Proxy13.onException(Unknown Source)
	at org.openqa.selenium.support.events.EventFiringWebDriver.lambda$new$1(EventFiringWebDriver.java:107)
	at jdk.proxy2/jdk.proxy2.$Proxy14.getScreenshotAs(Unknown Source)
	at org.openqa.selenium.support.events.EventFiringWebDriver.getScreenshotAs(EventFiringWebDriver.java:302)
	at com.E_GP.QA.Util.TestUtil.takeScreenshotAtEndOfTest(TestUtil.java:97)
	at com.E_GP.QA.Util.WebEventListener.onException(WebEventListener.java:58)
	at jdk.internal.reflect.GeneratedMethodAccessor30.invoke(Unknown Source)
	at java.base/jdk.internal.reflect.DelegatingMethodAccessorImpl.invoke(DelegatingMethodAccessorImpl.java:43)
	at java.base/java.lang.reflect.Method.invoke(Method.java:567)
	at org.openqa.selenium.support.events.EventFiringWebDriver.lambda$new$0(EventFiringWebDriver.java:84)
	at jdk.proxy2/jdk.proxy2.$Proxy13.onException(Unknown Source)
	at org.openqa.selenium.support.events.EventFiringWebDriver.lambda$new$1(EventFiringWebDriver.java:107)
	at jdk.proxy2/jdk.proxy2.$Proxy14.getScreenshotAs(Unknown Source)
	at org.openqa.selenium.support.events.EventFiringWebDriver.getScreenshotAs(EventFiringWebDriver.java:302)
	at com.E_GP.QA.Util.TestUtil.takeScreenshotAtEndOfTest(TestUtil.java:97)
	at com.E_GP.QA.Util.WebEventListener.onException(WebEventListener.java:58)
	at jdk.internal.reflect.GeneratedMethodAccessor30.invoke(Unknown Source)
	at java.base/jdk.internal.reflect.DelegatingMethodAccessorImpl.invoke(DelegatingMethodAccessorImpl.java:43)
	at java.base/java.lang.reflect.Method.invoke(Method.java:567)
	at org.openqa.selenium.support.events.EventFiringWebDriver.lambda$new$0(EventFiringWebDriver.java:84)
	at jdk.proxy2/jdk.proxy2.$Proxy13.onException(Unknown Source)
	at org.openqa.selenium.support.events.EventFiringWebDriver.lambda$new$1(EventFiringWebDriver.java:107)
	at jdk.proxy2/jdk.proxy2.$Proxy14.getScreenshotAs(Unknown Source)
	at org.openqa.selenium.support.events.EventFiringWebDriver.getScreenshotAs(EventFiringWebDriver.java:302)
	at com.E_GP.QA.Util.TestUtil.takeScreenshotAtEndOfTest(TestUtil.java:97)
	at com.E_GP.QA.Util.WebEventListener.onException(WebEventListener.java:58)
	at jdk.internal.reflect.GeneratedMethodAccessor30.invoke(Unknown Source)
	at java.base/jdk.internal.reflect.DelegatingMethodAccessorImpl.invoke(DelegatingMethodAccessorImpl.java:43)
	at java.base/java.lang.reflect.Method.invoke(Method.java:567)
	at org.openqa.selenium.support.events.EventFiringWebDriver.lambda$new$0(EventFiringWebDriver.java:84)
	at jdk.proxy2/jdk.proxy2.$Proxy13.onException(Unknown Source)
	at org.openqa.selenium.support.events.EventFiringWebDriver.lambda$new$1(EventFiringWebDriver.java:107)
	at jdk.proxy2/jdk.proxy2.$Proxy14.getScreenshotAs(Unknown Source)
	at org.openqa.selenium.support.events.EventFiringWebDriver.getScreenshotAs(EventFiringWebDriver.java:302)
	at com.E_GP.QA.Util.TestUtil.takeScreenshotAtEndOfTest(TestUtil.java:97)
	at com.E_GP.QA.Util.WebEventListener.onException(WebEventListener.java:58)
	at jdk.internal.reflect.GeneratedMethodAccessor30.invoke(Unknown Source)
	at java.base/jdk.internal.reflect.DelegatingMethodAccessorImpl.invoke(DelegatingMethodAccessorImpl.java:43)
	at java.base/java.lang.reflect.Method.invoke(Method.java:567)
	at org.openqa.selenium.support.events.EventFiringWebDriver.lambda$new$0(EventFiringWebDriver.java:84)
	at jdk.proxy2/jdk.proxy2.$Proxy13.onException(Unknown Source)
	at org.openqa.selenium.support.events.EventFiringWebDriver.lambda$new$1(EventFiringWebDriver.java:107)
	at jdk.proxy2/jdk.proxy2.$Proxy14.getScreenshotAs(Unknown Source)
	at org.openqa.selenium.support.events.EventFiringWebDriver.getScreenshotAs(EventFiringWebDriver.java:302)
	at com.E_GP.QA.Util.TestUtil.takeScreenshotAtEndOfTest(TestUtil.java:97)
	at com.E_GP.QA.Util.WebEventListener.onException(WebEventListener.java:58)
	at jdk.internal.reflect.GeneratedMethodAccessor30.invoke(Unknown Source)
	at java.base/jdk.internal.reflect.DelegatingMethodAccessorImpl.invoke(DelegatingMethodAccessorImpl.java:43)
	at java.base/java.lang.reflect.Method.invoke(Method.java:567)
	at org.openqa.selenium.support.events.EventFiringWebDriver.lambda$new$0(EventFiringWebDriver.java:84)
	at jdk.proxy2/jdk.proxy2.$Proxy13.onException(Unknown Source)
	at org.openqa.selenium.support.events.EventFiringWebDriver.lambda$new$1(EventFiringWebDriver.java:107)
	at jdk.proxy2/jdk.proxy2.$Proxy14.getScreenshotAs(Unknown Source)
	at org.openqa.selenium.support.events.EventFiringWebDriver.getScreenshotAs(EventFiringWebDriver.java:302)
	at com.E_GP.QA.Util.TestUtil.takeScreenshotAtEndOfTest(TestUtil.java:97)
	at com.E_GP.QA.Util.WebEventListener.onException(WebEventListener.java:58)
	at jdk.internal.reflect.GeneratedMethodAccessor30.invoke(Unknown Source)
	at java.base/jdk.internal.reflect.DelegatingMethodAccessorImpl.invoke(DelegatingMethodAccessorImpl.java:43)
	at java.base/java.lang.reflect.Method.invoke(Method.java:567)
	at org.openqa.selenium.support.events.EventFiringWebDriver.lambda$new$0(EventFiringWebDriver.java:84)
	at jdk.proxy2/jdk.proxy2.$Proxy13.onException(Unknown Source)
	at org.openqa.selenium.support.events.EventFiringWebDriver.lambda$new$1(EventFiringWebDriver.java:107)
	at jdk.proxy2/jdk.proxy2.$Proxy14.getScreenshotAs(Unknown Source)
	at org.openqa.selenium.support.events.EventFiringWebDriver.getScreenshotAs(EventFiringWebDriver.java:302)
	at com.E_GP.QA.Util.TestUtil.takeScreenshotAtEndOfTest(TestUtil.java:97)
	at com.E_GP.QA.Util.WebEventListener.onException(WebEventListener.java:58)
	at jdk.internal.reflect.GeneratedMethodAccessor30.invoke(Unknown Source)
	at java.base/jdk.internal.reflect.DelegatingMethodAccessorImpl.invoke(DelegatingMethodAccessorImpl.java:43)
	at java.base/java.lang.reflect.Method.invoke(Method.java:567)
	at org.openqa.selenium.support.events.EventFiringWebDriver.lambda$new$0(EventFiringWebDriver.java:84)
	at jdk.proxy2/jdk.proxy2.$Proxy13.onException(Unknown Source)
	at org.openqa.selenium.support.events.EventFiringWebDriver.lambda$new$1(EventFiringWebDriver.java:107)
	at jdk.proxy2/jdk.proxy2.$Proxy14.getScreenshotAs(Unknown Source)
	at org.openqa.selenium.support.events.EventFiringWebDriver.getScreenshotAs(EventFiringWebDriver.java:302)
	at com.E_GP.QA.Util.TestUtil.takeScreenshotAtEndOfTest(TestUtil.java:97)
	at com.E_GP.QA.Util.WebEventListener.onException(WebEventListener.java:58)
	at jdk.internal.reflect.GeneratedMethodAccessor30.invoke(Unknown Source)
	at java.base/jdk.internal.reflect.DelegatingMethodAccessorImpl.invoke(DelegatingMethodAccessorImpl.java:43)
	at java.base/java.lang.reflect.Method.invoke(Method.java:567)
	at org.openqa.selenium.support.events.EventFiringWebDriver.lambda$new$0(EventFiringWebDriver.java:84)
	at jdk.proxy2/jdk.proxy2.$Proxy13.onException(Unknown Source)
	at org.openqa.selenium.support.events.EventFiringWebDriver.lambda$new$1(EventFiringWebDriver.java:107)
	at jdk.proxy2/jdk.proxy2.$Proxy14.getScreenshotAs(Unknown Source)
	at org.openqa.selenium.support.events.EventFiringWebDriver.getScreenshotAs(EventFiringWebDriver.java:302)
	at com.E_GP.QA.Util.TestUtil.takeScreenshotAtEndOfTest(TestUtil.java:97)
	at com.E_GP.QA.Util.WebEventListener.onException(WebEventListener.java:58)
	at jdk.internal.reflect.GeneratedMethodAccessor30.invoke(Unknown Source)
	at java.base/jdk.internal.reflect.DelegatingMethodAccessorImpl.invoke(DelegatingMethodAccessorImpl.java:43)
	at java.base/java.lang.reflect.Method.invoke(Method.java:567)
	at org.openqa.selenium.support.events.EventFiringWebDriver.lambda$new$0(EventFiringWebDriver.java:84)
	at jdk.proxy2/jdk.proxy2.$Proxy13.onException(Unknown Source)
	at org.openqa.selenium.support.events.EventFiringWebDriver.lambda$new$1(EventFiringWebDriver.java:107)
	at jdk.proxy2/jdk.proxy2.$Proxy14.getScreenshotAs(Unknown Source)
	at org.openqa.selenium.support.events.EventFiringWebDriver.getScreenshotAs(EventFiringWebDriver.java:302)
	at com.E_GP.QA.Util.TestUtil.takeScreenshotAtEndOfTest(TestUtil.java:97)
	at com.E_GP.QA.Util.WebEventListener.onException(WebEventListener.java:58)
	at jdk.internal.reflect.GeneratedMethodAccessor30.invoke(Unknown Source)
	at java.base/jdk.internal.reflect.DelegatingMethodAccessorImpl.invoke(DelegatingMethodAccessorImpl.java:43)
	at java.base/java.lang.reflect.Method.invoke(Method.java:567)
	at org.openqa.selenium.support.events.EventFiringWebDriver.lambda$new$0(EventFiringWebDriver.java:84)
	at jdk.proxy2/jdk.proxy2.$Proxy13.onException(Unknown Source)
	at org.openqa.selenium.support.events.EventFiringWebDriver.lambda$new$1(EventFiringWebDriver.java:107)
	at jdk.proxy2/jdk.proxy2.$Proxy14.getScreenshotAs(Unknown Source)
	at org.openqa.selenium.support.events.EventFiringWebDriver.getScreenshotAs(EventFiringWebDriver.java:302)
	at com.E_GP.QA.Util.TestUtil.takeScreenshotAtEndOfTest(TestUtil.java:97)
	at com.E_GP.QA.Util.WebEventListener.onException(WebEventListener.java:58)
	at jdk.internal.reflect.GeneratedMethodAccessor30.invoke(Unknown Source)
	at java.base/jdk.internal.reflect.DelegatingMethodAccessorImpl.invoke(DelegatingMethodAccessorImpl.java:43)
	at java.base/java.lang.reflect.Method.invoke(Method.java:567)
	at org.openqa.selenium.support.events.EventFiringWebDriver.lambda$new$0(EventFiringWebDriver.java:84)
	at jdk.proxy2/jdk.proxy2.$Proxy13.onException(Unknown Source)
	at org.openqa.selenium.support.events.EventFiringWebDriver.lambda$new$1(EventFiringWebDriver.java:107)
	at jdk.proxy2/jdk.proxy2.$Proxy14.getScreenshotAs(Unknown Source)
	at org.openqa.selenium.support.events.EventFiringWebDriver.getScreenshotAs(EventFiringWebDriver.java:302)
	at com.E_GP.QA.Util.TestUtil.takeScreenshotAtEndOfTest(TestUtil.java:97)
	at com.E_GP.QA.Util.WebEventListener.onException(WebEventListener.java:58)
	at jdk.internal.reflect.GeneratedMethodAccessor30.invoke(Unknown Source)
	at java.base/jdk.internal.reflect.DelegatingMethodAccessorImpl.invoke(DelegatingMethodAccessorImpl.java:43)
	at java.base/java.lang.reflect.Method.invoke(Method.java:567)
	at org.openqa.selenium.support.events.EventFiringWebDriver.lambda$new$0(EventFiringWebDriver.java:84)
	at jdk.proxy2/jdk.proxy2.$Proxy13.onException(Unknown Source)
	at org.openqa.selenium.support.events.EventFiringWebDriver.lambda$new$1(EventFiringWebDriver.java:107)
	at jdk.proxy2/jdk.proxy2.$Proxy14.getScreenshotAs(Unknown Source)
	at org.openqa.selenium.support.events.EventFiringWebDriver.getScreenshotAs(EventFiringWebDriver.java:302)
	at com.E_GP.QA.Util.TestUtil.takeScreenshotAtEndOfTest(TestUtil.java:97)
	at com.E_GP.QA.Util.WebEventListener.onException(WebEventListener.java:58)
	at jdk.internal.reflect.GeneratedMethodAccessor30.invoke(Unknown Source)
	at java.base/jdk.internal.reflect.DelegatingMethodAccessorImpl.invoke(DelegatingMethodAccessorImpl.java:43)
	at java.base/java.lang.reflect.Method.invoke(Method.java:567)
	at org.openqa.selenium.support.events.EventFiringWebDriver.lambda$new$0(EventFiringWebDriver.java:84)
	at jdk.proxy2/jdk.proxy2.$Proxy13.onException(Unknown Source)
	at org.openqa.selenium.support.events.EventFiringWebDriver.lambda$new$1(EventFiringWebDriver.java:107)
	at jdk.proxy2/jdk.proxy2.$Proxy14.getScreenshotAs(Unknown Source)
	at org.openqa.selenium.support.events.EventFiringWebDriver.getScreenshotAs(EventFiringWebDriver.java:302)
	at com.E_GP.QA.Util.TestUtil.takeScreenshotAtEndOfTest(TestUtil.java:97)
	at com.E_GP.QA.Util.WebEventListener.onException(WebEventListener.java:58)
	at jdk.internal.reflect.GeneratedMethodAccessor30.invoke(Unknown Source)
	at java.base/jdk.internal.reflect.DelegatingMethodAccessorImpl.invoke(DelegatingMethodAccessorImpl.java:43)
	at java.base/java.lang.reflect.Method.invoke(Method.java:567)
	at org.openqa.selenium.support.events.EventFiringWebDriver.lambda$new$0(EventFiringWebDriver.java:84)
	at jdk.proxy2/jdk.proxy2.$Proxy13.onException(Unknown Source)
	at org.openqa.selenium.support.events.EventFiringWebDriver.lambda$new$1(EventFiringWebDriver.java:107)
	at jdk.proxy2/jdk.proxy2.$Proxy14.getScreenshotAs(Unknown Source)
	at org.openqa.selenium.support.events.EventFiringWebDriver.getScreenshotAs(EventFiringWebDriver.java:302)
	at com.E_GP.QA.Util.TestUtil.takeScreenshotAtEndOfTest(TestUtil.java:97)
	at com.E_GP.QA.Util.WebEventListener.onException(WebEventListener.java:58)
	at jdk.internal.reflect.GeneratedMethodAccessor30.invoke(Unknown Source)
	at java.base/jdk.internal.reflect.DelegatingMethodAccessorImpl.invoke(DelegatingMethodAccessorImpl.java:43)
	at java.base/java.lang.reflect.Method.invoke(Method.java:567)
	at org.openqa.selenium.support.events.EventFiringWebDriver.lambda$new$0(EventFiringWebDriver.java:84)
	at jdk.proxy2/jdk.proxy2.$Proxy13.onException(Unknown Source)
	at org.openqa.selenium.support.events.EventFiringWebDriver.lambda$new$1(EventFiringWebDriver.java:107)
	at jdk.proxy2/jdk.proxy2.$Proxy14.getScreenshotAs(Unknown Source)
	at org.openqa.selenium.support.events.EventFiringWebDriver.getScreenshotAs(EventFiringWebDriver.java:302)
	at com.E_GP.QA.Util.TestUtil.takeScreenshotAtEndOfTest(TestUtil.java:97)
	at com.E_GP.QA.Util.WebEventListener.onException(WebEventListener.java:58)
	at jdk.internal.reflect.GeneratedMethodAccessor30.invoke(Unknown Source)
	at java.base/jdk.internal.reflect.DelegatingMethodAccessorImpl.invoke(DelegatingMethodAccessorImpl.java:43)
	at java.base/java.lang.reflect.Method.invoke(Method.java:567)
	at org.openqa.selenium.support.events.EventFiringWebDriver.lambda$new$0(EventFiringWebDriver.java:84)
	at jdk.proxy2/jdk.proxy2.$Proxy13.onException(Unknown Source)
	at org.openqa.selenium.support.events.EventFiringWebDriver.lambda$new$1(EventFiringWebDriver.java:107)
	at jdk.proxy2/jdk.proxy2.$Proxy14.getScreenshotAs(Unknown Source)
	at org.openqa.selenium.support.events.EventFiringWebDriver.getScreenshotAs(EventFiringWebDriver.java:302)
	at com.E_GP.QA.Util.TestUtil.takeScreenshotAtEndOfTest(TestUtil.java:97)
	at com.E_GP.QA.Util.WebEventListener.onException(WebEventListener.java:58)
	at jdk.internal.reflect.GeneratedMethodAccessor30.invoke(Unknown Source)
	at java.base/jdk.internal.reflect.DelegatingMethodAccessorImpl.invoke(DelegatingMethodAccessorImpl.java:43)
	at java.base/java.lang.reflect.Method.invoke(Method.java:567)
	at org.openqa.selenium.support.events.EventFiringWebDriver.lambda$new$0(EventFiringWebDriver.java:84)
	at jdk.proxy2/jdk.proxy2.$Proxy13.onException(Unknown Source)
	at org.openqa.selenium.support.events.EventFiringWebDriver.lambda$new$1(EventFiringWebDriver.java:107)
	at jdk.proxy2/jdk.proxy2.$Proxy14.getScreenshotAs(Unknown Source)
	at org.openqa.selenium.support.events.EventFiringWebDriver.getScreenshotAs(EventFiringWebDriver.java:302)
	at com.E_GP.QA.Util.TestUtil.takeScreenshotAtEndOfTest(TestUtil.java:97)
	at com.E_GP.QA.Util.WebEventListener.onException(WebEventListener.java:58)
	at jdk.internal.reflect.GeneratedMethodAccessor30.invoke(Unknown Source)
	at java.base/jdk.internal.reflect.DelegatingMethodAccessorImpl.invoke(DelegatingMethodAccessorImpl.java:43)
	at java.base/java.lang.reflect.Method.invoke(Method.java:567)
	at org.openqa.selenium.support.events.EventFiringWebDriver.lambda$new$0(EventFiringWebDriver.java:84)
	at jdk.proxy2/jdk.proxy2.$Proxy13.onException(Unknown Source)
	at org.openqa.selenium.support.events.EventFiringWebDriver.lambda$new$1(EventFiringWebDriver.java:107)
	at jdk.proxy2/jdk.proxy2.$Proxy14.getScreenshotAs(Unknown Source)
	at org.openqa.selenium.support.events.EventFiringWebDriver.getScreenshotAs(EventFiringWebDriver.java:302)
	at com.E_GP.QA.Util.TestUtil.takeScreenshotAtEndOfTest(TestUtil.java:97)
	at com.E_GP.QA.Util.WebEventListener.onException(WebEventListener.java:58)
	at jdk.internal.reflect.GeneratedMethodAccessor30.invoke(Unknown Source)
	at java.base/jdk.internal.reflect.DelegatingMethodAccessorImpl.invoke(DelegatingMethodAccessorImpl.java:43)
	at java.base/java.lang.reflect.Method.invoke(Method.java:567)
	at org.openqa.selenium.support.events.EventFiringWebDriver.lambda$new$0(EventFiringWebDriver.java:84)
	at jdk.proxy2/jdk.proxy2.$Proxy13.onException(Unknown Source)
	at org.openqa.selenium.support.events.EventFiringWebDriver.lambda$new$1(EventFiringWebDriver.java:107)
	at jdk.proxy2/jdk.proxy2.$Proxy14.getScreenshotAs(Unknown Source)
	at org.openqa.selenium.support.events.EventFiringWebDriver.getScreenshotAs(EventFiringWebDriver.java:302)
	at com.E_GP.QA.Util.TestUtil.takeScreenshotAtEndOfTest(TestUtil.java:97)
	at com.E_GP.QA.Util.WebEventListener.onException(WebEventListener.java:58)
	at jdk.internal.reflect.GeneratedMethodAccessor30.invoke(Unknown Source)
	at java.base/jdk.internal.reflect.DelegatingMethodAccessorImpl.invoke(DelegatingMethodAccessorImpl.java:43)
	at java.base/java.lang.reflect.Method.invoke(Method.java:567)
	at org.openqa.selenium.support.events.EventFiringWebDriver.lambda$new$0(EventFiringWebDriver.java:84)
	at jdk.proxy2/jdk.proxy2.$Proxy13.onException(Unknown Source)
	at org.openqa.selenium.support.events.EventFiringWebDriver.lambda$new$1(EventFiringWebDriver.java:107)
	at jdk.proxy2/jdk.proxy2.$Proxy14.getScreenshotAs(Unknown Source)
	at org.openqa.selenium.support.events.EventFiringWebDriver.getScreenshotAs(EventFiringWebDriver.java:302)
	at com.E_GP.QA.Util.TestUtil.takeScreenshotAtEndOfTest(TestUtil.java:97)
	at com.E_GP.QA.Util.WebEventListener.onException(WebEventListener.java:58)
	at jdk.internal.reflect.GeneratedMethodAccessor30.invoke(Unknown Source)
	at java.base/jdk.internal.reflect.DelegatingMethodAccessorImpl.invoke(DelegatingMethodAccessorImpl.java:43)
	at java.base/java.lang.reflect.Method.invoke(Method.java:567)
	at org.openqa.selenium.support.events.EventFiringWebDriver.lambda$new$0(EventFiringWebDriver.java:84)
	at jdk.proxy2/jdk.proxy2.$Proxy13.onException(Unknown Source)
	at org.openqa.selenium.support.events.EventFiringWebDriver.lambda$new$1(EventFiringWebDriver.java:107)
	at jdk.proxy2/jdk.proxy2.$Proxy14.getScreenshotAs(Unknown Source)
	at org.openqa.selenium.support.events.EventFiringWebDriver.getScreenshotAs(EventFiringWebDriver.java:302)
	at com.E_GP.QA.Util.TestUtil.takeScreenshotAtEndOfTest(TestUtil.java:97)
	at com.E_GP.QA.Util.WebEventListener.onException(WebEventListener.java:58)
	at jdk.internal.reflect.GeneratedMethodAccessor30.invoke(Unknown Source)
	at java.base/jdk.internal.reflect.DelegatingMethodAccessorImpl.invoke(DelegatingMethodAccessorImpl.java:43)
	at java.base/java.lang.reflect.Method.invoke(Method.java:567)
	at org.openqa.selenium.support.events.EventFiringWebDriver.lambda$new$0(EventFiringWebDriver.java:84)
	at jdk.proxy2/jdk.proxy2.$Proxy13.onException(Unknown Source)
	at org.openqa.selenium.support.events.EventFiringWebDriver.lambda$new$1(EventFiringWebDriver.java:107)
	at jdk.proxy2/jdk.proxy2.$Proxy14.getScreenshotAs(Unknown Source)
	at org.openqa.selenium.support.events.EventFiringWebDriver.getScreenshotAs(EventFiringWebDriver.java:302)
	at com.E_GP.QA.Util.TestUtil.takeScreenshotAtEndOfTest(TestUtil.java:97)
	at com.E_GP.QA.Util.WebEventListener.onException(WebEventListener.java:58)
	at jdk.internal.reflect.GeneratedMethodAccessor30.invoke(Unknown Source)
	at java.base/jdk.internal.reflect.DelegatingMethodAccessorImpl.invoke(DelegatingMethodAccessorImpl.java:43)
	at java.base/java.lang.reflect.Method.invoke(Method.java:567)
	at org.openqa.selenium.support.events.EventFiringWebDriver.lambda$new$0(EventFiringWebDriver.java:84)
	at jdk.proxy2/jdk.proxy2.$Proxy13.onException(Unknown Source)
	at org.openqa.selenium.support.events.EventFiringWebDriver.lambda$new$1(EventFiringWebDriver.java:107)
	at jdk.proxy2/jdk.proxy2.$Proxy14.getScreenshotAs(Unknown Source)
	at org.openqa.selenium.support.events.EventFiringWebDriver.getScreenshotAs(EventFiringWebDriver.java:302)
	at com.E_GP.QA.Util.TestUtil.takeScreenshotAtEndOfTest(TestUtil.java:97)
	at com.E_GP.QA.Util.WebEventListener.onException(WebEventListener.java:58)
	at jdk.internal.reflect.GeneratedMethodAccessor30.invoke(Unknown Source)
	at java.base/jdk.internal.reflect.DelegatingMethodAccessorImpl.invoke(DelegatingMethodAccessorImpl.java:43)
	at java.base/java.lang.reflect.Method.invoke(Method.java:567)
	at org.openqa.selenium.support.events.EventFiringWebDriver.lambda$new$0(EventFiringWebDriver.java:84)
	at jdk.proxy2/jdk.proxy2.$Proxy13.onException(Unknown Source)
	at org.openqa.selenium.support.events.EventFiringWebDriver.lambda$new$1(EventFiringWebDriver.java:107)
	at jdk.proxy2/jdk.proxy2.$Proxy14.getScreenshotAs(Unknown Source)
	at org.openqa.selenium.support.events.EventFiringWebDriver.getScreenshotAs(EventFiringWebDriver.java:302)
	at com.E_GP.QA.Util.TestUtil.takeScreenshotAtEndOfTest(TestUtil.java:97)
	at com.E_GP.QA.Util.WebEventListener.onException(WebEventListener.java:58)
	at jdk.internal.reflect.GeneratedMethodAccessor30.invoke(Unknown Source)
	at java.base/jdk.internal.reflect.DelegatingMethodAccessorImpl.invoke(DelegatingMethodAccessorImpl.java:43)
	at java.base/java.lang.reflect.Method.invoke(Method.java:567)
	at org.openqa.selenium.support.events.EventFiringWebDriver.lambda$new$0(EventFiringWebDriver.java:84)
	at jdk.proxy2/jdk.proxy2.$Proxy13.onException(Unknown Source)
	at org.openqa.selenium.support.events.EventFiringWebDriver.lambda$new$1(EventFiringWebDriver.java:107)
	at jdk.proxy2/jdk.proxy2.$Proxy14.getScreenshotAs(Unknown Source)
	at org.openqa.selenium.support.events.EventFiringWebDriver.getScreenshotAs(EventFiringWebDriver.java:302)
	at com.E_GP.QA.Util.TestUtil.takeScreenshotAtEndOfTest(TestUtil.java:97)
	at com.E_GP.QA.Util.WebEventListener.onException(WebEventListener.java:58)
	at jdk.internal.reflect.GeneratedMethodAccessor30.invoke(Unknown Source)
	at java.base/jdk.internal.reflect.DelegatingMethodAccessorImpl.invoke(DelegatingMethodAccessorImpl.java:43)
	at java.base/java.lang.reflect.Method.invoke(Method.java:567)
	at org.openqa.selenium.support.events.EventFiringWebDriver.lambda$new$0(EventFiringWebDriver.java:84)
	at jdk.proxy2/jdk.proxy2.$Proxy13.onException(Unknown Source)
	at org.openqa.selenium.support.events.EventFiringWebDriver.lambda$new$1(EventFiringWebDriver.java:107)
	at jdk.proxy2/jdk.proxy2.$Proxy14.getScreenshotAs(Unknown Source)
	at org.openqa.selenium.support.events.EventFiringWebDriver.getScreenshotAs(EventFiringWebDriver.java:302)
	at com.E_GP.QA.Util.TestUtil.takeScreenshotAtEndOfTest(TestUtil.java:97)
	at com.E_GP.QA.Util.WebEventListener.onException(WebEventListener.java:58)
	at jdk.internal.reflect.GeneratedMethodAccessor30.invoke(Unknown Source)
	at java.base/jdk.internal.reflect.DelegatingMethodAccessorImpl.invoke(DelegatingMethodAccessorImpl.java:43)
	at java.base/java.lang.reflect.Method.invoke(Method.java:567)
	at org.openqa.selenium.support.events.EventFiringWebDriver.lambda$new$0(EventFiringWebDriver.java:84)
	at jdk.proxy2/jdk.proxy2.$Proxy13.onException(Unknown Source)
	at org.openqa.selenium.support.events.EventFiringWebDriver.lambda$new$1(EventFiringWebDriver.java:107)
	at jdk.proxy2/jdk.proxy2.$Proxy14.getScreenshotAs(Unknown Source)
	at org.openqa.selenium.support.events.EventFiringWebDriver.getScreenshotAs(EventFiringWebDriver.java:302)
	at com.E_GP.QA.Util.TestUtil.takeScreenshotAtEndOfTest(TestUtil.java:97)
	at com.E_GP.QA.Util.WebEventListener.onException(WebEventListener.java:58)
	at jdk.internal.reflect.GeneratedMethodAccessor30.invoke(Unknown Source)
	at java.base/jdk.internal.reflect.DelegatingMethodAccessorImpl.invoke(DelegatingMethodAccessorImpl.java:43)
	at java.base/java.lang.reflect.Method.invoke(Method.java:567)
	at org.openqa.selenium.support.events.EventFiringWebDriver.lambda$new$0(EventFiringWebDriver.java:84)
	at jdk.proxy2/jdk.proxy2.$Proxy13.onException(Unknown Source)
	at org.openqa.selenium.support.events.EventFiringWebDriver.lambda$new$1(EventFiringWebDriver.java:107)
	at jdk.proxy2/jdk.proxy2.$Proxy14.getScreenshotAs(Unknown Source)
	at org.openqa.selenium.support.events.EventFiringWebDriver.getScreenshotAs(EventFiringWebDriver.java:302)
	at com.E_GP.QA.Util.TestUtil.takeScreenshotAtEndOfTest(TestUtil.java:97)
	at com.E_GP.QA.Util.WebEventListener.onException(WebEventListener.java:58)
	at jdk.internal.reflect.GeneratedMethodAccessor30.invoke(Unknown Source)
	at java.base/jdk.internal.reflect.DelegatingMethodAccessorImpl.invoke(DelegatingMethodAccessorImpl.java:43)
	at java.base/java.lang.reflect.Method.invoke(Method.java:567)
	at org.openqa.selenium.support.events.EventFiringWebDriver.lambda$new$0(EventFiringWebDriver.java:84)
	at jdk.proxy2/jdk.proxy2.$Proxy13.onException(Unknown Source)
	at org.openqa.selenium.support.events.EventFiringWebDriver.lambda$new$1(EventFiringWebDriver.java:107)
	at jdk.proxy2/jdk.proxy2.$Proxy14.getScreenshotAs(Unknown Source)
	at org.openqa.selenium.support.events.EventFiringWebDriver.getScreenshotAs(EventFiringWebDriver.java:302)
	at com.E_GP.QA.Util.TestUtil.takeScreenshotAtEndOfTest(TestUtil.java:97)
	at com.E_GP.QA.Util.WebEventListener.onException(WebEventListener.java:58)
	at jdk.internal.reflect.GeneratedMethodAccessor30.invoke(Unknown Source)
	at java.base/jdk.internal.reflect.DelegatingMethodAccessorImpl.invoke(DelegatingMethodAccessorImpl.java:43)
	at java.base/java.lang.reflect.Method.invoke(Method.java:567)
	at org.openqa.selenium.support.events.EventFiringWebDriver.lambda$new$0(EventFiringWebDriver.java:84)
	at jdk.proxy2/jdk.proxy2.$Proxy13.onException(Unknown Source)
	at org.openqa.selenium.support.events.EventFiringWebDriver.lambda$new$1(EventFiringWebDriver.java:107)
	at jdk.proxy2/jdk.proxy2.$Proxy14.getScreenshotAs(Unknown Source)
	at org.openqa.selenium.support.events.EventFiringWebDriver.getScreenshotAs(EventFiringWebDriver.java:302)
	at com.E_GP.QA.Util.TestUtil.takeScreenshotAtEndOfTest(TestUtil.java:97)
	at com.E_GP.QA.Util.WebEventListener.onException(WebEventListener.java:58)
	at jdk.internal.reflect.GeneratedMethodAccessor30.invoke(Unknown Source)
	at java.base/jdk.internal.reflect.DelegatingMethodAccessorImpl.invoke(DelegatingMethodAccessorImpl.java:43)
	at java.base/java.lang.reflect.Method.invoke(Method.java:567)
	at org.openqa.selenium.support.events.EventFiringWebDriver.lambda$new$0(EventFiringWebDriver.java:84)
	at jdk.proxy2/jdk.proxy2.$Proxy13.onException(Unknown Source)
	at org.openqa.selenium.support.events.EventFiringWebDriver.lambda$new$1(EventFiringWebDriver.java:107)
	at jdk.proxy2/jdk.proxy2.$Proxy14.getScreenshotAs(Unknown Source)
	at org.openqa.selenium.support.events.EventFiringWebDriver.getScreenshotAs(EventFiringWebDriver.java:302)
	at com.E_GP.QA.Util.TestUtil.takeScreenshotAtEndOfTest(TestUtil.java:97)
	at com.E_GP.QA.Util.WebEventListener.onException(WebEventListener.java:58)
	at jdk.internal.reflect.GeneratedMethodAccessor30.invoke(Unknown Source)
	at java.base/jdk.internal.reflect.DelegatingMethodAccessorImpl.invoke(DelegatingMethodAccessorImpl.java:43)
	at java.base/java.lang.reflect.Method.invoke(Method.java:567)
	at org.openqa.selenium.support.events.EventFiringWebDriver.lambda$new$0(EventFiringWebDriver.java:84)
	at jdk.proxy2/jdk.proxy2.$Proxy13.onException(Unknown Source)
	at org.openqa.selenium.support.events.EventFiringWebDriver.lambda$new$1(EventFiringWebDriver.java:107)
	at jdk.proxy2/jdk.proxy2.$Proxy14.getScreenshotAs(Unknown Source)
	at org.openqa.selenium.support.events.EventFiringWebDriver.getScreenshotAs(EventFiringWebDriver.java:302)
	at com.E_GP.QA.Util.TestUtil.takeScreenshotAtEndOfTest(TestUtil.java:97)
	at com.E_GP.QA.Util.WebEventListener.onException(WebEventListener.java:58)
	at jdk.internal.reflect.GeneratedMethodAccessor30.invoke(Unknown Source)
	at java.base/jdk.internal.reflect.DelegatingMethodAccessorImpl.invoke(DelegatingMethodAccessorImpl.java:43)
	at java.base/java.lang.reflect.Method.invoke(Method.java:567)
	at org.openqa.selenium.support.events.EventFiringWebDriver.lambda$new$0(EventFiringWebDriver.java:84)
	at jdk.proxy2/jdk.proxy2.$Proxy13.onException(Unknown Source)
	at org.openqa.selenium.support.events.EventFiringWebDriver.lambda$new$1(EventFiringWebDriver.java:107)
	at jdk.proxy2/jdk.proxy2.$Proxy14.getScreenshotAs(Unknown Source)
	at org.openqa.selenium.support.events.EventFiringWebDriver.getScreenshotAs(EventFiringWebDriver.java:302)
	at com.E_GP.QA.Util.TestUtil.takeScreenshotAtEndOfTest(TestUtil.java:97)
	at com.E_GP.QA.Util.WebEventListener.onException(WebEventListener.java:58)
	at jdk.internal.reflect.GeneratedMethodAccessor30.invoke(Unknown Source)
	at java.base/jdk.internal.reflect.DelegatingMethodAccessorImpl.invoke(DelegatingMethodAccessorImpl.java:43)
	at java.base/java.lang.reflect.Method.invoke(Method.java:567)
	at org.openqa.selenium.support.events.EventFiringWebDriver.lambda$new$0(EventFiringWebDriver.java:84)
	at jdk.proxy2/jdk.proxy2.$Proxy13.onException(Unknown Source)
	at org.openqa.selenium.support.events.EventFiringWebDriver.lambda$new$1(EventFiringWebDriver.java:107)
	at jdk.proxy2/jdk.proxy2.$Proxy14.getScreenshotAs(Unknown Source)
	at org.openqa.selenium.support.events.EventFiringWebDriver.getScreenshotAs(EventFiringWebDriver.java:302)
	at com.E_GP.QA.Util.TestUtil.takeScreenshotAtEndOfTest(TestUtil.java:97)
	at com.E_GP.QA.Util.WebEventListener.onException(WebEventListener.java:58)
	at jdk.internal.reflect.GeneratedMethodAccessor30.invoke(Unknown Source)
	at java.base/jdk.internal.reflect.DelegatingMethodAccessorImpl.invoke(DelegatingMethodAccessorImpl.java:43)
	at java.base/java.lang.reflect.Method.invoke(Method.java:567)
	at org.openqa.selenium.support.events.EventFiringWebDriver.lambda$new$0(EventFiringWebDriver.java:84)
	at jdk.proxy2/jdk.proxy2.$Proxy13.onException(Unknown Source)
	at org.openqa.selenium.support.events.EventFiringWebDriver.lambda$new$1(EventFiringWebDriver.java:107)
	at jdk.proxy2/jdk.proxy2.$Proxy14.getScreenshotAs(Unknown Source)
	at org.openqa.selenium.support.events.EventFiringWebDriver.getScreenshotAs(EventFiringWebDriver.java:302)
	at com.E_GP.QA.Util.TestUtil.takeScreenshotAtEndOfTest(TestUtil.java:97)
	at com.E_GP.QA.Util.WebEventListener.onException(WebEventListener.java:58)
	at jdk.internal.reflect.GeneratedMethodAccessor30.invoke(Unknown Source)
	at java.base/jdk.internal.reflect.DelegatingMethodAccessorImpl.invoke(DelegatingMethodAccessorImpl.java:43)
	at java.base/java.lang.reflect.Method.invoke(Method.java:567)
	at org.openqa.selenium.support.events.EventFiringWebDriver.lambda$new$0(EventFiringWebDriver.java:84)
	at jdk.proxy2/jdk.proxy2.$Proxy13.onException(Unknown Source)
	at org.openqa.selenium.support.events.EventFiringWebDriver.lambda$new$1(EventFiringWebDriver.java:107)
	at jdk.proxy2/jdk.proxy2.$Proxy14.getScreenshotAs(Unknown Source)
	at org.openqa.selenium.support.events.EventFiringWebDriver.getScreenshotAs(EventFiringWebDriver.java:302)
	at com.E_GP.QA.Util.TestUtil.takeScreenshotAtEndOfTest(TestUtil.java:97)
	at com.E_GP.QA.Util.WebEventListener.onException(WebEventListener.java:58)
	at jdk.internal.reflect.GeneratedMethodAccessor30.invoke(Unknown Source)
	at java.base/jdk.internal.reflect.DelegatingMethodAccessorImpl.invoke(DelegatingMethodAccessorImpl.java:43)
	at java.base/java.lang.reflect.Method.invoke(Method.java:567)
	at org.openqa.selenium.support.events.EventFiringWebDriver.lambda$new$0(EventFiringWebDriver.java:84)
	at jdk.proxy2/jdk.proxy2.$Proxy13.onException(Unknown Source)
	at org.openqa.selenium.support.events.EventFiringWebDriver.lambda$new$1(EventFiringWebDriver.java:107)
	at jdk.proxy2/jdk.proxy2.$Proxy14.getScreenshotAs(Unknown Source)
	at org.openqa.selenium.support.events.EventFiringWebDriver.getScreenshotAs(EventFiringWebDriver.java:302)
	at com.E_GP.QA.Util.TestUtil.takeScreenshotAtEndOfTest(TestUtil.java:97)
	at com.E_GP.QA.Util.WebEventListener.onException(WebEventListener.java:58)
	at jdk.internal.reflect.GeneratedMethodAccessor30.invoke(Unknown Source)
	at java.base/jdk.internal.reflect.DelegatingMethodAccessorImpl.invoke(DelegatingMethodAccessorImpl.java:43)
	at java.base/java.lang.reflect.Method.invoke(Method.java:567)
	at org.openqa.selenium.support.events.EventFiringWebDriver.lambda$new$0(EventFiringWebDriver.java:84)
	at jdk.proxy2/jdk.proxy2.$Proxy13.onException(Unknown Source)
	at org.openqa.selenium.support.events.EventFiringWebDriver.lambda$new$1(EventFiringWebDriver.java:107)
	at jdk.proxy2/jdk.proxy2.$Proxy14.getScreenshotAs(Unknown Source)
	at org.openqa.selenium.support.events.EventFiringWebDriver.getScreenshotAs(EventFiringWebDriver.java:302)
	at com.E_GP.QA.Util.TestUtil.takeScreenshotAtEndOfTest(TestUtil.java:97)
	at com.E_GP.QA.Util.WebEventListener.onException(WebEventListener.java:58)
	at jdk.internal.reflect.GeneratedMethodAccessor30.invoke(Unknown Source)
	at java.base/jdk.internal.reflect.DelegatingMethodAccessorImpl.invoke(DelegatingMethodAccessorImpl.java:43)
	at java.base/java.lang.reflect.Method.invoke(Method.java:567)
	at org.openqa.selenium.support.events.EventFiringWebDriver.lambda$new$0(EventFiringWebDriver.java:84)
	at jdk.proxy2/jdk.proxy2.$Proxy13.onException(Unknown Source)
	at org.openqa.selenium.support.events.EventFiringWebDriver.lambda$new$1(EventFiringWebDriver.java:107)
	at jdk.proxy2/jdk.proxy2.$Proxy14.getScreenshotAs(Unknown Source)
	at org.openqa.selenium.support.events.EventFiringWebDriver.getScreenshotAs(EventFiringWebDriver.java:302)
	at com.E_GP.QA.Util.TestUtil.takeScreenshotAtEndOfTest(TestUtil.java:97)
	at com.E_GP.QA.Util.WebEventListener.onException(WebEventListener.java:58)
	at jdk.internal.reflect.GeneratedMethodAccessor30.invoke(Unknown Source)
	at java.base/jdk.internal.reflect.DelegatingMethodAccessorImpl.invoke(DelegatingMethodAccessorImpl.java:43)
	at java.base/java.lang.reflect.Method.invoke(Method.java:567)
	at org.openqa.selenium.support.events.EventFiringWebDriver.lambda$new$0(EventFiringWebDriver.java:84)
	at jdk.proxy2/jdk.proxy2.$Proxy13.onException(Unknown Source)
	at org.openqa.selenium.support.events.EventFiringWebDriver.lambda$new$1(EventFiringWebDriver.java:107)
	at jdk.proxy2/jdk.proxy2.$Proxy14.getScreenshotAs(Unknown Source)
	at org.openqa.selenium.support.events.EventFiringWebDriver.getScreenshotAs(EventFiringWebDriver.java:302)
	at com.E_GP.QA.Util.TestUtil.takeScreenshotAtEndOfTest(TestUtil.java:97)
	at com.E_GP.QA.Util.WebEventListener.onException(WebEventListener.java:58)
	at jdk.internal.reflect.GeneratedMethodAccessor30.invoke(Unknown Source)
	at java.base/jdk.internal.reflect.DelegatingMethodAccessorImpl.invoke(DelegatingMethodAccessorImpl.java:43)
	at java.base/java.lang.reflect.Method.invoke(Method.java:567)
	at org.openqa.selenium.support.events.EventFiringWebDriver.lambda$new$0(EventFiringWebDriver.java:84)
	at jdk.proxy2/jdk.proxy2.$Proxy13.onException(Unknown Source)
	at org.openqa.selenium.support.events.EventFiringWebDriver.lambda$new$1(EventFiringWebDriver.java:107)
	at jdk.proxy2/jdk.proxy2.$Proxy14.getScreenshotAs(Unknown Source)
	at org.openqa.selenium.support.events.EventFiringWebDriver.getScreenshotAs(EventFiringWebDriver.java:302)
	at com.E_GP.QA.Util.TestUtil.takeScreenshotAtEndOfTest(TestUtil.java:97)
	at com.E_GP.QA.Util.WebEventListener.onException(WebEventListener.java:58)
	at jdk.internal.reflect.GeneratedMethodAccessor30.invoke(Unknown Source)
	at java.base/jdk.internal.reflect.DelegatingMethodAccessorImpl.invoke(DelegatingMethodAccessorImpl.java:43)
	at java.base/java.lang.reflect.Method.invoke(Method.java:567)
	at org.openqa.selenium.support.events.EventFiringWebDriver.lambda$new$0(EventFiringWebDriver.java:84)
	at jdk.proxy2/jdk.proxy2.$Proxy13.onException(Unknown Source)
	at org.openqa.selenium.support.events.EventFiringWebDriver.lambda$new$1(EventFiringWebDriver.java:107)
	at jdk.proxy2/jdk.proxy2.$Proxy14.getScreenshotAs(Unknown Source)
	at org.openqa.selenium.support.events.EventFiringWebDriver.getScreenshotAs(EventFiringWebDriver.java:302)
	at com.E_GP.QA.Util.TestUtil.takeScreenshotAtEndOfTest(TestUtil.java:97)
	at com.E_GP.QA.Util.WebEventListener.onException(WebEventListener.java:58)
	at jdk.internal.reflect.GeneratedMethodAccessor30.invoke(Unknown Source)
	at java.base/jdk.internal.reflect.DelegatingMethodAccessorImpl.invoke(DelegatingMethodAccessorImpl.java:43)
	at java.base/java.lang.reflect.Method.invoke(Method.java:567)
	at org.openqa.selenium.support.events.EventFiringWebDriver.lambda$new$0(EventFiringWebDriver.java:84)
	at jdk.proxy2/jdk.proxy2.$Proxy13.onException(Unknown Source)
	at org.openqa.selenium.support.events.EventFiringWebDriver.lambda$new$1(EventFiringWebDriver.java:107)
	at jdk.proxy2/jdk.proxy2.$Proxy14.getScreenshotAs(Unknown Source)
	at org.openqa.selenium.support.events.EventFiringWebDriver.getScreenshotAs(EventFiringWebDriver.java:302)
	at com.E_GP.QA.Util.TestUtil.takeScreenshotAtEndOfTest(TestUtil.java:97)
	at com.E_GP.QA.Util.WebEventListener.onException(WebEventListener.java:58)
	at jdk.internal.reflect.GeneratedMethodAccessor30.invoke(Unknown Source)
	at java.base/jdk.internal.reflect.DelegatingMethodAccessorImpl.invoke(DelegatingMethodAccessorImpl.java:43)
	at java.base/java.lang.reflect.Method.invoke(Method.java:567)
	at org.openqa.selenium.support.events.EventFiringWebDriver.lambda$new$0(EventFiringWebDriver.java:84)
	at jdk.proxy2/jdk.proxy2.$Proxy13.onException(Unknown Source)
	at org.openqa.selenium.support.events.EventFiringWebDriver.lambda$new$1(EventFiringWebDriver.java:107)
	at jdk.proxy2/jdk.proxy2.$Proxy14.getScreenshotAs(Unknown Source)
	at org.openqa.selenium.support.events.EventFiringWebDriver.getScreenshotAs(EventFiringWebDriver.java:302)
	at com.E_GP.QA.Util.TestUtil.takeScreenshotAtEndOfTest(TestUtil.java:97)
	at com.E_GP.QA.Util.WebEventListener.onException(WebEventListener.java:58)
	at jdk.internal.reflect.GeneratedMethodAccessor30.invoke(Unknown Source)
	at java.base/jdk.internal.reflect.DelegatingMethodAccessorImpl.invoke(DelegatingMethodAccessorImpl.java:43)
	at java.base/java.lang.reflect.Method.invoke(Method.java:567)
	at org.openqa.selenium.support.events.EventFiringWebDriver.lambda$new$0(EventFiringWebDriver.java:84)
	at jdk.proxy2/jdk.proxy2.$Proxy13.onException(Unknown Source)
	at org.openqa.selenium.support.events.EventFiringWebDriver.lambda$new$1(EventFiringWebDriver.java:107)
	at jdk.proxy2/jdk.proxy2.$Proxy14.getScreenshotAs(Unknown Source)
	at org.openqa.selenium.support.events.EventFiringWebDriver.getScreenshotAs(EventFiringWebDriver.java:302)
	at com.E_GP.QA.Util.TestUtil.takeScreenshotAtEndOfTest(TestUtil.java:97)
	at com.E_GP.QA.Util.WebEventListener.onException(WebEventListener.java:58)
	at jdk.internal.reflect.GeneratedMethodAccessor30.invoke(Unknown Source)
	at java.base/jdk.internal.reflect.DelegatingMethodAccessorImpl.invoke(DelegatingMethodAccessorImpl.java:43)
	at java.base/java.lang.reflect.Method.invoke(Method.java:567)
	at org.openqa.selenium.support.events.EventFiringWebDriver.lambda$new$0(EventFiringWebDriver.java:84)
	at jdk.proxy2/jdk.proxy2.$Proxy13.onException(Unknown Source)
	at org.openqa.selenium.support.events.EventFiringWebDriver.lambda$new$1(EventFiringWebDriver.java:107)
	at jdk.proxy2/jdk.proxy2.$Proxy14.getScreenshotAs(Unknown Source)
	at org.openqa.selenium.support.events.EventFiringWebDriver.getScreenshotAs(EventFiringWebDriver.java:302)
	at com.E_GP.QA.Util.TestUtil.takeScreenshotAtEndOfTest(TestUtil.java:97)
	at com.E_GP.QA.Util.WebEventListener.onException(WebEventListener.java:58)
	at jdk.internal.reflect.GeneratedMethodAccessor30.invoke(Unknown Source)
	at java.base/jdk.internal.reflect.DelegatingMethodAccessorImpl.invoke(DelegatingMethodAccessorImpl.java:43)
	at java.base/java.lang.reflect.Method.invoke(Method.java:567)
	at org.openqa.selenium.support.events.EventFiringWebDriver.lambda$new$0(EventFiringWebDriver.java:84)
	at jdk.proxy2/jdk.proxy2.$Proxy13.onException(Unknown Source)
	at org.openqa.selenium.support.events.EventFiringWebDriver.lambda$new$1(EventFiringWebDriver.java:107)
	at jdk.proxy2/jdk.proxy2.$Proxy14.getScreenshotAs(Unknown Source)
	at org.openqa.selenium.support.events.EventFiringWebDriver.getScreenshotAs(EventFiringWebDriver.java:302)
	at com.E_GP.QA.Util.TestUtil.takeScreenshotAtEndOfTest(TestUtil.java:97)
	at com.E_GP.QA.Util.WebEventListener.onException(WebEventListener.java:58)
	at jdk.internal.reflect.GeneratedMethodAccessor30.invoke(Unknown Source)
	at java.base/jdk.internal.reflect.DelegatingMethodAccessorImpl.invoke(DelegatingMethodAccessorImpl.java:43)
	at java.base/java.lang.reflect.Method.invoke(Method.java:567)
	at org.openqa.selenium.support.events.EventFiringWebDriver.lambda$new$0(EventFiringWebDriver.java:84)
	at jdk.proxy2/jdk.proxy2.$Proxy13.onException(Unknown Source)
	at org.openqa.selenium.support.events.EventFiringWebDriver.lambda$new$1(EventFiringWebDriver.java:107)
	at jdk.proxy2/jdk.proxy2.$Proxy14.getScreenshotAs(Unknown Source)
	at org.openqa.selenium.support.events.EventFiringWebDriver.getScreenshotAs(EventFiringWebDriver.java:302)
	at com.E_GP.QA.Util.TestUtil.takeScreenshotAtEndOfTest(TestUtil.java:97)
	at com.E_GP.QA.Util.WebEventListener.onException(WebEventListener.java:58)
	at jdk.internal.reflect.GeneratedMethodAccessor30.invoke(Unknown Source)
	at java.base/jdk.internal.reflect.DelegatingMethodAccessorImpl.invoke(DelegatingMethodAccessorImpl.java:43)
	at java.base/java.lang.reflect.Method.invoke(Method.java:567)
	at org.openqa.selenium.support.events.EventFiringWebDriver.lambda$new$0(EventFiringWebDriver.java:84)
	at jdk.proxy2/jdk.proxy2.$Proxy13.onException(Unknown Source)
	at org.openqa.selenium.support.events.EventFiringWebDriver.lambda$new$1(EventFiringWebDriver.java:107)
	at jdk.proxy2/jdk.proxy2.$Proxy14.getScreenshotAs(Unknown Source)
	at org.openqa.selenium.support.events.EventFiringWebDriver.getScreenshotAs(EventFiringWebDriver.java:302)
	at com.E_GP.QA.Util.TestUtil.takeScreenshotAtEndOfTest(TestUtil.java:97)
	at com.E_GP.QA.Util.WebEventListener.onException(WebEventListener.java:58)
	at jdk.internal.reflect.GeneratedMethodAccessor30.invoke(Unknown Source)
	at java.base/jdk.internal.reflect.DelegatingMethodAccessorImpl.invoke(DelegatingMethodAccessorImpl.java:43)
	at java.base/java.lang.reflect.Method.invoke(Method.java:567)
	at org.openqa.selenium.support.events.EventFiringWebDriver.lambda$new$0(EventFiringWebDriver.java:84)
	at jdk.proxy2/jdk.proxy2.$Proxy13.onException(Unknown Source)
	at org.openqa.selenium.support.events.EventFiringWebDriver.lambda$new$1(EventFiringWebDriver.java:107)
	at jdk.proxy2/jdk.proxy2.$Proxy14.getScreenshotAs(Unknown Source)
	at org.openqa.selenium.support.events.EventFiringWebDriver.getScreenshotAs(EventFiringWebDriver.java:302)
	at com.E_GP.QA.Util.TestUtil.takeScreenshotAtEndOfTest(TestUtil.java:97)
	at com.E_GP.QA.Util.WebEventListener.onException(WebEventListener.java:58)
	at jdk.internal.reflect.GeneratedMethodAccessor30.invoke(Unknown Source)
	at java.base/jdk.internal.reflect.DelegatingMethodAccessorImpl.invoke(DelegatingMethodAccessorImpl.java:43)
	at java.base/java.lang.reflect.Method.invoke(Method.java:567)
	at org.openqa.selenium.support.events.EventFiringWebDriver.lambda$new$0(EventFiringWebDriver.java:84)
	at jdk.proxy2/jdk.proxy2.$Proxy13.onException(Unknown Source)
	at org.openqa.selenium.support.events.EventFiringWebDriver.lambda$new$1(EventFiringWebDriver.java:107)
	at jdk.proxy2/jdk.proxy2.$Proxy14.getScreenshotAs(Unknown Source)
	at org.openqa.selenium.support.events.EventFiringWebDriver.getScreenshotAs(EventFiringWebDriver.java:302)
	at com.E_GP.QA.Util.TestUtil.takeScreenshotAtEndOfTest(TestUtil.java:97)
	at com.E_GP.QA.Util.WebEventListener.onException(WebEventListener.java:58)
	at jdk.internal.reflect.GeneratedMethodAccessor30.invoke(Unknown Source)
	at java.base/jdk.internal.reflect.DelegatingMethodAccessorImpl.invoke(DelegatingMethodAccessorImpl.java:43)
	at java.base/java.lang.reflect.Method.invoke(Method.java:567)
	at org.openqa.selenium.support.events.EventFiringWebDriver.lambda$new$0(EventFiringWebDriver.java:84)
	at jdk.proxy2/jdk.proxy2.$Proxy13.onException(Unknown Source)
	at org.openqa.selenium.support.events.EventFiringWebDriver.lambda$new$1(EventFiringWebDriver.java:107)
	at jdk.proxy2/jdk.proxy2.$Proxy14.getScreenshotAs(Unknown Source)
	at org.openqa.selenium.support.events.EventFiringWebDriver.getScreenshotAs(EventFiringWebDriver.java:302)
	at com.E_GP.QA.Util.TestUtil.takeScreenshotAtEndOfTest(TestUtil.java:97)
	at com.E_GP.QA.Util.WebEventListener.onException(WebEventListener.java:58)
	at jdk.internal.reflect.GeneratedMethodAccessor30.invoke(Unknown Source)
	at java.base/jdk.internal.reflect.DelegatingMethodAccessorImpl.invoke(DelegatingMethodAccessorImpl.java:43)
	at java.base/java.lang.reflect.Method.invoke(Method.java:567)
	at org.openqa.selenium.support.events.EventFiringWebDriver.lambda$new$0(EventFiringWebDriver.java:84)
	at jdk.proxy2/jdk.proxy2.$Proxy13.onException(Unknown Source)
	at org.openqa.selenium.support.events.EventFiringWebDriver.lambda$new$1(EventFiringWebDriver.java:107)
	at jdk.proxy2/jdk.proxy2.$Proxy14.getScreenshotAs(Unknown Source)
	at org.openqa.selenium.support.events.EventFiringWebDriver.getScreenshotAs(EventFiringWebDriver.java:302)
	at com.E_GP.QA.Util.TestUtil.takeScreenshotAtEndOfTest(TestUtil.java:97)
	at com.E_GP.QA.Util.WebEventListener.onException(WebEventListener.java:58)
	at jdk.internal.reflect.GeneratedMethodAccessor30.invoke(Unknown Source)
	at java.base/jdk.internal.reflect.DelegatingMethodAccessorImpl.invoke(DelegatingMethodAccessorImpl.java:43)
	at java.base/java.lang.reflect.Method.invoke(Method.java:567)
	at org.openqa.selenium.support.events.EventFiringWebDriver.lambda$new$0(EventFiringWebDriver.java:84)
	at jdk.proxy2/jdk.proxy2.$Proxy13.onException(Unknown Source)
	at org.openqa.selenium.support.events.EventFiringWebDriver.lambda$new$1(EventFiringWebDriver.java:107)
	at jdk.proxy2/jdk.proxy2.$Proxy14.getScreenshotAs(Unknown Source)
	at org.openqa.selenium.support.events.EventFiringWebDriver.getScreenshotAs(EventFiringWebDriver.java:302)
	at com.E_GP.QA.Util.TestUtil.takeScreenshotAtEndOfTest(TestUtil.java:97)
	at com.E_GP.QA.Util.WebEventListener.onException(WebEventListener.java:58)
	at jdk.internal.reflect.GeneratedMethodAccessor30.invoke(Unknown Source)
	at java.base/jdk.internal.reflect.DelegatingMethodAccessorImpl.invoke(DelegatingMethodAccessorImpl.java:43)
	at java.base/java.lang.reflect.Method.invoke(Method.java:567)
	at org.openqa.selenium.support.events.EventFiringWebDriver.lambda$new$0(EventFiringWebDriver.java:84)
	at jdk.proxy2/jdk.proxy2.$Proxy13.onException(Unknown Source)
	at org.openqa.selenium.support.events.EventFiringWebDriver.lambda$new$1(EventFiringWebDriver.java:107)
	at jdk.proxy2/jdk.proxy2.$Proxy14.getScreenshotAs(Unknown Source)
	at org.openqa.selenium.support.events.EventFiringWebDriver.getScreenshotAs(EventFiringWebDriver.java:302)
	at com.E_GP.QA.Util.TestUtil.takeScreenshotAtEndOfTest(TestUtil.java:97)
	at com.E_GP.QA.Util.WebEventListener.onException(WebEventListener.java:58)
	at jdk.internal.reflect.GeneratedMethodAccessor30.invoke(Unknown Source)
	at java.base/jdk.internal.reflect.DelegatingMethodAccessorImpl.invoke(DelegatingMethodAccessorImpl.java:43)
	at java.base/java.lang.reflect.Method.invoke(Method.java:567)
	at org.openqa.selenium.support.events.EventFiringWebDriver.lambda$new$0(EventFiringWebDriver.java:84)
	at jdk.proxy2/jdk.proxy2.$Proxy13.onException(Unknown Source)
	at org.openqa.selenium.support.events.EventFiringWebDriver.lambda$new$1(EventFiringWebDriver.java:107)
	at jdk.proxy2/jdk.proxy2.$Proxy14.getScreenshotAs(Unknown Source)
	at org.openqa.selenium.support.events.EventFiringWebDriver.getScreenshotAs(EventFiringWebDriver.java:302)
	at com.E_GP.QA.Util.TestUtil.takeScreenshotAtEndOfTest(TestUtil.java:97)
	at com.E_GP.QA.Util.WebEventListener.onException(WebEventListener.java:58)
	at jdk.internal.reflect.GeneratedMethodAccessor30.invoke(Unknown Source)
	at java.base/jdk.internal.reflect.DelegatingMethodAccessorImpl.invoke(DelegatingMethodAccessorImpl.java:43)
	at java.base/java.lang.reflect.Method.invoke(Method.java:567)
	at org.openqa.selenium.support.events.EventFiringWebDriver.lambda$new$0(EventFiringWebDriver.java:84)
	at jdk.proxy2/jdk.proxy2.$Proxy13.onException(Unknown Source)
	at org.openqa.selenium.support.events.EventFiringWebDriver.lambda$new$1(EventFiringWebDriver.java:107)
	at jdk.proxy2/jdk.proxy2.$Proxy14.getScreenshotAs(Unknown Source)
	at org.openqa.selenium.support.events.EventFiringWebDriver.getScreenshotAs(EventFiringWebDriver.java:302)
	at com.E_GP.QA.Util.TestUtil.takeScreenshotAtEndOfTest(TestUtil.java:97)
	at com.E_GP.QA.Util.WebEventListener.onException(WebEventListener.java:58)
	at jdk.internal.reflect.GeneratedMethodAccessor30.invoke(Unknown Source)
	at java.base/jdk.internal.reflect.DelegatingMethodAccessorImpl.invoke(DelegatingMethodAccessorImpl.java:43)
	at java.base/java.lang.reflect.Method.invoke(Method.java:567)
	at org.openqa.selenium.support.events.EventFiringWebDriver.lambda$new$0(EventFiringWebDriver.java:84)
	at jdk.proxy2/jdk.proxy2.$Proxy13.onException(Unknown Source)
	at org.openqa.selenium.support.events.EventFiringWebDriver.lambda$new$1(EventFiringWebDriver.java:107)
	at jdk.proxy2/jdk.proxy2.$Proxy14.getScreenshotAs(Unknown Source)
	at org.openqa.selenium.support.events.EventFiringWebDriver.getScreenshotAs(EventFiringWebDriver.java:302)
	at com.E_GP.QA.Util.TestUtil.takeScreenshotAtEndOfTest(TestUtil.java:97)
	at com.E_GP.QA.Util.WebEventListener.onException(WebEventListener.java:58)
	at jdk.internal.reflect.GeneratedMethodAccessor30.invoke(Unknown Source)
	at java.base/jdk.internal.reflect.DelegatingMethodAccessorImpl.invoke(DelegatingMethodAccessorImpl.java:43)
	at java.base/java.lang.reflect.Method.invoke(Method.java:567)
	at org.openqa.selenium.support.events.EventFiringWebDriver.lambda$new$0(EventFiringWebDriver.java:84)
	at jdk.proxy2/jdk.proxy2.$Proxy13.onException(Unknown Source)
	at org.openqa.selenium.support.events.EventFiringWebDriver.lambda$new$1(EventFiringWebDriver.java:107)
	at jdk.proxy2/jdk.proxy2.$Proxy14.getScreenshotAs(Unknown Source)
	at org.openqa.selenium.support.events.EventFiringWebDriver.getScreenshotAs(EventFiringWebDriver.java:302)
	at com.E_GP.QA.Util.TestUtil.takeScreenshotAtEndOfTest(TestUtil.java:97)
	at com.E_GP.QA.Util.WebEventListener.onException(WebEventListener.java:58)
	at jdk.internal.reflect.GeneratedMethodAccessor30.invoke(Unknown Source)
	at java.base/jdk.internal.reflect.DelegatingMethodAccessorImpl.invoke(DelegatingMethodAccessorImpl.java:43)
	at java.base/java.lang.reflect.Method.invoke(Method.java:567)
	at org.openqa.selenium.support.events.EventFiringWebDriver.lambda$new$0(EventFiringWebDriver.java:84)
	at jdk.proxy2/jdk.proxy2.$Proxy13.onException(Unknown Source)
	at org.openqa.selenium.support.events.EventFiringWebDriver.lambda$new$1(EventFiringWebDriver.java:107)
	at jdk.proxy2/jdk.proxy2.$Proxy14.getScreenshotAs(Unknown Source)
	at org.openqa.selenium.support.events.EventFiringWebDriver.getScreenshotAs(EventFiringWebDriver.java:302)
	at com.E_GP.QA.Util.TestUtil.takeScreenshotAtEndOfTest(TestUtil.java:97)
	at com.E_GP.QA.Util.WebEventListener.onException(WebEventListener.java:58)
	at jdk.internal.reflect.GeneratedMethodAccessor30.invoke(Unknown Source)
	at java.base/jdk.internal.reflect.DelegatingMethodAccessorImpl.invoke(DelegatingMethodAccessorImpl.java:43)
	at java.base/java.lang.reflect.Method.invoke(Method.java:567)
	at org.openqa.selenium.support.events.EventFiringWebDriver.lambda$new$0(EventFiringWebDriver.java:84)
	at jdk.proxy2/jdk.proxy2.$Proxy13.onException(Unknown Source)
	at org.openqa.selenium.support.events.EventFiringWebDriver.lambda$new$1(EventFiringWebDriver.java:107)
	at jdk.proxy2/jdk.proxy2.$Proxy14.getScreenshotAs(Unknown Source)
	at org.openqa.selenium.support.events.EventFiringWebDriver.getScreenshotAs(EventFiringWebDriver.java:302)
	at com.E_GP.QA.Util.TestUtil.takeScreenshotAtEndOfTest(TestUtil.java:97)
	at com.E_GP.QA.Util.WebEventListener.onException(WebEventListener.java:58)
	at jdk.internal.reflect.GeneratedMethodAccessor30.invoke(Unknown Source)
	at java.base/jdk.internal.reflect.DelegatingMethodAccessorImpl.invoke(DelegatingMethodAccessorImpl.java:43)
	at java.base/java.lang.reflect.Method.invoke(Method.java:567)
	at org.openqa.selenium.support.events.EventFiringWebDriver.lambda$new$0(EventFiringWebDriver.java:84)
	at jdk.proxy2/jdk.proxy2.$Proxy13.onException(Unknown Source)
	at org.openqa.selenium.support.events.EventFiringWebDriver.lambda$new$1(EventFiringWebDriver.java:107)
	at jdk.proxy2/jdk.proxy2.$Proxy14.getScreenshotAs(Unknown Source)
	at org.openqa.selenium.support.events.EventFiringWebDriver.getScreenshotAs(EventFiringWebDriver.java:302)
	at com.E_GP.QA.Util.TestUtil.takeScreenshotAtEndOfTest(TestUtil.java:97)
	at com.E_GP.QA.Util.WebEventListener.onException(WebEventListener.java:58)
	at jdk.internal.reflect.GeneratedMethodAccessor30.invoke(Unknown Source)
	at java.base/jdk.internal.reflect.DelegatingMethodAccessorImpl.invoke(DelegatingMethodAccessorImpl.java:43)
	at java.base/java.lang.reflect.Method.invoke(Method.java:567)
	at org.openqa.selenium.support.events.EventFiringWebDriver.lambda$new$0(EventFiringWebDriver.java:84)
	at jdk.proxy2/jdk.proxy2.$Proxy13.onException(Unknown Source)
	at org.openqa.selenium.support.events.EventFiringWebDriver.lambda$new$1(EventFiringWebDriver.java:107)
	at jdk.proxy2/jdk.proxy2.$Proxy14.getScreenshotAs(Unknown Source)
	at org.openqa.selenium.support.events.EventFiringWebDriver.getScreenshotAs(EventFiringWebDriver.java:302)
	at com.E_GP.QA.Util.TestUtil.takeScreenshotAtEndOfTest(TestUtil.java:97)
	at com.E_GP.QA.Util.WebEventListener.onException(WebEventListener.java:58)
	at jdk.internal.reflect.GeneratedMethodAccessor30.invoke(Unknown Source)
	at java.base/jdk.internal.reflect.DelegatingMethodAccessorImpl.invoke(DelegatingMethodAccessorImpl.java:43)
	at java.base/java.lang.reflect.Method.invoke(Method.java:567)
	at org.openqa.selenium.support.events.EventFiringWebDriver.lambda$new$0(EventFiringWebDriver.java:84)
	at jdk.proxy2/jdk.proxy2.$Proxy13.onException(Unknown Source)
	at org.openqa.selenium.support.events.EventFiringWebDriver.lambda$new$1(EventFiringWebDriver.java:107)
	at jdk.proxy2/jdk.proxy2.$Proxy14.getScreenshotAs(Unknown Source)
	at org.openqa.selenium.support.events.EventFiringWebDriver.getScreenshotAs(EventFiringWebDriver.java:302)
	at com.E_GP.QA.Util.TestUtil.takeScreenshotAtEndOfTest(TestUtil.java:97)
	at com.E_GP.QA.Util.WebEventListener.onException(WebEventListener.java:58)
	at jdk.internal.reflect.GeneratedMethodAccessor30.invoke(Unknown Source)
	at java.base/jdk.internal.reflect.DelegatingMethodAccessorImpl.invoke(DelegatingMethodAccessorImpl.java:43)
	at java.base/java.lang.reflect.Method.invoke(Method.java:567)
	at org.openqa.selenium.support.events.EventFiringWebDriver.lambda$new$0(EventFiringWebDriver.java:84)
	at jdk.proxy2/jdk.proxy2.$Proxy13.onException(Unknown Source)
	at org.openqa.selenium.support.events.EventFiringWebDriver.lambda$new$1(EventFiringWebDriver.java:107)
	at jdk.proxy2/jdk.proxy2.$Proxy14.getScreenshotAs(Unknown Source)
	at org.openqa.selenium.support.events.EventFiringWebDriver.getScreenshotAs(EventFiringWebDriver.java:302)
	at com.E_GP.QA.Util.TestUtil.takeScreenshotAtEndOfTest(TestUtil.java:97)
	at com.E_GP.QA.Util.WebEventListener.onException(WebEventListener.java:58)
	at jdk.internal.reflect.GeneratedMethodAccessor30.invoke(Unknown Source)
	at java.base/jdk.internal.reflect.DelegatingMethodAccessorImpl.invoke(DelegatingMethodAccessorImpl.java:43)
	at java.base/java.lang.reflect.Method.invoke(Method.java:567)
	at org.openqa.selenium.support.events.EventFiringWebDriver.lambda$new$0(EventFiringWebDriver.java:84)
	at jdk.proxy2/jdk.proxy2.$Proxy13.onException(Unknown Source)
	at org.openqa.selenium.support.events.EventFiringWebDriver.lambda$new$1(EventFiringWebDriver.java:107)
	at jdk.proxy2/jdk.proxy2.$Proxy14.getScreenshotAs(Unknown Source)
	at org.openqa.selenium.support.events.EventFiringWebDriver.getScreenshotAs(EventFiringWebDriver.java:302)
	at com.E_GP.QA.Util.TestUtil.takeScreenshotAtEndOfTest(TestUtil.java:97)
	at com.E_GP.QA.Util.WebEventListener.onException(WebEventListener.java:58)
	at jdk.internal.reflect.GeneratedMethodAccessor30.invoke(Unknown Source)
	at java.base/jdk.internal.reflect.DelegatingMethodAccessorImpl.invoke(DelegatingMethodAccessorImpl.java:43)
	at java.base/java.lang.reflect.Method.invoke(Method.java:567)
	at org.openqa.selenium.support.events.EventFiringWebDriver.lambda$new$0(EventFiringWebDriver.java:84)
	at jdk.proxy2/jdk.proxy2.$Proxy13.onException(Unknown Source)
	at org.openqa.selenium.support.events.EventFiringWebDriver.lambda$new$1(EventFiringWebDriver.java:107)
	at jdk.proxy2/jdk.proxy2.$Proxy14.getScreenshotAs(Unknown Source)
	at org.openqa.selenium.support.events.EventFiringWebDriver.getScreenshotAs(EventFiringWebDriver.java:302)
	at com.E_GP.QA.Util.TestUtil.takeScreenshotAtEndOfTest(TestUtil.java:97)
	at com.E_GP.QA.Util.WebEventListener.onException(WebEventListener.java:58)
	at jdk.internal.reflect.GeneratedMethodAccessor30.invoke(Unknown Source)
	at java.base/jdk.internal.reflect.DelegatingMethodAccessorImpl.invoke(DelegatingMethodAccessorImpl.java:43)
	at java.base/java.lang.reflect.Method.invoke(Method.java:567)
	at org.openqa.selenium.support.events.EventFiringWebDriver.lambda$new$0(EventFiringWebDriver.java:84)
	at jdk.proxy2/jdk.proxy2.$Proxy13.onException(Unknown Source)
	at org.openqa.selenium.support.events.EventFiringWebDriver.lambda$new$1(EventFiringWebDriver.java:107)
	at jdk.proxy2/jdk.proxy2.$Proxy14.getScreenshotAs(Unknown Source)
	at org.openqa.selenium.support.events.EventFiringWebDriver.getScreenshotAs(EventFiringWebDriver.java:302)
	at com.E_GP.QA.Util.TestUtil.takeScreenshotAtEndOfTest(TestUtil.java:97)
	at com.E_GP.QA.Util.WebEventListener.onException(WebEventListener.java:58)
	at jdk.internal.reflect.GeneratedMethodAccessor30.invoke(Unknown Source)
	at java.base/jdk.internal.reflect.DelegatingMethodAccessorImpl.invoke(DelegatingMethodAccessorImpl.java:43)
	at java.base/java.lang.reflect.Method.invoke(Method.java:567)
	at org.openqa.selenium.support.events.EventFiringWebDriver.lambda$new$0(EventFiringWebDriver.java:84)
	at jdk.proxy2/jdk.proxy2.$Proxy13.onException(Unknown Source)
	at org.openqa.selenium.support.events.EventFiringWebDriver.lambda$new$1(EventFiringWebDriver.java:107)
	at jdk.proxy2/jdk.proxy2.$Proxy14.getScreenshotAs(Unknown Source)
	at org.openqa.selenium.support.events.EventFiringWebDriver.getScreenshotAs(EventFiringWebDriver.java:302)
	at com.E_GP.QA.Util.TestUtil.takeScreenshotAtEndOfTest(TestUtil.java:97)
	at com.E_GP.QA.Util.WebEventListener.onException(WebEventListener.java:58)
	at jdk.internal.reflect.GeneratedMethodAccessor30.invoke(Unknown Source)
	at java.base/jdk.internal.reflect.DelegatingMethodAccessorImpl.invoke(DelegatingMethodAccessorImpl.java:43)
	at java.base/java.lang.reflect.Method.invoke(Method.java:567)
	at org.openqa.selenium.support.events.EventFiringWebDriver.lambda$new$0(EventFiringWebDriver.java:84)
	at jdk.proxy2/jdk.proxy2.$Proxy13.onException(Unknown Source)
	at org.openqa.selenium.support.events.EventFiringWebDriver.lambda$new$1(EventFiringWebDriver.java:107)
	at jdk.proxy2/jdk.proxy2.$Proxy14.getScreenshotAs(Unknown Source)
	at org.openqa.selenium.support.events.EventFiringWebDriver.getScreenshotAs(EventFiringWebDriver.java:302)
	at com.E_GP.QA.Util.TestUtil.takeScreenshotAtEndOfTest(TestUtil.java:97)
	at com.E_GP.QA.Util.WebEventListener.onException(WebEventListener.java:58)
	at jdk.internal.reflect.GeneratedMethodAccessor30.invoke(Unknown Source)
	at java.base/jdk.internal.reflect.DelegatingMethodAccessorImpl.invoke(DelegatingMethodAccessorImpl.java:43)
	at java.base/java.lang.reflect.Method.invoke(Method.java:567)
	at org.openqa.selenium.support.events.EventFiringWebDriver.lambda$new$0(EventFiringWebDriver.java:84)
	at jdk.proxy2/jdk.proxy2.$Proxy13.onException(Unknown Source)
	at org.openqa.selenium.support.events.EventFiringWebDriver.lambda$new$1(EventFiringWebDriver.java:107)
	at jdk.proxy2/jdk.proxy2.$Proxy14.getScreenshotAs(Unknown Source)
	at org.openqa.selenium.support.events.EventFiringWebDriver.getScreenshotAs(EventFiringWebDriver.java:302)
	at com.E_GP.QA.Util.TestUtil.takeScreenshotAtEndOfTest(TestUtil.java:97)
	at com.E_GP.QA.Util.WebEventListener.onException(WebEventListener.java:58)
	at jdk.internal.reflect.GeneratedMethodAccessor30.invoke(Unknown Source)
	at java.base/jdk.internal.reflect.DelegatingMethodAccessorImpl.invoke(DelegatingMethodAccessorImpl.java:43)
	at java.base/java.lang.reflect.Method.invoke(Method.java:567)
	at org.openqa.selenium.support.events.EventFiringWebDriver.lambda$new$0(EventFiringWebDriver.java:84)
	at jdk.proxy2/jdk.proxy2.$Proxy13.onException(Unknown Source)
	at org.openqa.selenium.support.events.EventFiringWebDriver.lambda$new$1(EventFiringWebDriver.java:107)
	at jdk.proxy2/jdk.proxy2.$Proxy14.getScreenshotAs(Unknown Source)
	at org.openqa.selenium.support.events.EventFiringWebDriver.getScreenshotAs(EventFiringWebDriver.java:302)
	at com.E_GP.QA.Util.TestUtil.takeScreenshotAtEndOfTest(TestUtil.java:97)
	at com.E_GP.QA.Util.WebEventListener.onException(WebEventListener.java:58)
	at jdk.internal.reflect.GeneratedMethodAccessor30.invoke(Unknown Source)
	at java.base/jdk.internal.reflect.DelegatingMethodAccessorImpl.invoke(DelegatingMethodAccessorImpl.java:43)
	at java.base/java.lang.reflect.Method.invoke(Method.java:567)
	at org.openqa.selenium.support.events.EventFiringWebDriver.lambda$new$0(EventFiringWebDriver.java:84)
	at jdk.proxy2/jdk.proxy2.$Proxy13.onException(Unknown Source)
	at org.openqa.selenium.support.events.EventFiringWebDriver.lambda$new$1(EventFiringWebDriver.java:107)
	at jdk.proxy2/jdk.proxy2.$Proxy14.getScreenshotAs(Unknown Source)
	at org.openqa.selenium.support.events.EventFiringWebDriver.getScreenshotAs(EventFiringWebDriver.java:302)
	at com.E_GP.QA.Util.TestUtil.takeScreenshotAtEndOfTest(TestUtil.java:97)
	at com.E_GP.QA.Util.WebEventListener.onException(WebEventListener.java:58)
	at jdk.internal.reflect.GeneratedMethodAccessor30.invoke(Unknown Source)
	at java.base/jdk.internal.reflect.DelegatingMethodAccessorImpl.invoke(DelegatingMethodAccessorImpl.java:43)
	at java.base/java.lang.reflect.Method.invoke(Method.java:567)
	at org.openqa.selenium.support.events.EventFiringWebDriver.lambda$new$0(EventFiringWebDriver.java:84)
	at jdk.proxy2/jdk.proxy2.$Proxy13.onException(Unknown Source)
	at org.openqa.selenium.support.events.EventFiringWebDriver.lambda$new$1(EventFiringWebDriver.java:107)
	at jdk.proxy2/jdk.proxy2.$Proxy14.getScreenshotAs(Unknown Source)
	at org.openqa.selenium.support.events.EventFiringWebDriver.getScreenshotAs(EventFiringWebDriver.java:302)
	at com.E_GP.QA.Util.TestUtil.takeScreenshotAtEndOfTest(TestUtil.java:97)
	at com.E_GP.QA.Util.WebEventListener.onException(WebEventListener.java:58)
	at jdk.internal.reflect.GeneratedMethodAccessor30.invoke(Unknown Source)
	at java.base/jdk.internal.reflect.DelegatingMethodAccessorImpl.invoke(DelegatingMethodAccessorImpl.java:43)
	at java.base/java.lang.reflect.Method.invoke(Method.java:567)
	at org.openqa.selenium.support.events.EventFiringWebDriver.lambda$new$0(EventFiringWebDriver.java:84)
	at jdk.proxy2/jdk.proxy2.$Proxy13.onException(Unknown Source)
	at org.openqa.selenium.support.events.EventFiringWebDriver.lambda$new$1(EventFiringWebDriver.java:107)
	at jdk.proxy2/jdk.proxy2.$Proxy14.getScreenshotAs(Unknown Source)
	at org.openqa.selenium.support.events.EventFiringWebDriver.getScreenshotAs(EventFiringWebDriver.java:302)
	at com.E_GP.QA.Util.TestUtil.takeScreenshotAtEndOfTest(TestUtil.java:97)
	at com.E_GP.QA.Util.WebEventListener.onException(WebEventListener.java:58)
	at jdk.internal.reflect.GeneratedMethodAccessor30.invoke(Unknown Source)
	at java.base/jdk.internal.reflect.DelegatingMethodAccessorImpl.invoke(DelegatingMethodAccessorImpl.java:43)
	at java.base/java.lang.reflect.Method.invoke(Method.java:567)
	at org.openqa.selenium.support.events.EventFiringWebDriver.lambda$new$0(EventFiringWebDriver.java:84)
	at jdk.proxy2/jdk.proxy2.$Proxy13.onException(Unknown Source)
	at org.openqa.selenium.support.events.EventFiringWebDriver.lambda$new$1(EventFiringWebDriver.java:107)
	at jdk.proxy2/jdk.proxy2.$Proxy14.getScreenshotAs(Unknown Source)
	at org.openqa.selenium.support.events.EventFiringWebDriver.getScreenshotAs(EventFiringWebDriver.java:302)
	at com.E_GP.QA.Util.TestUtil.takeScreenshotAtEndOfTest(TestUtil.java:97)
	at com.E_GP.QA.Util.WebEventListener.onException(WebEventListener.java:58)
	at jdk.internal.reflect.GeneratedMethodAccessor30.invoke(Unknown Source)
	at java.base/jdk.internal.reflect.DelegatingMethodAccessorImpl.invoke(DelegatingMethodAccessorImpl.java:43)
	at java.base/java.lang.reflect.Method.invoke(Method.java:567)
	at org.openqa.selenium.support.events.EventFiringWebDriver.lambda$new$0(EventFiringWebDriver.java:84)
	at jdk.proxy2/jdk.proxy2.$Proxy13.onException(Unknown Source)
	at org.openqa.selenium.support.events.EventFiringWebDriver.lambda$new$1(EventFiringWebDriver.java:107)
	at jdk.proxy2/jdk.proxy2.$Proxy14.getScreenshotAs(Unknown Source)
	at org.openqa.selenium.support.events.EventFiringWebDriver.getScreenshotAs(EventFiringWebDriver.java:302)
	at com.E_GP.QA.Util.TestUtil.takeScreenshotAtEndOfTest(TestUtil.java:97)
	at com.E_GP.QA.Util.WebEventListener.onException(WebEventListener.java:58)
	at jdk.internal.reflect.GeneratedMethodAccessor30.invoke(Unknown Source)
	at java.base/jdk.internal.reflect.DelegatingMethodAccessorImpl.invoke(DelegatingMethodAccessorImpl.java:43)
	at java.base/java.lang.reflect.Method.invoke(Method.java:567)
	at org.openqa.selenium.support.events.EventFiringWebDriver.lambda$new$0(EventFiringWebDriver.java:84)
	at jdk.proxy2/jdk.proxy2.$Proxy13.onException(Unknown Source)
	at org.openqa.selenium.support.events.EventFiringWebDriver.lambda$new$1(EventFiringWebDriver.java:107)
	at jdk.proxy2/jdk.proxy2.$Proxy14.getScreenshotAs(Unknown Source)
	at org.openqa.selenium.support.events.EventFiringWebDriver.getScreenshotAs(EventFiringWebDriver.java:302)
	at com.E_GP.QA.Util.TestUtil.takeScreenshotAtEndOfTest(TestUtil.java:97)
	at com.E_GP.QA.Util.WebEventListener.onException(WebEventListener.java:58)
	at jdk.internal.reflect.GeneratedMethodAccessor30.invoke(Unknown Source)
	at java.base/jdk.internal.reflect.DelegatingMethodAccessorImpl.invoke(DelegatingMethodAccessorImpl.java:43)
	at java.base/java.lang.reflect.Method.invoke(Method.java:567)
	at org.openqa.selenium.support.events.EventFiringWebDriver.lambda$new$0(EventFiringWebDriver.java:84)
	at jdk.proxy2/jdk.proxy2.$Proxy13.onException(Unknown Source)
	at org.openqa.selenium.support.events.EventFiringWebDriver.lambda$new$1(EventFiringWebDriver.java:107)
	at jdk.proxy2/jdk.proxy2.$Proxy14.getScreenshotAs(Unknown Source)
	at org.openqa.selenium.support.events.EventFiringWebDriver.getScreenshotAs(EventFiringWebDriver.java:302)
	at com.E_GP.QA.Util.TestUtil.takeScreenshotAtEndOfTest(TestUtil.java:97)
	at com.E_GP.QA.Util.WebEventListener.onException(WebEventListener.java:58)
	at jdk.internal.reflect.GeneratedMethodAccessor30.invoke(Unknown Source)
	at java.base/jdk.internal.reflect.DelegatingMethodAccessorImpl.invoke(DelegatingMethodAccessorImpl.java:43)
	at java.base/java.lang.reflect.Method.invoke(Method.java:567)
	at org.openqa.selenium.support.events.EventFiringWebDriver.lambda$new$0(EventFiringWebDriver.java:84)
	at jdk.proxy2/jdk.proxy2.$Proxy13.onException(Unknown Source)
	at org.openqa.selenium.support.events.EventFiringWebDriver.lambda$new$1(EventFiringWebDriver.java:107)
	at jdk.proxy2/jdk.proxy2.$Proxy14.getScreenshotAs(Unknown Source)
	at org.openqa.selenium.support.events.EventFiringWebDriver.getScreenshotAs(EventFiringWebDriver.java:302)
	at com.E_GP.QA.Util.TestUtil.takeScreenshotAtEndOfTest(TestUtil.java:97)
	at com.E_GP.QA.Util.WebEventListener.onException(WebEventListener.java:58)
	at jdk.internal.reflect.GeneratedMethodAccessor30.invoke(Unknown Source)
	at java.base/jdk.internal.reflect.DelegatingMethodAccessorImpl.invoke(DelegatingMethodAccessorImpl.java:43)
	at java.base/java.lang.reflect.Method.invoke(Method.java:567)
	at org.openqa.selenium.support.events.EventFiringWebDriver.lambda$new$0(EventFiringWebDriver.java:84)
	at jdk.proxy2/jdk.proxy2.$Proxy13.onException(Unknown Source)
	at org.openqa.selenium.support.events.EventFiringWebDriver.lambda$new$1(EventFiringWebDriver.java:107)
	at jdk.proxy2/jdk.proxy2.$Proxy14.getScreenshotAs(Unknown Source)
	at org.openqa.selenium.support.events.EventFiringWebDriver.getScreenshotAs(EventFiringWebDriver.java:302)
	at com.E_GP.QA.Util.TestUtil.takeScreenshotAtEndOfTest(TestUtil.java:97)
	at com.E_GP.QA.Util.WebEventListener.onException(WebEventListener.java:58)
	at jdk.internal.reflect.GeneratedMethodAccessor30.invoke(Unknown Source)
	at java.base/jdk.internal.reflect.DelegatingMethodAccessorImpl.invoke(DelegatingMethodAccessorImpl.java:43)
	at java.base/java.lang.reflect.Method.invoke(Method.java:567)
	at org.openqa.selenium.support.events.EventFiringWebDriver.lambda$new$0(EventFiringWebDriver.java:84)
	at jdk.proxy2/jdk.proxy2.$Proxy13.onException(Unknown Source)
	at org.openqa.selenium.support.events.EventFiringWebDriver.lambda$new$1(EventFiringWebDriver.java:107)
	at jdk.proxy2/jdk.proxy2.$Proxy14.getScreenshotAs(Unknown Source)
	at org.openqa.selenium.support.events.EventFiringWebDriver.getScreenshotAs(EventFiringWebDriver.java:302)
	at com.E_GP.QA.Util.TestUtil.takeScreenshotAtEndOfTest(TestUtil.java:97)
	at com.E_GP.QA.Util.WebEventListener.onException(WebEventListener.java:58)
	at jdk.internal.reflect.GeneratedMethodAccessor30.invoke(Unknown Source)
	at java.base/jdk.internal.reflect.DelegatingMethodAccessorImpl.invoke(DelegatingMethodAccessorImpl.java:43)
	at java.base/java.lang.reflect.Method.invoke(Method.java:567)
	at org.openqa.selenium.support.events.EventFiringWebDriver.lambda$new$0(EventFiringWebDriver.java:84)
	at jdk.proxy2/jdk.proxy2.$Proxy13.onException(Unknown Source)
	at org.openqa.selenium.support.events.EventFiringWebDriver.lambda$new$1(EventFiringWebDriver.java:107)
	at jdk.proxy2/jdk.proxy2.$Proxy14.getScreenshotAs(Unknown Source)
	at org.openqa.selenium.support.events.EventFiringWebDriver.getScreenshotAs(EventFiringWebDriver.java:302)
	at com.E_GP.QA.Util.TestUtil.takeScreenshotAtEndOfTest(TestUtil.java:97)
	at com.E_GP.QA.Util.WebEventListener.onException(WebEventListener.java:58)
	at jdk.internal.reflect.GeneratedMethodAccessor30.invoke(Unknown Source)
	at java.base/jdk.internal.reflect.DelegatingMethodAccessorImpl.invoke(DelegatingMethodAccessorImpl.java:43)
	at java.base/java.lang.reflect.Method.invoke(Method.java:567)
	at org.openqa.selenium.support.events.EventFiringWebDriver.lambda$new$0(EventFiringWebDriver.java:84)
	at jdk.proxy2/jdk.proxy2.$Proxy13.onException(Unknown Source)
	at org.openqa.selenium.support.events.EventFiringWebDriver.lambda$new$1(EventFiringWebDriver.java:107)
	at jdk.proxy2/jdk.proxy2.$Proxy14.getScreenshotAs(Unknown Source)
	at org.openqa.selenium.support.events.EventFiringWebDriver.getScreenshotAs(EventFiringWebDriver.java:302)
	at com.E_GP.QA.Util.TestUtil.takeScreenshotAtEndOfTest(TestUtil.java:97)
	at com.E_GP.QA.Util.WebEventListener.onException(WebEventListener.java:58)
	at jdk.internal.reflect.GeneratedMethodAccessor30.invoke(Unknown Source)
	at java.base/jdk.internal.reflect.DelegatingMethodAccessorImpl.invoke(DelegatingMethodAccessorImpl.java:43)
	at java.base/java.lang.reflect.Method.invoke(Method.java:567)
	at org.openqa.selenium.support.events.EventFiringWebDriver.lambda$new$0(EventFiringWebDriver.java:84)
	at jdk.proxy2/jdk.proxy2.$Proxy13.onException(Unknown Source)
	at org.openqa.selenium.support.events.EventFiringWebDriver.lambda$new$1(EventFiringWebDriver.java:107)
	at jdk.proxy2/jdk.proxy2.$Proxy14.getScreenshotAs(Unknown Source)
	at org.openqa.selenium.support.events.EventFiringWebDriver.getScreenshotAs(EventFiringWebDriver.java:302)
	at com.E_GP.QA.Util.TestUtil.takeScreenshotAtEndOfTest(TestUtil.java:97)
	at com.E_GP.QA.Util.WebEventListener.onException(WebEventListener.java:58)
	at jdk.internal.reflect.GeneratedMethodAccessor30.invoke(Unknown Source)
	at java.base/jdk.internal.reflect.DelegatingMethodAccessorImpl.invoke(DelegatingMethodAccessorImpl.java:43)
	at java.base/java.lang.reflect.Method.invoke(Method.java:567)
	at org.openqa.selenium.support.events.EventFiringWebDriver.lambda$new$0(EventFiringWebDriver.java:84)
	at jdk.proxy2/jdk.proxy2.$Proxy13.onException(Unknown Source)
	at org.openqa.selenium.support.events.EventFiringWebDriver.lambda$new$1(EventFiringWebDriver.java:107)
	at jdk.proxy2/jdk.proxy2.$Proxy14.getScreenshotAs(Unknown Source)
	at org.openqa.selenium.support.events.EventFiringWebDriver.getScreenshotAs(EventFiringWebDriver.java:302)
	at com.E_GP.QA.Util.TestUtil.takeScreenshotAtEndOfTest(TestUtil.java:97)
	at com.E_GP.QA.Util.WebEventListener.onException(WebEventListener.java:58)
	at jdk.internal.reflect.GeneratedMethodAccessor30.invoke(Unknown Source)
	at java.base/jdk.internal.reflect.DelegatingMethodAccessorImpl.invoke(DelegatingMethodAccessorImpl.java:43)
	at java.base/java.lang.reflect.Method.invoke(Method.java:567)
	at org.openqa.selenium.support.events.EventFiringWebDriver.lambda$new$0(EventFiringWebDriver.java:84)
	at jdk.proxy2/jdk.proxy2.$Proxy13.onException(Unknown Source)
	at org.openqa.selenium.support.events.EventFiringWebDriver.lambda$new$1(EventFiringWebDriver.java:107)
	at jdk.proxy2/jdk.proxy2.$Proxy14.getScreenshotAs(Unknown Source)
	at org.openqa.selenium.support.events.EventFiringWebDriver.getScreenshotAs(EventFiringWebDriver.java:302)
	at com.E_GP.QA.Util.TestUtil.takeScreenshotAtEndOfTest(TestUtil.java:97)
	at com.E_GP.QA.Util.WebEventListener.onException(WebEventListener.java:58)
	at jdk.internal.reflect.GeneratedMethodAccessor30.invoke(Unknown Source)
	at java.base/jdk.internal.reflect.DelegatingMethodAccessorImpl.invoke(DelegatingMethodAccessorImpl.java:43)
	at java.base/java.lang.reflect.Method.invoke(Method.java:567)
	at org.openqa.selenium.support.events.EventFiringWebDriver.lambda$new$0(EventFiringWebDriver.java:84)
	at jdk.proxy2/jdk.proxy2.$Proxy13.onException(Unknown Source)
	at org.openqa.selenium.support.events.EventFiringWebDriver.lambda$new$1(EventFiringWebDriver.java:107)
	at jdk.proxy2/jdk.proxy2.$Proxy14.getScreenshotAs(Unknown Source)
	at org.openqa.selenium.support.events.EventFiringWebDriver.getScreenshotAs(EventFiringWebDriver.java:302)
	at com.E_GP.QA.Util.TestUtil.takeScreenshotAtEndOfTest(TestUtil.java:97)
	at com.E_GP.QA.Util.WebEventListener.onException(WebEventListener.java:58)
	at jdk.internal.reflect.GeneratedMethodAccessor30.invoke(Unknown Source)
	at java.base/jdk.internal.reflect.DelegatingMethodAccessorImpl.invoke(DelegatingMethodAccessorImpl.java:43)
	at java.base/java.lang.reflect.Method.invoke(Method.java:567)
	at org.openqa.selenium.support.events.EventFiringWebDriver.lambda$new$0(EventFiringWebDriver.java:84)
	at jdk.proxy2/jdk.proxy2.$Proxy13.onException(Unknown Source)
	at org.openqa.selenium.support.events.EventFiringWebDriver.lambda$new$1(EventFiringWebDriver.java:107)
	at jdk.proxy2/jdk.proxy2.$Proxy14.getScreenshotAs(Unknown Source)
	at org.openqa.selenium.support.events.EventFiringWebDriver.getScreenshotAs(EventFiringWebDriver.java:302)
	at com.E_GP.QA.Util.TestUtil.takeScreenshotAtEndOfTest(TestUtil.java:97)
	at com.E_GP.QA.Util.WebEventListener.onException(WebEventListener.java:58)
	at jdk.internal.reflect.GeneratedMethodAccessor30.invoke(Unknown Source)
	at java.base/jdk.internal.reflect.DelegatingMethodAccessorImpl.invoke(DelegatingMethodAccessorImpl.java:43)
	at java.base/java.lang.reflect.Method.invoke(Method.java:567)
	at org.openqa.selenium.support.events.EventFiringWebDriver.lambda$new$0(EventFiringWebDriver.java:84)
	at jdk.proxy2/jdk.proxy2.$Proxy13.onException(Unknown Source)
	at org.openqa.selenium.support.events.EventFiringWebDriver.lambda$new$1(EventFiringWebDriver.java:107)
	at jdk.proxy2/jdk.proxy2.$Proxy14.getScreenshotAs(Unknown Source)
	at org.openqa.selenium.support.events.EventFiringWebDriver.getScreenshotAs(EventFiringWebDriver.java:302)
	at com.E_GP.QA.Util.TestUtil.takeScreenshotAtEndOfTest(TestUtil.java:97)
	at com.E_GP.QA.Util.WebEventListener.onException(WebEventListener.java:58)
	at jdk.internal.reflect.GeneratedMethodAccessor30.invoke(Unknown Source)
	at java.base/jdk.internal.reflect.DelegatingMethodAccessorImpl.invoke(DelegatingMethodAccessorImpl.java:43)
	at java.base/java.lang.reflect.Method.invoke(Method.java:567)
	at org.openqa.selenium.support.events.EventFiringWebDriver.lambda$new$0(EventFiringWebDriver.java:84)
	at jdk.proxy2/jdk.proxy2.$Proxy13.onException(Unknown Source)
	at org.openqa.selenium.support.events.EventFiringWebDriver.lambda$new$1(EventFiringWebDriver.java:107)
]]>
    </error>
  </testcase> <!-- bidSubmissionPWe2aOnGoingCompletedTest -->
  <testcase classname="com.E_GP.QA.BidSubmission.TestCases.BidSubmissionPW2aOnGoingCompletedTest" name="bidSubmissionPWe2aOnGoingCompletedTest" time="0.004">
    <skipped/>
  </testcase> <!-- bidSubmissionPWe2aOnGoingCompletedTest -->
</testsuite> <!-- com.E_GP.QA.BidSubmission.TestCases.BidSubmissionPW2aOnGoingCompletedTest -->
