<?xml version="1.0" encoding="UTF-8"?>
<!-- Generated by org.testng.reporters.JUnitReportReporter -->
<testsuite hostname="Billah-Automation-Laptop" name="com.E_GP.QA.ReEvaluation.TestCases.ReEvaluationLTMePW2bTest" tests="1" failures="0" timestamp="28 Apr 2021 09:32:55 GMT" time="557.317" errors="0">
  <testcase name="ReEvaluationLTMePW2bWorksTest" time="557.317" classname="com.E_GP.QA.ReEvaluation.TestCases.ReEvaluationLTMePW2bTest"/>
</testsuite> <!-- com.E_GP.QA.ReEvaluation.TestCases.ReEvaluationLTMePW2bTest -->
