<?xml version="1.0" encoding="UTF-8"?>
<!-- Generated by org.testng.reporters.JUnitReportReporter -->
<testsuite ignored="0" hostname="DESKTOP-F2GSG3S" failures="0" tests="1" name="com.E_GP.QA.ApprovedAddPackages.TestCases.ApprovedAppAddNewPackageOTMePW3Test" time="36.639" errors="0" timestamp="27 Feb 2022 06:02:54 GMT" skipped="0">
  <testcase classname="com.E_GP.QA.ApprovedAddPackages.TestCases.ApprovedAppAddNewPackageOTMePW3Test" name="APPOTMePW3WorkCreationTest" time="36.639"/>
</testsuite> <!-- com.E_GP.QA.ApprovedAddPackages.TestCases.ApprovedAppAddNewPackageOTMePW3Test -->
