<?xml version="1.0" encoding="UTF-8"?>
<!-- Generated by org.testng.reporters.JUnitReportReporter -->
<testsuite ignored="0" hostname="DESKTOP-F2GSG3S" failures="0" tests="1" name="com.E_GP.QA.ApprovedAddPackages.TestCases.ApprovedAppAddNewPackageOTMePG4Test" time="34.289" errors="0" timestamp="23 Mar 2022 09:06:23 GMT" skipped="0">
  <testcase classname="com.E_GP.QA.ApprovedAddPackages.TestCases.ApprovedAppAddNewPackageOTMePG4Test" name="CreateAPPOTMePG4Test" time="34.289"/>
</testsuite> <!-- com.E_GP.QA.ApprovedAddPackages.TestCases.ApprovedAppAddNewPackageOTMePG4Test -->
