<?xml version="1.0" encoding="UTF-8"?>
<!-- Generated by org.testng.reporters.JUnitReportReporter -->
<testsuite hostname="Billah-Automation-Laptop" name="com.E_GP.QA.OfflineTenderCreate.TestCases.CreateOfflineTenderOTMePG3GoodsTest" tests="1" failures="0" timestamp="7 Aug 2021 17:20:30 GMT" time="46.269" errors="0">
  <testcase name="CreateGoodsTenderOTMePG3Test" time="46.269" classname="com.E_GP.QA.OfflineTenderCreate.TestCases.CreateOfflineTenderOTMePG3GoodsTest"/>
</testsuite> <!-- com.E_GP.QA.OfflineTenderCreate.TestCases.CreateOfflineTenderOTMePG3GoodsTest -->
