<?xml version="1.0" encoding="UTF-8"?>
<!-- Generated by org.testng.reporters.JUnitReportReporter -->
<testsuite ignored="0" hostname="DESKTOP-F2GSG3S" failures="0" tests="1" name="com.E_GP.QA.BidSubmission.TestCases.BidSubmissionPGDPMTest" time="100.206" errors="0" timestamp="24 Nov 2021 11:07:08 GMT" skipped="0">
  <testcase classname="com.E_GP.QA.BidSubmission.TestCases.BidSubmissionPGDPMTest" name="bidSubmissionDPMePG2GoodsTest" time="100.206"/>
</testsuite> <!-- com.E_GP.QA.BidSubmission.TestCases.BidSubmissionPGDPMTest -->
