<?xml version="1.0" encoding="UTF-8"?>
<!-- Generated by org.testng.reporters.JUnitReportReporter -->
<testsuite name="com.E_GP.QA.TestCases.CreateAppePW3ATest" tests="1" time="88.487" ignored="0" failures="0" timestamp="07 Oct 2018 08:39:19 GMT" skipped="0" hostname="Billah-Automation-Laptop" errors="0">
  <testcase name="appePW3AWorkCreationTest" time="88.487" classname="com.E_GP.QA.TestCases.CreateAppePW3ATest"/>
</testsuite> <!-- com.E_GP.QA.TestCases.CreateAppePW3ATest -->
