<?xml version="1.0" encoding="UTF-8"?>
<!-- Generated by org.testng.reporters.JUnitReportReporter -->
<testsuite skipped="0" hostname="Billah-Automation-Laptop" name="com.E_GP.QA.AddPackages.TestCases.AppAddNewPackageRFQWorksTest" tests="1" failures="0" timestamp="27 Feb 2019 07:54:29 GMT" time="80.950" errors="0">
  <testcase name="appRFQCreationTest" time="80.950" classname="com.E_GP.QA.AddPackages.TestCases.AppAddNewPackageRFQWorksTest"/>
</testsuite> <!-- com.E_GP.QA.AddPackages.TestCases.AppAddNewPackageRFQWorksTest -->
