<?xml version="1.0" encoding="UTF-8"?>
<!-- Generated by org.testng.reporters.JUnitReportReporter -->
<testsuite name="com.E_GP.QA.TestCases.HopeToApproveAppTest" tests="1" time="20.993" ignored="0" failures="0" timestamp="20 Feb 2018 05:22:45 GMT" skipped="0" hostname="DESKTOP-OBJLS97" errors="0">
  <testcase name="hopeApprovalTest" time="20.993" classname="com.E_GP.QA.TestCases.HopeToApproveAppTest"/>
</testsuite> <!-- com.E_GP.QA.TestCases.HopeToApproveAppTest -->
