<?xml version="1.0" encoding="UTF-8"?>
<!-- Generated by org.testng.reporters.JUnitReportReporter -->
<testsuite skipped="0" hostname="Billah-Automation-Laptop" name="com.E_GP.QA.TestCases.AppAddNewPackageRFQWorksTest" tests="1" failures="0" timestamp="18 Feb 2019 07:12:20 GMT" time="86.608" errors="0">
  <testcase name="appRFQCreationTest" time="86.608" classname="com.E_GP.QA.TestCases.AppAddNewPackageRFQWorksTest"/>
</testsuite> <!-- com.E_GP.QA.TestCases.AppAddNewPackageRFQWorksTest -->
