<?xml version="1.0" encoding="UTF-8"?>
<!-- Generated by org.testng.reporters.JUnitReportReporter -->
<testsuite hostname="Billah-Automation-Laptop" name="com.E_GP.QA.ReEvaluation.TestCases.ReEvaluationOTMePG3Test" tests="1" failures="0" timestamp="4 May 2021 07:33:08 GMT" time="1102.031" errors="0">
  <testcase name="ReEvaluationOTMePG3GoodsTest" time="1102.031" classname="com.E_GP.QA.ReEvaluation.TestCases.ReEvaluationOTMePG3Test"/>
</testsuite> <!-- com.E_GP.QA.ReEvaluation.TestCases.ReEvaluationOTMePG3Test -->
