<?xml version="1.0" encoding="UTF-8"?>
<!-- Generated by org.testng.reporters.JUnitReportReporter -->
<testsuite ignored="0" hostname="DESKTOP-F2GSG3S" failures="0" tests="1" name="com.E_GP.QA.TenderCreate.TestCases.CreateTenderLTMePG2GoodsTest" time="122.530" errors="0" timestamp="11 Oct 2021 12:12:52 GMT" skipped="0">
  <testcase classname="com.E_GP.QA.TenderCreate.TestCases.CreateTenderLTMePG2GoodsTest" name="CreatNewTenderLTMePG2Goods" time="122.530"/>
</testsuite> <!-- com.E_GP.QA.TenderCreate.TestCases.CreateTenderLTMePG2GoodsTest -->
