<?xml version="1.0" encoding="UTF-8"?>
<!-- Generated by org.testng.reporters.JUnitReportReporter -->
<testsuite name="com.E_GP.QA.AddPackages.TestCases.ApprovedAppAddNewPackageLTMGoodsTest" tests="1" time="57.147" ignored="0" failures="0" timestamp="12 Nov 2019 12:24:18 GMT" skipped="0" hostname="Billah-Automation-Laptop" errors="0">
  <testcase name="appRFQCreationTest" time="57.147" classname="com.E_GP.QA.AddPackages.TestCases.ApprovedAppAddNewPackageLTMGoodsTest"/>
</testsuite> <!-- com.E_GP.QA.AddPackages.TestCases.ApprovedAppAddNewPackageLTMGoodsTest -->
