<?xml version="1.0" encoding="UTF-8"?>
<!-- Generated by org.testng.reporters.JUnitReportReporter -->
<testsuite hostname="Billah-Automation-Laptop" name="com.E_GP.QA.BidderDatabase.TestCases.LitigationMapTest" tests="2" failures="0" timestamp="4 Oct 2020 14:46:59 GMT" time="87.440" errors="0">
  <testcase name="litigationMapTest" time="42.427" classname="com.E_GP.QA.BidderDatabase.TestCases.LitigationMapTest"/>
  <testcase name="litigationMapTest" time="45.013" classname="com.E_GP.QA.BidderDatabase.TestCases.LitigationMapTest"/>
</testsuite> <!-- com.E_GP.QA.BidderDatabase.TestCases.LitigationMapTest -->
