<?xml version="1.0" encoding="UTF-8"?>
<!-- Generated by org.testng.reporters.JUnitReportReporter -->
<testsuite skipped="0" hostname="Billah-Automation-Laptop" name="com.E_GP.QA.TestCases.CreateAppOSTETMePW3ATest" tests="1" failures="0" timestamp="26 Dec 2018 05:17:30 GMT" time="82.389" errors="0">
  <testcase name="appePW3AWorkCreationTest" time="82.389" classname="com.E_GP.QA.TestCases.CreateAppOSTETMePW3ATest"/>
</testsuite> <!-- com.E_GP.QA.TestCases.CreateAppOSTETMePW3ATest -->
