<?xml version="1.0" encoding="UTF-8"?>
<!-- Generated by org.testng.reporters.JUnitReportReporter -->
<testsuite ignored="0" hostname="DESKTOP-F2GSG3S" failures="0" tests="1" name="com.E_GP.QA.ReTender.TestCases.ReTenderOSTETMePW3AWorksTest" time="79.927" errors="0" timestamp="09 Dec 2021 06:14:53 GMT" skipped="0">
  <testcase classname="com.E_GP.QA.ReTender.TestCases.ReTenderOSTETMePW3AWorksTest" name="OSTETMePW3AReTenderWorksCreationTest" time="79.927"/>
</testsuite> <!-- com.E_GP.QA.ReTender.TestCases.ReTenderOSTETMePW3AWorksTest -->
