<?xml version="1.0" encoding="UTF-8"?>
<!-- Generated by org.testng.reporters.JUnitReportReporter -->
<testsuite ignored="0" hostname="DESKTOP-F2GSG3S" failures="0" tests="1" name="com.E_GP.QA.CMS.TestCases.SubDelegationOTMePW3DTest" time="127.649" errors="0" timestamp="20 Jan 2022 04:40:10 GMT" skipped="0">
  <testcase classname="com.E_GP.QA.CMS.TestCases.SubDelegationOTMePW3DTest" name="UserAndItemMappingofWorksTest" time="127.649"/>
</testsuite> <!-- com.E_GP.QA.CMS.TestCases.SubDelegationOTMePW3DTest -->
