<?xml version="1.0" encoding="UTF-8"?>
<!-- Generated by org.testng.reporters.JUnitReportReporter -->
<testsuite ignored="0" hostname="Shimul-Billah" failures="0" tests="1" name="com.E_GP.QA.ApprovedAddPackages.TestCases.RegisterNewUserTest" time="17.832" errors="0" timestamp="22 Dec 2022 17:42:55 GMT" skipped="0">
  <testcase classname="com.E_GP.QA.ApprovedAddPackages.TestCases.RegisterNewUserTest" name="NewUserRegistartionTest" time="17.832"/>
</testsuite> <!-- com.E_GP.QA.ApprovedAddPackages.TestCases.RegisterNewUserTest -->
