<?xml version="1.0" encoding="UTF-8"?>
<!-- Generated by org.testng.reporters.JUnitReportReporter -->
<testsuite ignored="0" hostname="DESKTOP-F2GSG3S" failures="0" tests="1" name="com.E_GP.QA.CMS.TestCases.FinancialProgressOTMePW3D" time="29.325" errors="0" timestamp="19 Jan 2022 10:56:10 GMT" skipped="0">
  <testcase classname="com.E_GP.QA.CMS.TestCases.FinancialProgressOTMePW3D" name="FinancialProgressTest" time="29.325"/>
</testsuite> <!-- com.E_GP.QA.CMS.TestCases.FinancialProgressOTMePW3D -->
