<?xml version="1.0" encoding="UTF-8"?>
<!-- Generated by org.testng.reporters.JUnitReportReporter -->
<testsuite skipped="0" hostname="Billah-Automation-Laptop" name="com.E_GP.QA.TestCases.CreateAppRFQGoodsTest" tests="1" failures="0" timestamp="25 Nov 2018 05:02:30 GMT" time="110.782" errors="0">
  <testcase name="appRFQCreationTest" time="110.782" classname="com.E_GP.QA.TestCases.CreateAppRFQGoodsTest"/>
</testsuite> <!-- com.E_GP.QA.TestCases.CreateAppRFQGoodsTest -->
