<?xml version="1.0" encoding="UTF-8"?>
<!-- Generated by org.testng.reporters.JUnitReportReporter -->
<testsuite ignored="0" hostname="DESKTOP-F2GSG3S" failures="0" tests="1" name="com.E_GP.QA.BidderDatabase.TestCases.AnnualConstructionTurnoverSearchTest" time="10.483" errors="0" timestamp="22 Feb 2022 05:21:24 GMT" skipped="0">
  <testcase classname="com.E_GP.QA.BidderDatabase.TestCases.AnnualConstructionTurnoverSearchTest" name="annualConstructionTurnoverHistoryTest" time="10.483"/>
</testsuite> <!-- com.E_GP.QA.BidderDatabase.TestCases.AnnualConstructionTurnoverSearchTest -->
