<?xml version="1.0" encoding="UTF-8"?>
<!-- Generated by org.testng.reporters.JUnitReportReporter -->
<testsuite hostname="Billah-Automation-Laptop" name="com.E_GP.QA.CMS.TestCases.UserAndItemMappingOTMePW3DTest" tests="1" failures="0" timestamp="7 Sep 2021 12:14:11 GMT" time="170.082" errors="0">
  <testcase name="UserAndItemMappingofWorksTest" time="170.082" classname="com.E_GP.QA.CMS.TestCases.UserAndItemMappingOTMePW3DTest"/>
</testsuite> <!-- com.E_GP.QA.CMS.TestCases.UserAndItemMappingOTMePW3DTest -->
