<?xml version="1.0" encoding="UTF-8"?>
<!-- Generated by org.testng.reporters.JUnitReportReporter -->
<testsuite ignored="0" hostname="DESKTOP-F2GSG3S" failures="0" tests="1" name="com.E_GP.QA.BidEvaluationTeam.TestCases.BidEvaluationOTMePW3DTest" time="570.494" errors="0" timestamp="20 Jan 2022 09:34:48 GMT" skipped="0">
  <testcase classname="com.E_GP.QA.BidEvaluationTeam.TestCases.BidEvaluationOTMePW3DTest" name="BidEvaluationOTMePW3DWorksTest" time="570.494"/>
</testsuite> <!-- com.E_GP.QA.BidEvaluationTeam.TestCases.BidEvaluationOTMePW3DTest -->
