<?xml version="1.0" encoding="UTF-8"?>
<!-- Generated by org.testng.reporters.JUnitReportReporter -->
<testsuite hostname="Billah-Automation-Laptop" name="com.E_GP.QA.BidEvaluationTeam.TestCases.BidEvaluationRFQUePW1aTest" tests="1" failures="0" timestamp="2 May 2021 09:34:19 GMT" time="765.792" errors="0">
  <testcase name="bidEvaluationOTMePG2GoodsTest" time="765.792" classname="com.E_GP.QA.BidEvaluationTeam.TestCases.BidEvaluationRFQUePW1aTest"/>
</testsuite> <!-- com.E_GP.QA.BidEvaluationTeam.TestCases.BidEvaluationRFQUePW1aTest -->
