<?xml version="1.0" encoding="UTF-8"?>
<!-- Generated by org.testng.reporters.JUnitReportReporter -->
<testsuite hostname="Billah-Automation-Laptop" name="com.E_GP.QA.BidSubmission.TestCases.BidSubmissionePW1bRFQTest" tests="3" failures="0" timestamp="18 Jan 2021 14:36:44 GMT" time="574.432" errors="0">
  <testcase name="bidSubmissionRFQWorksTest" time="215.664" classname="com.E_GP.QA.BidSubmission.TestCases.BidSubmissionePW1bRFQTest"/>
  <testcase name="bidSubmissionRFQWorksTest" time="181.276" classname="com.E_GP.QA.BidSubmission.TestCases.BidSubmissionePW1bRFQTest"/>
  <testcase name="bidSubmissionRFQWorksTest" time="177.492" classname="com.E_GP.QA.BidSubmission.TestCases.BidSubmissionePW1bRFQTest"/>
</testsuite> <!-- com.E_GP.QA.BidSubmission.TestCases.BidSubmissionePW1bRFQTest -->
