<?xml version="1.0" encoding="UTF-8"?>
<!-- Generated by org.testng.reporters.JUnitReportReporter -->
<testsuite ignored="0" hostname="DESKTOP-F2GSG3S" failures="0" tests="1" name="com.E_GP.QA.ReTender.TestCases.ReTenderOTMePG3GoodsTest" time="107.963" errors="0" timestamp="21 Nov 2021 07:04:46 GMT" skipped="0">
  <testcase classname="com.E_GP.QA.ReTender.TestCases.ReTenderOTMePG3GoodsTest" name="GoodsReTenderOTMePG3Test" time="107.963"/>
</testsuite> <!-- com.E_GP.QA.ReTender.TestCases.ReTenderOTMePG3GoodsTest -->
