<?xml version="1.0" encoding="UTF-8"?>
<!-- Generated by org.testng.reporters.JUnitReportReporter -->
<testsuite ignored="0" hostname="DESKTOP-F2GSG3S" failures="0" tests="3" name="com.E_GP.QA.Payment.TestCases.DocumentFeesPaymentTest" time="104.584" errors="0" timestamp="26 Jan 2022 08:50:19 GMT" skipped="0">
  <testcase classname="com.E_GP.QA.Payment.TestCases.DocumentFeesPaymentTest" name="documentFeesPaymentTest" time="35.354"/>
  <testcase classname="com.E_GP.QA.Payment.TestCases.DocumentFeesPaymentTest" name="documentFeesPaymentTest" time="34.559"/>
  <testcase classname="com.E_GP.QA.Payment.TestCases.DocumentFeesPaymentTest" name="documentFeesPaymentTest" time="34.671"/>
</testsuite> <!-- com.E_GP.QA.Payment.TestCases.DocumentFeesPaymentTest -->
