<?xml version="1.0" encoding="UTF-8"?>
<!-- Generated by org.testng.reporters.JUnitReportReporter -->
<testsuite ignored="0" hostname="DESKTOP-F2GSG3S" failures="0" tests="1" name="com.E_GP.QA.BidOpening.TestCases.ICTBidOpeningTest" time="258.970" errors="0" timestamp="20 Mar 2022 08:37:11 GMT" skipped="0">
  <testcase classname="com.E_GP.QA.BidOpening.TestCases.ICTBidOpeningTest" name="bidOpeningTest" time="258.970"/>
</testsuite> <!-- com.E_GP.QA.BidOpening.TestCases.ICTBidOpeningTest -->
