<?xml version="1.0" encoding="UTF-8"?>
<!-- Generated by org.testng.reporters.JUnitReportReporter -->
<testsuite ignored="0" hostname="DESKTOP-F2GSG3S" failures="0" tests="1" name="com.E_GP.QA.TenderCreate.TestCases.CreateTenderOTMePW2aWorkTest" time="88.951" errors="0" timestamp="30 Dec 2021 05:10:36 GMT" skipped="0">
  <testcase classname="com.E_GP.QA.TenderCreate.TestCases.CreateTenderOTMePW2aWorkTest" name="OTMePW2aTenderWorksCreationTest" time="88.951"/>
</testsuite> <!-- com.E_GP.QA.TenderCreate.TestCases.CreateTenderOTMePW2aWorkTest -->
