<?xml version="1.0" encoding="UTF-8"?>
<!-- Generated by org.testng.reporters.JUnitReportReporter -->
<testsuite name="com.E_GP.QA.TenderCreate.TestCases.CreateTenderOSTETMePW3WorkTest" tests="1" time="34.355" ignored="0" failures="0" timestamp="13 Nov 2019 10:26:54 GMT" skipped="0" hostname="Billah-Automation-Laptop" errors="0">
  <testcase name="OTMePW3DTenderWorksCreationTest" time="34.355" classname="com.E_GP.QA.TenderCreate.TestCases.CreateTenderOSTETMePW3WorkTest"/>
</testsuite> <!-- com.E_GP.QA.TenderCreate.TestCases.CreateTenderOSTETMePW3WorkTest -->
