<?xml version="1.0" encoding="UTF-8"?>
<!-- Generated by org.testng.reporters.JUnitReportReporter -->
<testsuite hostname="Billah-Automation-Laptop" name="com.E_GP.QA.CMS.TestCases.OverallPhysicalProgressWorksOTMePW3D" tests="1" failures="0" timestamp="23 Nov 2020 10:55:41 GMT" time="43.271" errors="0">
  <testcase name="ViewInterimPhysicalProgressTest" time="43.271" classname="com.E_GP.QA.CMS.TestCases.OverallPhysicalProgressWorksOTMePW3D"/>
</testsuite> <!-- com.E_GP.QA.CMS.TestCases.OverallPhysicalProgressWorksOTMePW3D -->
