<?xml version="1.0" encoding="UTF-8"?>
<!-- Generated by org.testng.reporters.JUnitReportReporter -->
<testsuite ignored="0" hostname="DESKTOP-F2GSG3S" failures="0" tests="1" name="com.E_GP.QA.TenderCreate.TestCases.CreateTenderOSTETMePW3AWorksTest" time="99.149" errors="0" timestamp="01 Feb 2022 09:23:04 GMT" skipped="0">
  <testcase classname="com.E_GP.QA.TenderCreate.TestCases.CreateTenderOSTETMePW3AWorksTest" name="OSTETMePW3ATenderWorksCreationTest" time="99.149"/>
</testsuite> <!-- com.E_GP.QA.TenderCreate.TestCases.CreateTenderOSTETMePW3AWorksTest -->
