<?xml version="1.0" encoding="UTF-8"?>
<!-- Generated by org.testng.reporters.JUnitReportReporter -->
<testsuite name="com.E_GP.QA.TestCases.LoginPageTest" tests="1" time="9.908" ignored="0" failures="0" timestamp="14 Feb 2018 06:31:15 GMT" skipped="0" hostname="DESKTOP-OBJLS97" errors="0">
  <testcase name="loginTest" time="9.908" classname="com.E_GP.QA.TestCases.LoginPageTest"/>
</testsuite> <!-- com.E_GP.QA.TestCases.LoginPageTest -->
