<?xml version="1.0" encoding="UTF-8"?>
<!-- Generated by org.testng.reporters.JUnitReportReporter -->
<testsuite ignored="0" hostname="DESKTOP-F2GSG3S" failures="0" tests="1" name="com.E_GP.QA.TenderCreate.TestCases.CreateTenderOTMeDPGTest" time="266.916" errors="0" timestamp="26 Jan 2022 06:10:53 GMT" skipped="0">
  <testcase classname="com.E_GP.QA.TenderCreate.TestCases.CreateTenderOTMeDPGTest" name="CreateGoodsTenderICTOTMDPGoodsTest" time="266.916"/>
</testsuite> <!-- com.E_GP.QA.TenderCreate.TestCases.CreateTenderOTMeDPGTest -->
