<?xml version="1.0" encoding="UTF-8"?>
<!-- Generated by org.testng.reporters.JUnitReportReporter -->
<testsuite ignored="0" hostname="DESKTOP-F2GSG3S" failures="0" tests="1" name="com.E_GP.QA.TenderCreate.TestCases.CreateTenderOTMePW2aBDEnabledWorkTest" time="17.630" errors="0" timestamp="13 Feb 2022 09:11:46 GMT" skipped="0">
  <testcase classname="com.E_GP.QA.TenderCreate.TestCases.CreateTenderOTMePW2aBDEnabledWorkTest" name="OTMePW2aTenderWorksCreationTest" time="17.630"/>
</testsuite> <!-- com.E_GP.QA.TenderCreate.TestCases.CreateTenderOTMePW2aBDEnabledWorkTest -->
