<?xml version="1.0" encoding="UTF-8"?>
<!-- Generated by org.testng.reporters.JUnitReportReporter -->
<testsuite skipped="0" hostname="Billah-Automation-Laptop" name="com.E_GP.QA.BidEvaluation.TestCases.BidEvaluationRFQLePW1bTest" tests="1" failures="0" timestamp="21 Jul 2019 08:38:33 GMT" time="434.473" errors="0">
  <testcase name="bidEvaluationOTMePG2GoodsTest" time="434.473" classname="com.E_GP.QA.BidEvaluation.TestCases.BidEvaluationRFQLePW1bTest"/>
</testsuite> <!-- com.E_GP.QA.BidEvaluation.TestCases.BidEvaluationRFQLePW1bTest -->
