<?xml version="1.0" encoding="UTF-8"?>
<!-- Generated by org.testng.reporters.JUnitReportReporter -->
<testsuite hostname="Billah-Automation-Laptop" name="com.E_GP.QA.BidEvaluationIndividual.TestCases.BidEvaluationRFQePW1aTest" tests="1" failures="0" timestamp="2 Feb 2021 04:52:31 GMT" time="505.849" errors="0">
  <testcase name="bidEvaluationRFQUePW1aWorksTest" time="505.849" classname="com.E_GP.QA.BidEvaluationIndividual.TestCases.BidEvaluationRFQePW1aTest"/>
</testsuite> <!-- com.E_GP.QA.BidEvaluationIndividual.TestCases.BidEvaluationRFQePW1aTest -->
