<?xml version="1.0" encoding="UTF-8"?>
<!-- Generated by org.testng.reporters.JUnitReportReporter -->
<testsuite hostname="Billah-Automation-Laptop" name="com.E_GP.QA.ApprovedAddPackages.TestCases.ApprovedAppAddNewPackageRFQUePW1aTest" tests="1" failures="0" timestamp="14 Sep 2020 10:48:32 GMT" time="33.410" errors="0">
  <testcase name="APPLTMWorkCreationTest" time="33.410" classname="com.E_GP.QA.ApprovedAddPackages.TestCases.ApprovedAppAddNewPackageRFQUePW1aTest"/>
</testsuite> <!-- com.E_GP.QA.ApprovedAddPackages.TestCases.ApprovedAppAddNewPackageRFQUePW1aTest -->
