<?xml version="1.0" encoding="UTF-8"?>
<!-- Generated by org.testng.reporters.JUnitReportReporter -->
<testsuite ignored="0" hostname="DESKTOP-F2GSG3S" failures="0" tests="1" name="com.E_GP.QA.ApprovedAddPackages.TestCases.ApprovedAppAddNewPackageOTMePW3DTest" time="43.762" errors="0" timestamp="07 Mar 2022 08:38:16 GMT" skipped="0">
  <testcase classname="com.E_GP.QA.ApprovedAddPackages.TestCases.ApprovedAppAddNewPackageOTMePW3DTest" name="APPOTMePW3DWorkCreationTest" time="43.762"/>
</testsuite> <!-- com.E_GP.QA.ApprovedAddPackages.TestCases.ApprovedAppAddNewPackageOTMePW3DTest -->
