<?xml version="1.0" encoding="UTF-8"?>
<!-- Generated by org.testng.reporters.JUnitReportReporter -->
<testsuite ignored="0" hostname="DESKTOP-F2GSG3S" failures="0" tests="1" name="com.E_GP.QA.ReTender.TestCases.ReProposalREOIServiceTest" time="76.986" errors="0" timestamp="09 Dec 2021 12:19:45 GMT" skipped="0">
  <testcase classname="com.E_GP.QA.ReTender.TestCases.ReProposalREOIServiceTest" name="CreatNewProposalREOIServices" time="76.986"/>
</testsuite> <!-- com.E_GP.QA.ReTender.TestCases.ReProposalREOIServiceTest -->
