<?xml version="1.0" encoding="UTF-8"?>
<!-- Generated by org.testng.reporters.JUnitReportReporter -->
<testsuite hostname="Billah-Automation-Laptop" name="com.E_GP.QA.BidEvaluationIndividual.TestCases.BidEvaluationOTMePW3Test" tests="1" failures="0" timestamp="27 Jan 2021 04:09:06 GMT" time="242.257" errors="0">
  <testcase name="BidEvaluationOTMePW3WorksTest" time="242.257" classname="com.E_GP.QA.BidEvaluationIndividual.TestCases.BidEvaluationOTMePW3Test"/>
</testsuite> <!-- com.E_GP.QA.BidEvaluationIndividual.TestCases.BidEvaluationOTMePW3Test -->
