<?xml version="1.0" encoding="UTF-8"?>
<!-- Generated by org.testng.reporters.JUnitReportReporter -->
<testsuite skipped="0" hostname="Billah-Automation-Laptop" name="com.E_GP.QA.TestCases.AppAddNewPackageRFQGoodsTest" tests="1" failures="0" timestamp="14 Feb 2019 07:07:32 GMT" time="80.931" errors="0">
  <testcase name="appRFQCreationTest" time="80.931" classname="com.E_GP.QA.TestCases.AppAddNewPackageRFQGoodsTest"/>
</testsuite> <!-- com.E_GP.QA.TestCases.AppAddNewPackageRFQGoodsTest -->
