<?xml version="1.0" encoding="UTF-8"?>
<!-- Generated by org.testng.reporters.JUnitReportReporter -->
<testsuite skipped="0" hostname="Billah-Automation-Laptop" name="com.E_GP.QA.APPCreate.TestCases.CreateAppRFQWorksTest" tests="1" failures="0" timestamp="21 Jul 2019 08:08:57 GMT" time="69.368" errors="0">
  <testcase name="appRFQWorkCreationTest" time="69.368" classname="com.E_GP.QA.APPCreate.TestCases.CreateAppRFQWorksTest"/>
</testsuite> <!-- com.E_GP.QA.APPCreate.TestCases.CreateAppRFQWorksTest -->
