<?xml version="1.0" encoding="UTF-8"?>
<!-- Generated by org.testng.reporters.JUnitReportReporter -->
<testsuite hostname="Billah-Automation-Laptop" name="com.E_GP.QA.BidEvaluationTeam.TestCases.BidEvaluationRFQLePW1bTest" tests="1" failures="0" timestamp="18 Jan 2021 14:56:59 GMT" time="833.267" errors="0">
  <testcase name="bidEvaluationOTMePG2GoodsTest" time="833.267" classname="com.E_GP.QA.BidEvaluationTeam.TestCases.BidEvaluationRFQLePW1bTest"/>
</testsuite> <!-- com.E_GP.QA.BidEvaluationTeam.TestCases.BidEvaluationRFQLePW1bTest -->
