<?xml version="1.0" encoding="UTF-8"?>
<!-- Generated by org.testng.reporters.JUnitReportReporter -->
<testsuite name="com.E_GP.QA.BidEvaluationTeam.TestCases.BidEvaluationRFQePG1Test" tests="1" time="632.909" ignored="0" failures="0" timestamp="14 Mar 2021 17:26:23 GMT" skipped="0" hostname="Billah-Automation-Laptop" errors="0">
  <testcase name="BidEvaluationRFQePG1GoodsTest" time="632.909" classname="com.E_GP.QA.BidEvaluationTeam.TestCases.BidEvaluationRFQePG1Test"/>
</testsuite> <!-- com.E_GP.QA.BidEvaluationTeam.TestCases.BidEvaluationRFQePG1Test -->
