<?xml version="1.0" encoding="UTF-8"?>
<!-- Generated by org.testng.reporters.JUnitReportReporter -->
<testsuite ignored="0" hostname="DESKTOP-F2GSG3S" failures="0" tests="1" name="com.E_GP.QA.CMS.TestCases.WorkProgramOTMePW3DTest" time="94.555" errors="0" timestamp="20 Jan 2022 09:41:09 GMT" skipped="0">
  <testcase classname="com.E_GP.QA.CMS.TestCases.WorkProgramOTMePW3DTest" name="WorkProgramTest" time="94.555"/>
</testsuite> <!-- com.E_GP.QA.CMS.TestCases.WorkProgramOTMePW3DTest -->
