<?xml version="1.0" encoding="UTF-8"?>
<!-- Generated by org.testng.reporters.JUnitReportReporter -->
<testsuite hostname="Billah-Automation-Laptop" name="com.E_GP.QA.BidderDatabase.TestCases.PaymentCertificateAddBiddereGPTest" tests="1" failures="0" timestamp="6 Sep 2020 10:16:02 GMT" time="47.279" errors="0">
  <testcase name="paymentCertificateAddBiddereGPTest" time="47.279" classname="com.E_GP.QA.BidderDatabase.TestCases.PaymentCertificateAddBiddereGPTest"/>
</testsuite> <!-- com.E_GP.QA.BidderDatabase.TestCases.PaymentCertificateAddBiddereGPTest -->
