<?xml version="1.0" encoding="UTF-8"?>
<!-- Generated by org.testng.reporters.JUnitReportReporter -->
<testsuite ignored="0" hostname="DESKTOP-F2GSG3S" failures="0" tests="3" name="com.E_GP.QA.BidderDatabase.TestCases.EmployeesAddTest" time="40.496" errors="0" timestamp="22 Feb 2022 06:00:33 GMT" skipped="0">
  <testcase classname="com.E_GP.QA.BidderDatabase.TestCases.EmployeesAddTest" name="employeesAddTest" time="13.644"/>
  <testcase classname="com.E_GP.QA.BidderDatabase.TestCases.EmployeesAddTest" name="employeesAddTest" time="11.942"/>
  <testcase classname="com.E_GP.QA.BidderDatabase.TestCases.EmployeesAddTest" name="employeesAddTest" time="14.910"/>
</testsuite> <!-- com.E_GP.QA.BidderDatabase.TestCases.EmployeesAddTest -->
