<?xml version="1.0" encoding="UTF-8"?>
<!-- Generated by org.testng.reporters.JUnitReportReporter -->
<testsuite hostname="Billah-Automation-Laptop" name="com.E_GP.QA.BidEvaluationIndividual.TestCases.BidEvaluationICTOTMePG4Test" tests="1" failures="0" timestamp="8 Feb 2021 11:57:16 GMT" time="362.998" errors="0">
  <testcase name="BidEvaluationOTMePG4GoodsTest" time="362.998" classname="com.E_GP.QA.BidEvaluationIndividual.TestCases.BidEvaluationICTOTMePG4Test"/>
</testsuite> <!-- com.E_GP.QA.BidEvaluationIndividual.TestCases.BidEvaluationICTOTMePG4Test -->
