<?xml version="1.0" encoding="UTF-8"?>
<!-- Generated by org.testng.reporters.JUnitReportReporter -->
<testsuite ignored="0" hostname="DESKTOP-F2GSG3S" failures="0" tests="1" name="com.E_GP.QA.TenderCreate.TestCases.CreateTenderPGDPMGoodsTest" time="98.291" errors="0" timestamp="22 Nov 2021 05:07:04 GMT" skipped="0">
  <testcase classname="com.E_GP.QA.TenderCreate.TestCases.CreateTenderPGDPMGoodsTest" name="CreatNewTenderDPMGoods" time="98.291"/>
</testsuite> <!-- com.E_GP.QA.TenderCreate.TestCases.CreateTenderPGDPMGoodsTest -->
