<?xml version="1.0" encoding="UTF-8"?>
<!-- Generated by org.testng.reporters.JUnitReportReporter -->
<testsuite ignored="0" hostname="DESKTOP-F2GSG3S" failures="0" tests="3" name="com.E_GP.QA.BidSubmission.TestCases.BidSubmissionOTMePW3DTest" time="860.030" errors="0" timestamp="07 Mar 2022 09:07:29 GMT" skipped="0">
  <testcase classname="com.E_GP.QA.BidSubmission.TestCases.BidSubmissionOTMePW3DTest" name="bidSubmissionOTMePW3DTest" time="286.911"/>
  <testcase classname="com.E_GP.QA.BidSubmission.TestCases.BidSubmissionOTMePW3DTest" name="bidSubmissionOTMePW3DTest" time="285.903"/>
  <testcase classname="com.E_GP.QA.BidSubmission.TestCases.BidSubmissionOTMePW3DTest" name="bidSubmissionOTMePW3DTest" time="287.216"/>
</testsuite> <!-- com.E_GP.QA.BidSubmission.TestCases.BidSubmissionOTMePW3DTest -->
