<?xml version="1.0" encoding="UTF-8"?>
<!-- Generated by org.testng.reporters.JUnitReportReporter -->
<testsuite skipped="0" hostname="Billah-Automation-Laptop" name="com.E_GP.QA.TestCases.CreateTenderOSTETMePW3AWorksTest" tests="1" failures="0" timestamp="26 Dec 2018 05:22:05 GMT" time="269.403" errors="0">
  <testcase name="OSTETMePW3ATenderWorksCreationTest" time="269.403" classname="com.E_GP.QA.TestCases.CreateTenderOSTETMePW3AWorksTest"/>
</testsuite> <!-- com.E_GP.QA.TestCases.CreateTenderOSTETMePW3AWorksTest -->
