<?xml version="1.0" encoding="UTF-8"?>
<!-- Generated by org.testng.reporters.JUnitReportReporter -->
<testsuite hostname="Billah-Automation-Laptop" name="com.E_GP.QA.BidderDatabase.TestCases.EquipmentsMapTest" tests="1" failures="0" timestamp="13 Sep 2020 05:12:39 GMT" time="44.138" errors="0">
  <testcase name="equipmentsMapTest" time="44.138" classname="com.E_GP.QA.BidderDatabase.TestCases.EquipmentsMapTest"/>
</testsuite> <!-- com.E_GP.QA.BidderDatabase.TestCases.EquipmentsMapTest -->
