<?xml version="1.0" encoding="UTF-8"?>
<!-- Generated by org.testng.reporters.JUnitReportReporter -->
<testsuite ignored="0" hostname="DESKTOP-F2GSG3S" failures="0" tests="1" name="com.E_GP.QA.BidOpening.TestCases.BidOpeningTest" time="180.625" errors="0" timestamp="07 Feb 2022 09:05:14 GMT" skipped="0">
  <testcase classname="com.E_GP.QA.BidOpening.TestCases.BidOpeningTest" name="bidOpeningTest" time="180.625"/>
</testsuite> <!-- com.E_GP.QA.BidOpening.TestCases.BidOpeningTest -->
