<?xml version="1.0" encoding="UTF-8"?>
<!-- Generated by org.testng.reporters.JUnitReportReporter -->
<testsuite skipped="0" hostname="Billah-Automation-Laptop" name="com.E_GP.QA.TestCases.BidOpeningOTMePG3est" tests="1" failures="0" timestamp="24 Dec 2018 08:51:09 GMT" time="234.575" errors="0">
  <testcase name="bidSubmissionOTMePG3GoodsTest" time="234.575" classname="com.E_GP.QA.TestCases.BidOpeningOTMePG3est"/>
</testsuite> <!-- com.E_GP.QA.TestCases.BidOpeningOTMePG3est -->
