<?xml version="1.0" encoding="UTF-8"?>
<!-- Generated by org.testng.reporters.JUnitReportReporter -->
<testsuite ignored="0" hostname="DESKTOP-F2GSG3S" failures="0" tests="1" name="com.E_GP.QA.ApprovedAddPackages.TestCases.ApprovedAppAddNewPackageOTMePG3Test" time="35.387" errors="0" timestamp="19 Jan 2022 10:57:41 GMT" skipped="0">
  <testcase classname="com.E_GP.QA.ApprovedAddPackages.TestCases.ApprovedAppAddNewPackageOTMePG3Test" name="APPOTMePG3WorkCreationTest" time="35.387"/>
</testsuite> <!-- com.E_GP.QA.ApprovedAddPackages.TestCases.ApprovedAppAddNewPackageOTMePG3Test -->
