<?xml version="1.0" encoding="UTF-8"?>
<!-- Generated by org.testng.reporters.JUnitReportReporter -->
<testsuite ignored="0" hostname="DESKTOP-F2GSG3S" failures="0" tests="1" name="com.E_GP.QA.BidEvaluationTeam.TestCases.BidEvaluationDPMePG3Test" time="162.201" errors="0" timestamp="19 Oct 2021 09:10:19 GMT" skipped="0">
  <testcase classname="com.E_GP.QA.BidEvaluationTeam.TestCases.BidEvaluationDPMePG3Test" name="BidEvaluationDPMePG2GoodsTest" time="162.201"/>
</testsuite> <!-- com.E_GP.QA.BidEvaluationTeam.TestCases.BidEvaluationDPMePG3Test -->
