<?xml version="1.0" encoding="UTF-8"?>
<!-- Generated by org.testng.reporters.JUnitReportReporter -->
<testsuite hostname="Billah-Automation-Laptop" name="com.E_GP.QA.BidderDatabase.TestCases.WorkExperiencesMapTest" tests="1" failures="0" timestamp="13 Sep 2020 02:43:34 GMT" time="40.742" errors="0">
  <testcase name="workExperiencesMapTest" time="40.742" classname="com.E_GP.QA.BidderDatabase.TestCases.WorkExperiencesMapTest"/>
</testsuite> <!-- com.E_GP.QA.BidderDatabase.TestCases.WorkExperiencesMapTest -->
