<?xml version="1.0" encoding="UTF-8"?>
<!-- Generated by org.testng.reporters.JUnitReportReporter -->
<testsuite skipped="0" hostname="Billah-Automation-Laptop" name="com.E_GP.QA.AddPackages.TestCases.AppAddNewPackageOTMGoodsTest" tests="1" failures="0" timestamp="28 Mar 2019 05:21:09 GMT" time="88.432" errors="0">
  <testcase name="appRFQCreationTest" time="88.432" classname="com.E_GP.QA.AddPackages.TestCases.AppAddNewPackageOTMGoodsTest"/>
</testsuite> <!-- com.E_GP.QA.AddPackages.TestCases.AppAddNewPackageOTMGoodsTest -->
