<?xml version="1.0" encoding="UTF-8"?>
<!-- Generated by org.testng.reporters.JUnitReportReporter -->
<testsuite skipped="0" hostname="Billah-Automation-Laptop" name="com.E_GP.QA.TestCases.CreateAppOTMGoodsTest" tests="1" failures="0" timestamp="24 Dec 2018 04:31:23 GMT" time="75.560" errors="0">
  <testcase name="appRFQCreationTest" time="75.560" classname="com.E_GP.QA.TestCases.CreateAppOTMGoodsTest"/>
</testsuite> <!-- com.E_GP.QA.TestCases.CreateAppOTMGoodsTest -->
