<?xml version="1.0" encoding="UTF-8"?>
<!-- Generated by org.testng.reporters.JUnitReportReporter -->
<testsuite hostname="Billah-Automation-Laptop" name="com.E_GP.QA.BidEvaluationIndividual.TestCases.BidEvaluationOTMePW3DTest" tests="1" failures="0" timestamp="21 Jan 2021 04:03:08 GMT" time="786.472" errors="0">
  <testcase name="bidEvaluationOTMePW3DWorksTest" time="786.472" classname="com.E_GP.QA.BidEvaluationIndividual.TestCases.BidEvaluationOTMePW3DTest"/>
</testsuite> <!-- com.E_GP.QA.BidEvaluationIndividual.TestCases.BidEvaluationOTMePW3DTest -->
