<?xml version="1.0" encoding="UTF-8"?>
<!-- Generated by org.testng.reporters.JUnitReportReporter -->
<testsuite hostname="Billah-Automation-Laptop" name="com.E_GP.QA.APPCreate.TestCases.CreateAppOTMePWWorkTest" tests="1" failures="0" timestamp="8 Jun 2021 12:19:10 GMT" time="97.332" errors="0">
  <testcase name="appePW3AWorkCreationTest" time="97.332" classname="com.E_GP.QA.APPCreate.TestCases.CreateAppOTMePWWorkTest"/>
</testsuite> <!-- com.E_GP.QA.APPCreate.TestCases.CreateAppOTMePWWorkTest -->
