<?xml version="1.0" encoding="UTF-8"?>
<!-- Generated by org.testng.reporters.JUnitReportReporter -->
<testsuite hostname="Billah-Automation-Laptop" name="com.E_GP.QA.BidEvaluationIndividual.TestCases.BidEvaluationRFQLePW1bTest" tests="1" failures="0" timestamp="7 Feb 2021 06:34:16 GMT" time="503.447" errors="0">
  <testcase name="bidEvaluationOTMePG2GoodsTest" time="503.447" classname="com.E_GP.QA.BidEvaluationIndividual.TestCases.BidEvaluationRFQLePW1bTest"/>
</testsuite> <!-- com.E_GP.QA.BidEvaluationIndividual.TestCases.BidEvaluationRFQLePW1bTest -->
