<?xml version="1.0" encoding="UTF-8"?>
<!-- Generated by org.testng.reporters.JUnitReportReporter -->
<testsuite skipped="0" hostname="Billah-Automation-Laptop" name="com.E_GP.QA.TestCases.TenderSecurityPaymentTest" tests="3" failures="0" timestamp="05 Feb 2019 06:49:32 GMT" time="115.171" errors="0">
  <testcase name="tenderSecurityPaymentTest" time="35.562" classname="com.E_GP.QA.TestCases.TenderSecurityPaymentTest"/>
  <testcase name="tenderSecurityPaymentTest" time="42.273" classname="com.E_GP.QA.TestCases.TenderSecurityPaymentTest"/>
  <testcase name="tenderSecurityPaymentTest" time="37.336" classname="com.E_GP.QA.TestCases.TenderSecurityPaymentTest"/>
</testsuite> <!-- com.E_GP.QA.TestCases.TenderSecurityPaymentTest -->
