<?xml version="1.0" encoding="UTF-8"?>
<!-- Generated by org.testng.reporters.JUnitReportReporter -->
<testsuite name="com.E_GP.QA.AddPackages.TestCases.ApprovedAppAddNewPackageOSTETMWorksTest" tests="1" time="52.179" ignored="0" failures="0" timestamp="13 Nov 2019 11:07:25 GMT" skipped="0" hostname="Billah-Automation-Laptop" errors="0">
  <testcase name="appePW3AWorkCreationTest" time="52.179" classname="com.E_GP.QA.AddPackages.TestCases.ApprovedAppAddNewPackageOSTETMWorksTest"/>
</testsuite> <!-- com.E_GP.QA.AddPackages.TestCases.ApprovedAppAddNewPackageOSTETMWorksTest -->
