<?xml version="1.0" encoding="UTF-8"?>
<!-- Generated by org.testng.reporters.JUnitReportReporter -->
<testsuite ignored="0" hostname="DESKTOP-F2GSG3S" failures="0" tests="1" name="com.E_GP.QA.CMS.TestCases.MeasuremenOfWorksTest" time="351.619" errors="0" timestamp="21 Mar 2022 08:51:53 GMT" skipped="0">
  <testcase classname="com.E_GP.QA.CMS.TestCases.MeasuremenOfWorksTest" name="MeasuremenOfWorksofWorksTest" time="351.619"/>
</testsuite> <!-- com.E_GP.QA.CMS.TestCases.MeasuremenOfWorksTest -->
