<?xml version="1.0" encoding="UTF-8"?>
<!-- Generated by org.testng.reporters.JUnitReportReporter -->
<testsuite ignored="0" hostname="DESKTOP-F2GSG3S" failures="0" tests="1" name="com.E_GP.QA.BidEvaluationTeam.TestCases.BidEvaluationOTMePG3Test" time="420.164" errors="0" timestamp="19 Jan 2022 11:23:17 GMT" skipped="0">
  <testcase classname="com.E_GP.QA.BidEvaluationTeam.TestCases.BidEvaluationOTMePG3Test" name="BidEvaluationOTMePG3GoodsTest" time="420.164"/>
</testsuite> <!-- com.E_GP.QA.BidEvaluationTeam.TestCases.BidEvaluationOTMePG3Test -->
