<?xml version="1.0" encoding="UTF-8"?>
<!-- Generated by org.testng.reporters.JUnitReportReporter -->
<testsuite skipped="0" hostname="Billah-Automation-Laptop" name="com.E_GP.QA.TestCases.AppAddNewPackageLTMGoodsTest" tests="1" failures="0" timestamp="13 Feb 2019 10:55:54 GMT" time="91.859" errors="0">
  <testcase name="appRFQCreationTest" time="91.859" classname="com.E_GP.QA.TestCases.AppAddNewPackageLTMGoodsTest"/>
</testsuite> <!-- com.E_GP.QA.TestCases.AppAddNewPackageLTMGoodsTest -->
