<?xml version="1.0" encoding="UTF-8"?>
<!-- Generated by org.testng.reporters.JUnitReportReporter -->
<testsuite ignored="0" hostname="DESKTOP-F2GSG3S" failures="0" tests="1" name="com.E_GP.QA.TenderCreate.TestCases.CreateTenderOTMePG3GoodsTest" time="102.445" errors="0" timestamp="19 Jan 2022 10:59:24 GMT" skipped="0">
  <testcase classname="com.E_GP.QA.TenderCreate.TestCases.CreateTenderOTMePG3GoodsTest" name="CreateGoodsTenderOTMePG3Test" time="102.445"/>
</testsuite> <!-- com.E_GP.QA.TenderCreate.TestCases.CreateTenderOTMePG3GoodsTest -->
