<?xml version="1.0" encoding="UTF-8"?>
<!-- Generated by org.testng.reporters.JUnitReportReporter -->
<testsuite hostname="Billah-Automation-Laptop" name="com.E_GP.QA.ReEvaluation.TestCases.ReEvaluationOTMePG2Test" tests="1" failures="0" timestamp="29 Apr 2021 04:40:30 GMT" time="1099.363" errors="0">
  <testcase name="ReEvaluationOTMePG2GoodsTest" time="1099.363" classname="com.E_GP.QA.ReEvaluation.TestCases.ReEvaluationOTMePG2Test"/>
</testsuite> <!-- com.E_GP.QA.ReEvaluation.TestCases.ReEvaluationOTMePG2Test -->
