<?xml version="1.0" encoding="UTF-8"?>
<!-- Generated by org.testng.reporters.JUnitReportReporter -->
<testsuite ignored="0" hostname="DESKTOP-F2GSG3S" failures="0" tests="1" name="com.E_GP.QA.CMS.TestCases.CreateInterimPhysicalProgressOTMePW3D" time="68.345" errors="0" timestamp="20 Jan 2022 09:53:43 GMT" skipped="0">
  <testcase classname="com.E_GP.QA.CMS.TestCases.CreateInterimPhysicalProgressOTMePW3D" name="CreateInterimPhysicalProgressTest" time="68.345"/>
</testsuite> <!-- com.E_GP.QA.CMS.TestCases.CreateInterimPhysicalProgressOTMePW3D -->
