<?xml version="1.0" encoding="UTF-8"?>
<!-- Generated by org.testng.reporters.JUnitReportReporter -->
<testsuite hostname="Billah-Automation-Laptop" name="com.E_GP.QA.NOA.TestCases.NotificationOfAwardRFQTenderTest" tests="1" failures="0" timestamp="7 Jun 2021 07:19:01 GMT" time="75.017" errors="0">
  <testcase name="notificationOfAwardOTMePG3GoodsTest" time="75.017" classname="com.E_GP.QA.NOA.TestCases.NotificationOfAwardRFQTenderTest"/>
</testsuite> <!-- com.E_GP.QA.NOA.TestCases.NotificationOfAwardRFQTenderTest -->
