<?xml version="1.0" encoding="UTF-8"?>
<!-- Generated by org.testng.reporters.JUnitReportReporter -->
<testsuite skipped="0" hostname="Billah-Automation-Laptop" name="com.E_GP.QA.AddPackages.TestCases.AppAddNewPackageOTMWorksTest" tests="1" failures="0" timestamp="27 Mar 2019 10:04:59 GMT" time="78.952" errors="0">
  <testcase name="appePW3AWorkCreationTest" time="78.952" classname="com.E_GP.QA.AddPackages.TestCases.AppAddNewPackageOTMWorksTest"/>
</testsuite> <!-- com.E_GP.QA.AddPackages.TestCases.AppAddNewPackageOTMWorksTest -->
