<?xml version="1.0" encoding="UTF-8"?>
<!-- Generated by org.testng.reporters.JUnitReportReporter -->
<testsuite ignored="0" hostname="DESKTOP-F2GSG3S" failures="0" tests="1" name="com.E_GP.QA.TenderCreate.TestCases.CreateTenderOTMePW3DWorksTest" time="1.456" errors="1" timestamp="27 Feb 2022 06:03:03 GMT" skipped="0">
  <testcase classname="com.E_GP.QA.TenderCreate.TestCases.CreateTenderOTMePW3DWorksTest" name="OTMePW3DTenderWorksCreationTest" time="1.456">
    <error message="
Data provider mismatch
Method: OTMePW3DTenderWorksCreationTest([Parameter{index=0, type=java.lang.String, declaredAnnotations=[]}, Parameter{index=1, type=java.lang.String, declaredAnnotations=[]}, Parameter{index=2, type=java.lang.String, declaredAnnotations=[]}, Parameter{index=3, type=java.lang.String, declaredAnnotations=[]}, Parameter{index=4, type=java.lang.String, declaredAnnotations=[]}, Parameter{index=5, type=java.lang.String, declaredAnnotations=[]}, Parameter{index=6, type=java.lang.String, declaredAnnotations=[]}, Parameter{index=7, type=java.lang.String, declaredAnnotations=[]}, Parameter{index=8, type=java.lang.String, declaredAnnotations=[]}, Parameter{index=9, type=java.lang.String, declaredAnnotations=[]}, Parameter{index=10, type=java.lang.String, declaredAnnotations=[]}, Parameter{index=11, type=java.lang.String, declaredAnnotations=[]}, Parameter{index=12, type=java.lang.String, declaredAnnotations=[]}, Parameter{index=13, type=java.lang.String, declaredAnnotations=[]}, Parameter{index=14, type=java.lang.String, declaredAnnotations=[]}, Parameter{index=15, type=java.lang.String, declaredAnnotations=[]}, Parameter{index=16, type=java.lang.String, declaredAnnotations=[]}, Parameter{index=17, type=java.lang.String, declaredAnnotations=[]}, Parameter{index=18, type=java.lang.String, declaredAnnotations=[]}, Parameter{index=19, type=java.lang.String, declaredAnnotations=[]}, Parameter{index=20, type=java.lang.String, declaredAnnotations=[]}, Parameter{index=21, type=java.lang.String, declaredAnnotations=[]}, Parameter{index=22, type=java.lang.String, declaredAnnotations=[]}, Parameter{index=23, type=java.lang.String, declaredAnnotations=[]}, Parameter{index=24, type=java.lang.String, declaredAnnotations=[]}, Parameter{index=25, type=java.lang.String, declaredAnnotations=[]}, Parameter{index=26, type=java.lang.String, declaredAnnotations=[]}, Parameter{index=27, type=java.lang.String, declaredAnnotations=[]}, Parameter{index=28, type=java.lang.String, declaredAnnotations=[]}, Parameter{index=29, type=java.lang.String, declaredAnnotations=[]}, Parameter{index=30, type=java.lang.String, declaredAnnotations=[]}, Parameter{index=31, type=java.lang.String, declaredAnnotations=[]}, Parameter{index=32, type=java.lang.String, declaredAnnotations=[]}, Parameter{index=33, type=java.lang.String, declaredAnnotations=[]}, Parameter{index=34, type=java.lang.String, declaredAnnotations=[]}, Parameter{index=35, type=java.lang.String, declaredAnnotations=[]}, Parameter{index=36, type=java.lang.String, declaredAnnotations=[]}, Parameter{index=37, type=java.lang.String, declaredAnnotations=[]}, Parameter{index=38, type=java.lang.String, declaredAnnotations=[]}, Parameter{index=39, type=java.lang.String, declaredAnnotations=[]}, Parameter{index=40, type=java.lang.String, declaredAnnotations=[]}, Parameter{index=41, type=java.lang.String, declaredAnnotations=[]}, Parameter{index=42, type=java.lang.String, declaredAnnotations=[]}, Parameter{index=43, type=java.lang.String, declaredAnnotations=[]}, Parameter{index=44, type=java.lang.String, declaredAnnotations=[]}, Parameter{index=45, type=java.lang.String, declaredAnnotations=[]}, Parameter{index=46, type=java.lang.String, declaredAnnotations=[]}, Parameter{index=47, type=java.lang.String, declaredAnnotations=[]}, Parameter{index=48, type=java.lang.String, declaredAnnotations=[]}, Parameter{index=49, type=java.lang.String, declaredAnnotations=[]}, Parameter{index=50, type=java.lang.String, declaredAnnotations=[]}, Parameter{index=51, type=java.lang.String, declaredAnnotations=[]}, Parameter{index=52, type=java.lang.String, declaredAnnotations=[]}, Parameter{index=53, type=java.lang.String, declaredAnnotations=[]}, Parameter{index=54, type=java.lang.String, declaredAnnotations=[]}, Parameter{index=55, type=java.lang.String, declaredAnnotations=[]}, Parameter{index=56, type=java.lang.String, declaredAnnotations=[]}, Parameter{index=57, type=java.lang.String, declaredAnnotations=[]}, Parameter{index=58, type=java.lang.String, declaredAnnotations=[]}, Parameter{index=59, type=java.lang.String, declaredAnnotations=[]}, Parameter{index=60, type=java.lang.String, declaredAnnotations=[]}, Parameter{index=61, type=java.lang.String, declaredAnnotations=[]}, Parameter{index=62, type=java.lang.String, declaredAnnotations=[]}, Parameter{index=63, type=java.lang.String, declaredAnnotations=[]}, Parameter{index=64, type=java.lang.String, declaredAnnotations=[]}, Parameter{index=65, type=java.lang.String, declaredAnnotations=[]}, Parameter{index=66, type=java.lang.String, declaredAnnotations=[]}, Parameter{index=67, type=java.lang.String, declaredAnnotations=[]}, Parameter{index=68, type=java.lang.String, declaredAnnotations=[]}, Parameter{index=69, type=java.lang.String, declaredAnnotations=[]}, Parameter{index=70, type=java.lang.String, declaredAnnotations=[]}, Parameter{index=71, type=java.lang.String, declaredAnnotations=[]}, Parameter{index=72, type=java.lang.String, declaredAnnotations=[]}, Parameter{index=73, type=java.lang.String, declaredAnnotations=[]}, Parameter{index=74, type=java.lang.String, declaredAnnotations=[]}, Parameter{index=75, type=java.lang.String, declaredAnnotations=[]}, Parameter{index=76, type=java.lang.String, declaredAnnotations=[]}, Parameter{index=77, type=java.lang.String, declaredAnnotations=[]}, Parameter{index=78, type=java.lang.String, declaredAnnotations=[]}, Parameter{index=79, type=java.lang.String, declaredAnnotations=[]}, Parameter{index=80, type=java.lang.String, declaredAnnotations=[]}, Parameter{index=81, type=java.lang.String, declaredAnnotations=[]}, Parameter{index=82, type=java.lang.String, declaredAnnotations=[]}, Parameter{index=83, type=java.lang.String, declaredAnnotations=[]}, Parameter{index=84, type=java.lang.String, declaredAnnotations=[]}, Parameter{index=85, type=java.lang.String, declaredAnnotations=[]}, Parameter{index=86, type=java.lang.String, declaredAnnotations=[]}])
Arguments: [(java.lang.String)ePW3D Tender OTM,(java.lang.String) Eligible for the Tender,(java.lang.String)OTM - ePW3D - 40000000,(java.lang.String)Dhaka,(java.lang.String)Construction 01,(java.lang.String)Construction 02,(java.lang.String)Construction 03,(java.lang.String)Construction Work,(java.lang.String)31263,(java.lang.String)65253,(java.lang.String)7986,(java.lang.String)Road Construction Work,(java.lang.String)Bridge Construction Work,(java.lang.String)FlyOver Construction Work,(java.lang.String)KM,(java.lang.String)100000,(java.lang.String)645,(java.lang.String)646,(java.lang.String)647,(java.lang.String)648,(java.lang.String)649,(java.lang.String)Mobilization of equipment,(java.lang.String)procurement of materials,(java.lang.String)geotechnical investigation,(java.lang.String)Handed over land to Contractor,(java.lang.String)steel fabrication of test pile,(java.lang.String)Mobilization of equipment,(java.lang.String)procurement of materials,(java.lang.String)geotechnical investigation,(java.lang.String)Handed over land to Contractor,(java.lang.String)steel fabrication of test pile,(java.lang.String)20,(java.lang.String)River Training Works,(java.lang.String)60,(java.lang.String)Bangladesh,(java.lang.String)69856,(java.lang.String)60,(java.lang.String)22/9/2022,(java.lang.String)Padma Main Bridge,(java.lang.String)River Training Works,(java.lang.String)Janjira Approach Road &amp; Selected Bridge End Facilities,(java.lang.String)60,(java.lang.String)90,(java.lang.String)120,(java.lang.String)60,(java.lang.String)90,(java.lang.String)120,(java.lang.String)Israel,(java.lang.String)Indonesia,(java.lang.String)Buiid Span ,(java.lang.String)25/9/2022,(java.lang.String)Abdul Monem Ltd,(java.lang.String)Abdul Monem Ltd,(java.lang.String)2000000,(java.lang.String)2000000,(java.lang.String)2000000,(java.lang.String)2000000,(java.lang.String)2000000,(java.lang.String)2000000,(java.lang.String)Build Pillars,(java.lang.String)22/9/2022,(java.lang.String)60,(java.lang.String)60,(java.lang.String)20000000,(java.lang.String)60,(java.lang.String)Failure of the client to provide equipment, plant or materials.,(java.lang.String)Price Adjustment is 0.9,(java.lang.String)5,(java.lang.String)5,(java.lang.String)10,(java.lang.String)20,(java.lang.String)10,(java.lang.String)20,(java.lang.String)10000000,(java.lang.String)22/9/2022,(java.lang.String)10,(java.lang.String)30,(java.lang.String)30,(java.lang.String)10000000,(java.lang.String)10,(java.lang.String)Abdul Monem Ltd,(java.lang.String)Dhaka,(java.lang.String)9123658,(java.lang.String)8596321,(java.lang.String)monem@gmail.com,(java.lang.String)Bangladesh,(java.lang.String)6018,(java.lang.String)40000000,(java.lang.String)5,(java.lang.String)5,(java.lang.String)OtherDocuments,(java.lang.String)4,(java.lang.String)5,(java.lang.String)5,(java.lang.String)5]" type="org.testng.internal.reflect.MethodMatcherException">
      <![CDATA[org.testng.internal.reflect.MethodMatcherException: 
Data provider mismatch
Method: OTMePW3DTenderWorksCreationTest([Parameter{index=0, type=java.lang.String, declaredAnnotations=[]}, Parameter{index=1, type=java.lang.String, declaredAnnotations=[]}, Parameter{index=2, type=java.lang.String, declaredAnnotations=[]}, Parameter{index=3, type=java.lang.String, declaredAnnotations=[]}, Parameter{index=4, type=java.lang.String, declaredAnnotations=[]}, Parameter{index=5, type=java.lang.String, declaredAnnotations=[]}, Parameter{index=6, type=java.lang.String, declaredAnnotations=[]}, Parameter{index=7, type=java.lang.String, declaredAnnotations=[]}, Parameter{index=8, type=java.lang.String, declaredAnnotations=[]}, Parameter{index=9, type=java.lang.String, declaredAnnotations=[]}, Parameter{index=10, type=java.lang.String, declaredAnnotations=[]}, Parameter{index=11, type=java.lang.String, declaredAnnotations=[]}, Parameter{index=12, type=java.lang.String, declaredAnnotations=[]}, Parameter{index=13, type=java.lang.String, declaredAnnotations=[]}, Parameter{index=14, type=java.lang.String, declaredAnnotations=[]}, Parameter{index=15, type=java.lang.String, declaredAnnotations=[]}, Parameter{index=16, type=java.lang.String, declaredAnnotations=[]}, Parameter{index=17, type=java.lang.String, declaredAnnotations=[]}, Parameter{index=18, type=java.lang.String, declaredAnnotations=[]}, Parameter{index=19, type=java.lang.String, declaredAnnotations=[]}, Parameter{index=20, type=java.lang.String, declaredAnnotations=[]}, Parameter{index=21, type=java.lang.String, declaredAnnotations=[]}, Parameter{index=22, type=java.lang.String, declaredAnnotations=[]}, Parameter{index=23, type=java.lang.String, declaredAnnotations=[]}, Parameter{index=24, type=java.lang.String, declaredAnnotations=[]}, Parameter{index=25, type=java.lang.String, declaredAnnotations=[]}, Parameter{index=26, type=java.lang.String, declaredAnnotations=[]}, Parameter{index=27, type=java.lang.String, declaredAnnotations=[]}, Parameter{index=28, type=java.lang.String, declaredAnnotations=[]}, Parameter{index=29, type=java.lang.String, declaredAnnotations=[]}, Parameter{index=30, type=java.lang.String, declaredAnnotations=[]}, Parameter{index=31, type=java.lang.String, declaredAnnotations=[]}, Parameter{index=32, type=java.lang.String, declaredAnnotations=[]}, Parameter{index=33, type=java.lang.String, declaredAnnotations=[]}, Parameter{index=34, type=java.lang.String, declaredAnnotations=[]}, Parameter{index=35, type=java.lang.String, declaredAnnotations=[]}, Parameter{index=36, type=java.lang.String, declaredAnnotations=[]}, Parameter{index=37, type=java.lang.String, declaredAnnotations=[]}, Parameter{index=38, type=java.lang.String, declaredAnnotations=[]}, Parameter{index=39, type=java.lang.String, declaredAnnotations=[]}, Parameter{index=40, type=java.lang.String, declaredAnnotations=[]}, Parameter{index=41, type=java.lang.String, declaredAnnotations=[]}, Parameter{index=42, type=java.lang.String, declaredAnnotations=[]}, Parameter{index=43, type=java.lang.String, declaredAnnotations=[]}, Parameter{index=44, type=java.lang.String, declaredAnnotations=[]}, Parameter{index=45, type=java.lang.String, declaredAnnotations=[]}, Parameter{index=46, type=java.lang.String, declaredAnnotations=[]}, Parameter{index=47, type=java.lang.String, declaredAnnotations=[]}, Parameter{index=48, type=java.lang.String, declaredAnnotations=[]}, Parameter{index=49, type=java.lang.String, declaredAnnotations=[]}, Parameter{index=50, type=java.lang.String, declaredAnnotations=[]}, Parameter{index=51, type=java.lang.String, declaredAnnotations=[]}, Parameter{index=52, type=java.lang.String, declaredAnnotations=[]}, Parameter{index=53, type=java.lang.String, declaredAnnotations=[]}, Parameter{index=54, type=java.lang.String, declaredAnnotations=[]}, Parameter{index=55, type=java.lang.String, declaredAnnotations=[]}, Parameter{index=56, type=java.lang.String, declaredAnnotations=[]}, Parameter{index=57, type=java.lang.String, declaredAnnotations=[]}, Parameter{index=58, type=java.lang.String, declaredAnnotations=[]}, Parameter{index=59, type=java.lang.String, declaredAnnotations=[]}, Parameter{index=60, type=java.lang.String, declaredAnnotations=[]}, Parameter{index=61, type=java.lang.String, declaredAnnotations=[]}, Parameter{index=62, type=java.lang.String, declaredAnnotations=[]}, Parameter{index=63, type=java.lang.String, declaredAnnotations=[]}, Parameter{index=64, type=java.lang.String, declaredAnnotations=[]}, Parameter{index=65, type=java.lang.String, declaredAnnotations=[]}, Parameter{index=66, type=java.lang.String, declaredAnnotations=[]}, Parameter{index=67, type=java.lang.String, declaredAnnotations=[]}, Parameter{index=68, type=java.lang.String, declaredAnnotations=[]}, Parameter{index=69, type=java.lang.String, declaredAnnotations=[]}, Parameter{index=70, type=java.lang.String, declaredAnnotations=[]}, Parameter{index=71, type=java.lang.String, declaredAnnotations=[]}, Parameter{index=72, type=java.lang.String, declaredAnnotations=[]}, Parameter{index=73, type=java.lang.String, declaredAnnotations=[]}, Parameter{index=74, type=java.lang.String, declaredAnnotations=[]}, Parameter{index=75, type=java.lang.String, declaredAnnotations=[]}, Parameter{index=76, type=java.lang.String, declaredAnnotations=[]}, Parameter{index=77, type=java.lang.String, declaredAnnotations=[]}, Parameter{index=78, type=java.lang.String, declaredAnnotations=[]}, Parameter{index=79, type=java.lang.String, declaredAnnotations=[]}, Parameter{index=80, type=java.lang.String, declaredAnnotations=[]}, Parameter{index=81, type=java.lang.String, declaredAnnotations=[]}, Parameter{index=82, type=java.lang.String, declaredAnnotations=[]}, Parameter{index=83, type=java.lang.String, declaredAnnotations=[]}, Parameter{index=84, type=java.lang.String, declaredAnnotations=[]}, Parameter{index=85, type=java.lang.String, declaredAnnotations=[]}, Parameter{index=86, type=java.lang.String, declaredAnnotations=[]}])
Arguments: [(java.lang.String)ePW3D Tender OTM,(java.lang.String) Eligible for the Tender,(java.lang.String)OTM - ePW3D - 40000000,(java.lang.String)Dhaka,(java.lang.String)Construction 01,(java.lang.String)Construction 02,(java.lang.String)Construction 03,(java.lang.String)Construction Work,(java.lang.String)31263,(java.lang.String)65253,(java.lang.String)7986,(java.lang.String)Road Construction Work,(java.lang.String)Bridge Construction Work,(java.lang.String)FlyOver Construction Work,(java.lang.String)KM,(java.lang.String)100000,(java.lang.String)645,(java.lang.String)646,(java.lang.String)647,(java.lang.String)648,(java.lang.String)649,(java.lang.String)Mobilization of equipment,(java.lang.String)procurement of materials,(java.lang.String)geotechnical investigation,(java.lang.String)Handed over land to Contractor,(java.lang.String)steel fabrication of test pile,(java.lang.String)Mobilization of equipment,(java.lang.String)procurement of materials,(java.lang.String)geotechnical investigation,(java.lang.String)Handed over land to Contractor,(java.lang.String)steel fabrication of test pile,(java.lang.String)20,(java.lang.String)River Training Works,(java.lang.String)60,(java.lang.String)Bangladesh,(java.lang.String)69856,(java.lang.String)60,(java.lang.String)22/9/2022,(java.lang.String)Padma Main Bridge,(java.lang.String)River Training Works,(java.lang.String)Janjira Approach Road & Selected Bridge End Facilities,(java.lang.String)60,(java.lang.String)90,(java.lang.String)120,(java.lang.String)60,(java.lang.String)90,(java.lang.String)120,(java.lang.String)Israel,(java.lang.String)Indonesia,(java.lang.String)Buiid Span ,(java.lang.String)25/9/2022,(java.lang.String)Abdul Monem Ltd,(java.lang.String)Abdul Monem Ltd,(java.lang.String)2000000,(java.lang.String)2000000,(java.lang.String)2000000,(java.lang.String)2000000,(java.lang.String)2000000,(java.lang.String)2000000,(java.lang.String)Build Pillars,(java.lang.String)22/9/2022,(java.lang.String)60,(java.lang.String)60,(java.lang.String)20000000,(java.lang.String)60,(java.lang.String)Failure of the client to provide equipment, plant or materials.,(java.lang.String)Price Adjustment is 0.9,(java.lang.String)5,(java.lang.String)5,(java.lang.String)10,(java.lang.String)20,(java.lang.String)10,(java.lang.String)20,(java.lang.String)10000000,(java.lang.String)22/9/2022,(java.lang.String)10,(java.lang.String)30,(java.lang.String)30,(java.lang.String)10000000,(java.lang.String)10,(java.lang.String)Abdul Monem Ltd,(java.lang.String)Dhaka,(java.lang.String)9123658,(java.lang.String)8596321,(java.lang.String)monem@gmail.com,(java.lang.String)Bangladesh,(java.lang.String)6018,(java.lang.String)40000000,(java.lang.String)5,(java.lang.String)5,(java.lang.String)OtherDocuments,(java.lang.String)4,(java.lang.String)5,(java.lang.String)5,(java.lang.String)5]
	at org.testng.internal.reflect.DataProviderMethodMatcher.getConformingArguments(DataProviderMethodMatcher.java:52)
	at org.testng.internal.Invoker.injectParameters(Invoker.java:1278)
	at org.testng.internal.Invoker.invokeTestMethods(Invoker.java:1171)
	at org.testng.internal.TestMethodWorker.invokeTestMethods(TestMethodWorker.java:129)
	at org.testng.internal.TestMethodWorker.run(TestMethodWorker.java:112)
	at org.testng.TestRunner.privateRun(TestRunner.java:756)
	at org.testng.TestRunner.run(TestRunner.java:610)
	at org.testng.SuiteRunner.runTest(SuiteRunner.java:387)
	at org.testng.SuiteRunner.runSequentially(SuiteRunner.java:382)
	at org.testng.SuiteRunner.privateRun(SuiteRunner.java:340)
	at org.testng.SuiteRunner.run(SuiteRunner.java:289)
	at org.testng.SuiteRunnerWorker.runSuite(SuiteRunnerWorker.java:52)
	at org.testng.SuiteRunnerWorker.run(SuiteRunnerWorker.java:86)
	at org.testng.TestNG.runSuitesSequentially(TestNG.java:1293)
	at org.testng.TestNG.runSuitesLocally(TestNG.java:1218)
	at org.testng.TestNG.runSuites(TestNG.java:1133)
	at org.testng.TestNG.run(TestNG.java:1104)
	at org.testng.remote.AbstractRemoteTestNG.run(AbstractRemoteTestNG.java:115)
	at org.testng.remote.RemoteTestNG.initAndRun(RemoteTestNG.java:251)
	at org.testng.remote.RemoteTestNG.main(RemoteTestNG.java:77)
]]>
    </error>
  </testcase> <!-- OTMePW3DTenderWorksCreationTest -->
</testsuite> <!-- com.E_GP.QA.TenderCreate.TestCases.CreateTenderOTMePW3DWorksTest -->
