<?xml version="1.0" encoding="UTF-8"?>
<!-- Generated by org.testng.reporters.JUnitReportReporter -->
<testsuite ignored="0" hostname="DESKTOP-F2GSG3S" failures="0" tests="3" name="com.E_GP.QA.Payment.TestCases.TenderSecurityPaymentTest" time="121.211" errors="0" timestamp="26 Jan 2022 08:56:47 GMT" skipped="0">
  <testcase classname="com.E_GP.QA.Payment.TestCases.TenderSecurityPaymentTest" name="tenderSecurityPaymentTest" time="43.109"/>
  <testcase classname="com.E_GP.QA.Payment.TestCases.TenderSecurityPaymentTest" name="tenderSecurityPaymentTest" time="33.921"/>
  <testcase classname="com.E_GP.QA.Payment.TestCases.TenderSecurityPaymentTest" name="tenderSecurityPaymentTest" time="44.181"/>
</testsuite> <!-- com.E_GP.QA.Payment.TestCases.TenderSecurityPaymentTest -->
