<?xml version="1.0" encoding="UTF-8"?>
<!-- Generated by org.testng.reporters.JUnitReportReporter -->
<testsuite hostname="Billah-Automation-Laptop" name="com.E_GP.QA.CMS.TestCases.ViewInterimPhysicalProgressWorksOTMePW3D" tests="1" failures="0" timestamp="18 Nov 2020 04:54:46 GMT" time="46.039" errors="0">
  <testcase name="ViewInterimPhysicalProgressTest" time="46.039" classname="com.E_GP.QA.CMS.TestCases.ViewInterimPhysicalProgressWorksOTMePW3D"/>
</testsuite> <!-- com.E_GP.QA.CMS.TestCases.ViewInterimPhysicalProgressWorksOTMePW3D -->
