<?xml version="1.0" encoding="UTF-8"?>
<!-- Generated by org.testng.reporters.JUnitReportReporter -->
<testsuite hostname="Billah-Automation-Laptop" name="com.E_GP.QA.BidderDatabase.TestCases.AnnualConstructionTurnoverMapTest" tests="1" failures="0" timestamp="5 Oct 2020 17:40:38 GMT" time="45.885" errors="0">
  <testcase name="annualConstructionTurnoverMapTest" time="45.885" classname="com.E_GP.QA.BidderDatabase.TestCases.AnnualConstructionTurnoverMapTest"/>
</testsuite> <!-- com.E_GP.QA.BidderDatabase.TestCases.AnnualConstructionTurnoverMapTest -->
