<?xml version="1.0" encoding="UTF-8"?>
<!-- Generated by org.testng.reporters.JUnitReportReporter -->
<testsuite hostname="Billah-Automation-Laptop" name="com.E_GP.QA.CMS.TestCases.CreateInterimPhysicalProgressWorksOTMePW3D" tests="1" failures="0" timestamp="18 Nov 2020 04:46:45 GMT" time="48.335" errors="0">
  <testcase name="CreateInterimPhysicalProgressTest" time="48.335" classname="com.E_GP.QA.CMS.TestCases.CreateInterimPhysicalProgressWorksOTMePW3D"/>
</testsuite> <!-- com.E_GP.QA.CMS.TestCases.CreateInterimPhysicalProgressWorksOTMePW3D -->
