<?xml version="1.0" encoding="UTF-8"?>
<!-- Generated by org.testng.reporters.JUnitReportReporter -->
<testsuite name="com.E_GP.QA.TestCases.AppLtmWorkTest" tests="1" time="86.005" ignored="0" failures="0" timestamp="23 Sep 2018 09:08:39 GMT" skipped="0" hostname="DESKTOP-OBJLS97" errors="0">
  <testcase name="appCreationReVBgtWorkLtm" time="86.005" classname="com.E_GP.QA.TestCases.AppLtmWorkTest"/>
</testsuite> <!-- com.E_GP.QA.TestCases.AppLtmWorkTest -->
