<?xml version="1.0" encoding="UTF-8"?>
<!-- Generated by org.testng.reporters.JUnitReportReporter -->
<testsuite ignored="0" hostname="DESKTOP-F2GSG3S" failures="0" tests="3" name="com.E_GP.QA.BidderDatabase.TestCases.AwardsCertificatesAffiliationsAddTest" time="46.966" errors="0" timestamp="22 Feb 2022 08:49:20 GMT" skipped="0">
  <testcase classname="com.E_GP.QA.BidderDatabase.TestCases.AwardsCertificatesAffiliationsAddTest" name="awardsCertificatesAffiliationsAddTest" time="17.038"/>
  <testcase classname="com.E_GP.QA.BidderDatabase.TestCases.AwardsCertificatesAffiliationsAddTest" name="awardsCertificatesAffiliationsAddTest" time="16.181"/>
  <testcase classname="com.E_GP.QA.BidderDatabase.TestCases.AwardsCertificatesAffiliationsAddTest" name="awardsCertificatesAffiliationsAddTest" time="13.747"/>
</testsuite> <!-- com.E_GP.QA.BidderDatabase.TestCases.AwardsCertificatesAffiliationsAddTest -->
