<?xml version="1.0" encoding="UTF-8"?>
<!-- Generated by org.testng.reporters.JUnitReportReporter -->
<testsuite skipped="0" hostname="Billah-Automation-Laptop" name="com.E_GP.QA.TestCases.AppAddNewPackageOTMWorksTest" tests="1" failures="0" timestamp="03 Feb 2019 06:38:21 GMT" time="130.227" errors="0">
  <testcase name="appePW3AWorkCreationTest" time="130.227" classname="com.E_GP.QA.TestCases.AppAddNewPackageOTMWorksTest"/>
</testsuite> <!-- com.E_GP.QA.TestCases.AppAddNewPackageOTMWorksTest -->
