<?xml version="1.0" encoding="UTF-8"?>
<!-- Generated by org.testng.reporters.JUnitReportReporter -->
<testsuite hostname="Billah-Automation-Laptop" name="com.E_GP.QA.BidEvaluationIndividual.TestCases.BidEvaluationOTMePW2aTest" tests="1" failures="0" timestamp="24 Jan 2021 09:30:12 GMT" time="712.031" errors="0">
  <testcase name="bidEvaluationOTMePW2aWorksTest" time="712.031" classname="com.E_GP.QA.BidEvaluationIndividual.TestCases.BidEvaluationOTMePW2aTest"/>
</testsuite> <!-- com.E_GP.QA.BidEvaluationIndividual.TestCases.BidEvaluationOTMePW2aTest -->
