<?xml version="1.0" encoding="UTF-8"?>
<!-- Generated by org.testng.reporters.JUnitReportReporter -->
<testsuite ignored="0" hostname="DESKTOP-F2GSG3S" failures="0" tests="1" name="com.E_GP.QA.Payment.TestCases.TenderPaymentReleaseForfeitTest" time="31.229" errors="0" timestamp="16 Jan 2022 09:09:09 GMT" skipped="0">
  <testcase classname="com.E_GP.QA.Payment.TestCases.TenderPaymentReleaseForfeitTest" name="tenderPaymentReleaseForfeitTest" time="31.229"/>
</testsuite> <!-- com.E_GP.QA.Payment.TestCases.TenderPaymentReleaseForfeitTest -->
