<?xml version="1.0" encoding="UTF-8"?>
<!-- Generated by org.testng.reporters.JUnitReportReporter -->
<testsuite ignored="0" hostname="DESKTOP-F2GSG3S" failures="0" tests="1" name="com.E_GP.QA.ApprovedAddPackages.TestCases.ApprovedAppAddNewPackagePGDPMTest" time="42.574" errors="0" timestamp="22 Nov 2021 05:05:04 GMT" skipped="0">
  <testcase classname="com.E_GP.QA.ApprovedAddPackages.TestCases.ApprovedAppAddNewPackagePGDPMTest" name="APPDPMePG2CreationTest" time="42.574"/>
</testsuite> <!-- com.E_GP.QA.ApprovedAddPackages.TestCases.ApprovedAppAddNewPackagePGDPMTest -->
