<?xml version="1.0" encoding="UTF-8"?>
<!-- Generated by org.testng.reporters.JUnitReportReporter -->
<testsuite hostname="Billah-Automation-Laptop" name="com.E_GP.QA.TenderCreate.TestCases.CreateTenderRFQLePW1bWorksTest" tests="1" failures="0" timestamp="1 Sep 2020 10:35:03 GMT" time="156.731" errors="0">
  <testcase name="RFQTenderWorksCreationTest" time="156.731" classname="com.E_GP.QA.TenderCreate.TestCases.CreateTenderRFQLePW1bWorksTest"/>
</testsuite> <!-- com.E_GP.QA.TenderCreate.TestCases.CreateTenderRFQLePW1bWorksTest -->
