<?xml version="1.0" encoding="UTF-8"?>
<!-- Generated by org.testng.reporters.JUnitReportReporter -->
<testsuite hostname="Billah-Automation-Laptop" name="com.E_GP.QA.CMS.TestCases.PaymentOTMePW3DTest" tests="1" failures="0" timestamp="8 Sep 2021 06:20:10 GMT" time="184.044" errors="0">
  <testcase name="PaymentTest" time="184.044" classname="com.E_GP.QA.CMS.TestCases.PaymentOTMePW3DTest"/>
</testsuite> <!-- com.E_GP.QA.CMS.TestCases.PaymentOTMePW3DTest -->
