<?xml version="1.0" encoding="UTF-8"?>
<!-- Generated by org.testng.reporters.JUnitReportReporter -->
<testsuite ignored="0" hostname="DESKTOP-F2GSG3S" failures="0" tests="1" name="com.E_GP.QA.ContractSigning.TestCases.ContractSigningTest" time="51.965" errors="0" timestamp="13 Mar 2022 09:27:40 GMT" skipped="0">
  <testcase classname="com.E_GP.QA.ContractSigning.TestCases.ContractSigningTest" name="contractSigningTest" time="51.965"/>
</testsuite> <!-- com.E_GP.QA.ContractSigning.TestCases.ContractSigningTest -->
