<?xml version="1.0" encoding="UTF-8"?>
<!-- Generated by org.testng.reporters.JUnitReportReporter -->
<testsuite hostname="Billah-Automation-Laptop" name="com.E_GP.QA.BidEvaluationTeam.TestCases.BidEvaluationLTMePG2Test" tests="1" failures="0" timestamp="10 Mar 2021 10:03:42 GMT" time="476.737" errors="0">
  <testcase name="BidEvaluationOTMePG2GoodsTest" time="476.737" classname="com.E_GP.QA.BidEvaluationTeam.TestCases.BidEvaluationLTMePG2Test"/>
</testsuite> <!-- com.E_GP.QA.BidEvaluationTeam.TestCases.BidEvaluationLTMePG2Test -->
