<?xml version="1.0" encoding="UTF-8"?>
<!-- Generated by org.testng.reporters.JUnitReportReporter -->
<testsuite ignored="0" hostname="DESKTOP-F2GSG3S" failures="0" tests="1" name="com.E_GP.QA.TenderCreate.TestCases.CreateTenderDPMePG3GoodsTest" time="112.425" errors="0" timestamp="03 Oct 2021 05:13:00 GMT" skipped="0">
  <testcase classname="com.E_GP.QA.TenderCreate.TestCases.CreateTenderDPMePG3GoodsTest" name="CreatNewTenderDPMePG2Goods" time="112.425"/>
</testsuite> <!-- com.E_GP.QA.TenderCreate.TestCases.CreateTenderDPMePG3GoodsTest -->
