<?xml version="1.0" encoding="UTF-8"?>
<!-- Generated by org.testng.reporters.JUnitReportReporter -->
<testsuite ignored="0" hostname="DESKTOP-F2GSG3S" failures="0" tests="1" name="com.E_GP.QA.TenderCreate.TestCases.CreateTenderOTMePW3CMSWorksTest" time="131.183" errors="0" timestamp="01 Feb 2022 09:20:45 GMT" skipped="0">
  <testcase classname="com.E_GP.QA.TenderCreate.TestCases.CreateTenderOTMePW3CMSWorksTest" name="OTMePW3TenderWorksCreationTest" time="131.183"/>
</testsuite> <!-- com.E_GP.QA.TenderCreate.TestCases.CreateTenderOTMePW3CMSWorksTest -->
