<?xml version="1.0" encoding="UTF-8"?>
<!-- Generated by org.testng.reporters.JUnitReportReporter -->
<testsuite hostname="Billah-Automation-Laptop" name="com.E_GP.QA.BidEvaluationTeam.TestCases.BidEvaluationOSTETMePW3ATest" tests="1" failures="0" timestamp="26 Apr 2021 11:31:39 GMT" time="319.557" errors="0">
  <testcase name="BidEvaluationOSTETMePW3AWorksTest" time="319.557" classname="com.E_GP.QA.BidEvaluationTeam.TestCases.BidEvaluationOSTETMePW3ATest"/>
</testsuite> <!-- com.E_GP.QA.BidEvaluationTeam.TestCases.BidEvaluationOSTETMePW3ATest -->
