<?xml version="1.0" encoding="UTF-8"?>
<!-- Generated by org.testng.reporters.JUnitReportReporter -->
<testsuite ignored="0" hostname="DESKTOP-F2GSG3S" failures="0" tests="1" name="com.E_GP.QA.NOA.TestCases.NotificationOfAwardServiceProposalTest" time="83.581" errors="0" timestamp="14 Sep 2021 06:54:04 GMT" skipped="0">
  <testcase classname="com.E_GP.QA.NOA.TestCases.NotificationOfAwardServiceProposalTest" name="notificationOfAwardOTMePG3GoodsTest" time="83.581"/>
</testsuite> <!-- com.E_GP.QA.NOA.TestCases.NotificationOfAwardServiceProposalTest -->
