<?xml version="1.0" encoding="UTF-8"?>
<!-- Generated by org.testng.reporters.JUnitReportReporter -->
<testsuite name="com.E_GP.QA.ApprovedAddPackages.TestCases.ApprovedAppAddNewPackageRFQLePW1Test" tests="1" time="47.637" ignored="0" failures="0" timestamp="18 Nov 2019 11:14:03 GMT" skipped="0" hostname="Billah-Automation-Laptop" errors="0">
  <testcase name="APPLTMWorkCreationTest" time="47.637" classname="com.E_GP.QA.ApprovedAddPackages.TestCases.ApprovedAppAddNewPackageRFQLePW1Test"/>
</testsuite> <!-- com.E_GP.QA.ApprovedAddPackages.TestCases.ApprovedAppAddNewPackageRFQLePW1Test -->
