<?xml version="1.0" encoding="UTF-8"?>
<!-- Generated by org.testng.reporters.JUnitReportReporter -->
<testsuite hostname="Billah-Automation-Laptop" name="com.E_GP.QA.TenderCreate.TestCases.CreateProposalREOIServiceTest" tests="1" failures="0" timestamp="7 Jul 2021 04:27:35 GMT" time="139.979" errors="0">
  <testcase name="CreatNewProposalREOIServices" time="139.979" classname="com.E_GP.QA.TenderCreate.TestCases.CreateProposalREOIServiceTest"/>
</testsuite> <!-- com.E_GP.QA.TenderCreate.TestCases.CreateProposalREOIServiceTest -->
