<?xml version="1.0" encoding="UTF-8"?>
<!-- Generated by org.testng.reporters.JUnitReportReporter -->
<testsuite ignored="0" hostname="Shimul-Billah" failures="0" tests="1" name="com.E_GP.QA.APPCreate.TestCases.CreateAppOSTETMePW3ATest" time="0.000" errors="0" timestamp="22 Dec 2022 16:04:03 GMT" skipped="1">
  <testcase classname="com.E_GP.QA.APPCreate.TestCases.CreateAppOSTETMePW3ATest" name="appePW3AWorkCreationTest" time="0.000">
    <skipped/>
  </testcase> <!-- appePW3AWorkCreationTest -->
</testsuite> <!-- com.E_GP.QA.APPCreate.TestCases.CreateAppOSTETMePW3ATest -->
