<?xml version="1.0" encoding="UTF-8"?>
<!-- Generated by org.testng.reporters.JUnitReportReporter -->
<testsuite hostname="Billah-Automation-Laptop" name="com.E_GP.QA.BidOpening.TestCases.BidOpeningServiceTest" tests="1" failures="0" timestamp="1 Sep 2021 10:31:43 GMT" time="106.355" errors="0">
  <testcase name="bidOpeningServiceTest" time="106.355" classname="com.E_GP.QA.BidOpening.TestCases.BidOpeningServiceTest"/>
</testsuite> <!-- com.E_GP.QA.BidOpening.TestCases.BidOpeningServiceTest -->
