<?xml version="1.0" encoding="UTF-8"?>
<!-- Generated by org.testng.reporters.JUnitReportReporter -->
<testsuite name="com.E_GP.QA.TestCases.CreateTenderRFQTest" tests="1" time="378.729" ignored="0" failures="0" timestamp="09 Aug 2018 12:45:42 GMT" skipped="0" hostname="DESKTOP-OBJLS97" errors="0">
  <testcase name="RFQTenderWorksCreationTest" time="378.729" classname="com.E_GP.QA.TestCases.CreateTenderRFQTest"/>
</testsuite> <!-- com.E_GP.QA.TestCases.CreateTenderRFQTest -->
