<?xml version="1.0" encoding="UTF-8"?>
<!-- Generated by org.testng.reporters.JUnitReportReporter -->
<testsuite hostname="Billah-Automation-Laptop" name="com.E_GP.QA.BidderDatabase.TestCases.PaymentCertificateAddBidderManualTest" tests="1" failures="0" timestamp="13 Sep 2020 02:35:15 GMT" time="68.122" errors="0">
  <testcase name="paymentCertificateAddBidderManualTest" time="68.122" classname="com.E_GP.QA.BidderDatabase.TestCases.PaymentCertificateAddBidderManualTest"/>
</testsuite> <!-- com.E_GP.QA.BidderDatabase.TestCases.PaymentCertificateAddBidderManualTest -->
