<?xml version="1.0" encoding="UTF-8"?>
<!-- Generated by org.testng.reporters.JUnitReportReporter -->
<testsuite skipped="0" hostname="Billah-Automation-Laptop" name="com.E_GP.QA.BidEvaluation.TestCases.BidEvaluationOSTETMePW3ATest" tests="1" failures="0" timestamp="05 May 2019 08:40:10 GMT" time="466.982" errors="0">
  <testcase name="bidEvaluationOSTETMePW3AWorksTest" time="466.982" classname="com.E_GP.QA.BidEvaluation.TestCases.BidEvaluationOSTETMePW3ATest"/>
</testsuite> <!-- com.E_GP.QA.BidEvaluation.TestCases.BidEvaluationOSTETMePW3ATest -->
